{"C:\\Users\\Nihal\\OneDrive\\Desktop\\e-GRCP\\e-grcp\\src\\App.jsx": {"path":"C:\\Users\\Nihal\\OneDrive\\Desktop\\e-GRCP\\e-grcp\\src\\App.jsx","statementMap":{"0":{"start":{"line":10,"column":19},"end":{"line":10,"column":36}},"1":{"start":{"line":12,"column":16},"end":{"line":12,"column":53}},"2":{"start":{"line":12,"column":30},"end":{"line":12,"column":44}},"3":{"start":{"line":14,"column":2},"end":{"line":20,"column":4}}},"fnMap":{"0":{"name":"App","decl":{"start":{"line":9,"column":9},"end":{"line":9,"column":12}},"loc":{"start":{"line":9,"column":15},"end":{"line":21,"column":1}},"line":9},"1":{"name":"(anonymous_1)","decl":{"start":{"line":12,"column":24},"end":{"line":12,"column":25}},"loc":{"start":{"line":12,"column":30},"end":{"line":12,"column":44}},"line":12}},"branchMap":{},"s":{"0":0,"1":0,"2":0,"3":0},"f":{"0":0,"1":0},"b":{}}
,"C:\\Users\\Nihal\\OneDrive\\Desktop\\e-GRCP\\e-grcp\\src\\components\\approval\\ApprovalQueueTabs.jsx": {"path":"C:\\Users\\Nihal\\OneDrive\\Desktop\\e-GRCP\\e-grcp\\src\\components\\approval\\ApprovalQueueTabs.jsx","statementMap":{"0":{"start":{"line":13,"column":15},"end":{"line":34,"column":3}},"1":{"start":{"line":36,"column":2},"end":{"line":71,"column":4}},"2":{"start":{"line":49,"column":10},"end":{"line":49,"column":21}},"3":{"start":{"line":54,"column":10},"end":{"line":67,"column":12}}},"fnMap":{"0":{"name":"ApprovalQueueTabs","decl":{"start":{"line":8,"column":9},"end":{"line":8,"column":26}},"loc":{"start":{"line":12,"column":3},"end":{"line":72,"column":1}},"line":12},"1":{"name":"(anonymous_1)","decl":{"start":{"line":48,"column":18},"end":{"line":48,"column":19}},"loc":{"start":{"line":49,"column":10},"end":{"line":49,"column":21}},"line":49},"2":{"name":"(anonymous_2)","decl":{"start":{"line":53,"column":18},"end":{"line":53,"column":19}},"loc":{"start":{"line":54,"column":10},"end":{"line":67,"column":12}},"line":54}},"branchMap":{},"s":{"0":0,"1":0,"2":0,"3":0},"f":{"0":0,"1":0,"2":0},"b":{}}
,"C:\\Users\\Nihal\\OneDrive\\Desktop\\e-GRCP\\e-grcp\\src\\components\\approval\\ApprovalStatCard.jsx": {"path":"C:\\Users\\Nihal\\OneDrive\\Desktop\\e-GRCP\\e-grcp\\src\\components\\approval\\ApprovalStatCard.jsx","statementMap":{"0":{"start":{"line":14,"column":2},"end":{"line":78,"column":4}}},"fnMap":{"0":{"name":"ApprovalStatCard","decl":{"start":{"line":8,"column":9},"end":{"line":8,"column":25}},"loc":{"start":{"line":13,"column":3},"end":{"line":79,"column":1}},"line":13}},"branchMap":{},"s":{"0":0},"f":{"0":0},"b":{}}
,"C:\\Users\\Nihal\\OneDrive\\Desktop\\e-GRCP\\e-grcp\\src\\components\\approval\\ApprovalTable.jsx": {"path":"C:\\Users\\Nihal\\OneDrive\\Desktop\\e-GRCP\\e-grcp\\src\\components\\approval\\ApprovalTable.jsx","statementMap":{"0":{"start":{"line":53,"column":4},"end":{"line":53,"column":15}},"1":{"start":{"line":56,"column":4},"end":{"line":56,"column":15}},"2":{"start":{"line":59,"column":4},"end":{"line":59,"column":21}},"3":{"start":{"line":62,"column":4},"end":{"line":62,"column":19}},"4":{"start":{"line":65,"column":4},"end":{"line":65,"column":18}},"5":{"start":{"line":68,"column":4},"end":{"line":68,"column":19}},"6":{"start":{"line":71,"column":4},"end":{"line":71,"column":19}},"7":{"start":{"line":74,"column":4},"end":{"line":74,"column":19}},"8":{"start":{"line":77,"column":4},"end":{"line":77,"column":19}},"9":{"start":{"line":80,"column":4},"end":{"line":80,"column":19}},"10":{"start":{"line":83,"column":4},"end":{"line":83,"column":18}},"11":{"start":{"line":86,"column":4},"end":{"line":86,"column":19}},"12":{"start":{"line":89,"column":4},"end":{"line":89,"column":16}},"13":{"start":{"line":91,"column":21},"end":{"line":103,"column":3}},"14":{"start":{"line":94,"column":6},"end":{"line":95,"column":21}},"15":{"start":{"line":97,"column":4},"end":{"line":99,"column":6}},"16":{"start":{"line":101,"column":4},"end":{"line":101,"column":25}},"17":{"start":{"line":105,"column":21},"end":{"line":135,"column":4}},"18":{"start":{"line":107,"column":4},"end":{"line":129,"column":7}},"19":{"start":{"line":109,"column":14},"end":{"line":109,"column":24}},"20":{"start":{"line":110,"column":14},"end":{"line":110,"column":24}},"21":{"start":{"line":112,"column":6},"end":{"line":115,"column":7}},"22":{"start":{"line":113,"column":8},"end":{"line":113,"column":28}},"23":{"start":{"line":114,"column":8},"end":{"line":114,"column":28}},"24":{"start":{"line":117,"column":6},"end":{"line":120,"column":14}},"25":{"start":{"line":118,"column":8},"end":{"line":120,"column":14}},"26":{"start":{"line":122,"column":6},"end":{"line":125,"column":15}},"27":{"start":{"line":123,"column":8},"end":{"line":125,"column":15}},"28":{"start":{"line":127,"column":6},"end":{"line":127,"column":15}},"29":{"start":{"line":137,"column":22},"end":{"line":160,"column":3}},"30":{"start":{"line":141,"column":4},"end":{"line":158,"column":5}},"31":{"start":{"line":144,"column":8},"end":{"line":144,"column":25}},"32":{"start":{"line":147,"column":8},"end":{"line":147,"column":25}},"33":{"start":{"line":150,"column":8},"end":{"line":150,"column":23}},"34":{"start":{"line":153,"column":8},"end":{"line":153,"column":27}},"35":{"start":{"line":156,"column":8},"end":{"line":156,"column":25}},"36":{"start":{"line":162,"column":24},"end":{"line":185,"column":3}},"37":{"start":{"line":166,"column":4},"end":{"line":183,"column":5}},"38":{"start":{"line":169,"column":8},"end":{"line":169,"column":23}},"39":{"start":{"line":172,"column":8},"end":{"line":172,"column":25}},"40":{"start":{"line":175,"column":8},"end":{"line":175,"column":22}},"41":{"start":{"line":178,"column":8},"end":{"line":178,"column":25}},"42":{"start":{"line":181,"column":8},"end":{"line":181,"column":25}},"43":{"start":{"line":187,"column":21},"end":{"line":193,"column":3}},"44":{"start":{"line":189,"column":4},"end":{"line":189,"column":21}},"45":{"start":{"line":191,"column":4},"end":{"line":191,"column":22}},"46":{"start":{"line":195,"column":24},"end":{"line":203,"column":3}},"47":{"start":{"line":199,"column":4},"end":{"line":199,"column":22}},"48":{"start":{"line":201,"column":4},"end":{"line":201,"column":25}},"49":{"start":{"line":205,"column":23},"end":{"line":213,"column":3}},"50":{"start":{"line":209,"column":4},"end":{"line":209,"column":22}},"51":{"start":{"line":211,"column":4},"end":{"line":211,"column":24}},"52":{"start":{"line":215,"column":25},"end":{"line":223,"column":3}},"53":{"start":{"line":219,"column":4},"end":{"line":219,"column":22}},"54":{"start":{"line":221,"column":4},"end":{"line":221,"column":26}},"55":{"start":{"line":225,"column":25},"end":{"line":233,"column":3}},"56":{"start":{"line":229,"column":4},"end":{"line":229,"column":22}},"57":{"start":{"line":231,"column":4},"end":{"line":231,"column":26}},"58":{"start":{"line":235,"column":4},"end":{"line":251,"column":5}},"59":{"start":{"line":237,"column":6},"end":{"line":239,"column":8}},"60":{"start":{"line":241,"column":6},"end":{"line":241,"column":28}},"61":{"start":{"line":243,"column":6},"end":{"line":245,"column":8}},"62":{"start":{"line":247,"column":6},"end":{"line":247,"column":24}},"63":{"start":{"line":249,"column":6},"end":{"line":249,"column":16}},"64":{"start":{"line":254,"column":4},"end":{"line":270,"column":5}},"65":{"start":{"line":256,"column":6},"end":{"line":258,"column":8}},"66":{"start":{"line":260,"column":6},"end":{"line":260,"column":27}},"67":{"start":{"line":262,"column":6},"end":{"line":264,"column":8}},"68":{"start":{"line":266,"column":6},"end":{"line":266,"column":24}},"69":{"start":{"line":268,"column":6},"end":{"line":268,"column":16}},"70":{"start":{"line":273,"column":4},"end":{"line":289,"column":5}},"71":{"start":{"line":275,"column":6},"end":{"line":277,"column":8}},"72":{"start":{"line":279,"column":6},"end":{"line":279,"column":29}},"73":{"start":{"line":281,"column":6},"end":{"line":283,"column":8}},"74":{"start":{"line":285,"column":6},"end":{"line":285,"column":24}},"75":{"start":{"line":287,"column":6},"end":{"line":287,"column":16}},"76":{"start":{"line":292,"column":4},"end":{"line":309,"column":5}},"77":{"start":{"line":294,"column":6},"end":{"line":297,"column":8}},"78":{"start":{"line":299,"column":6},"end":{"line":299,"column":29}},"79":{"start":{"line":301,"column":6},"end":{"line":303,"column":8}},"80":{"start":{"line":305,"column":6},"end":{"line":305,"column":24}},"81":{"start":{"line":307,"column":6},"end":{"line":307,"column":16}},"82":{"start":{"line":311,"column":2},"end":{"line":727,"column":4}},"83":{"start":{"line":340,"column":18},"end":{"line":366,"column":30}},"84":{"start":{"line":353,"column":24},"end":{"line":355,"column":25}},"85":{"start":{"line":390,"column":18},"end":{"line":541,"column":29}},"86":{"start":{"line":457,"column":30},"end":{"line":459,"column":31}},"87":{"start":{"line":474,"column":30},"end":{"line":476,"column":31}},"88":{"start":{"line":491,"column":30},"end":{"line":493,"column":31}},"89":{"start":{"line":508,"column":30},"end":{"line":510,"column":31}},"90":{"start":{"line":525,"column":30},"end":{"line":527,"column":31}},"91":{"start":{"line":567,"column":12},"end":{"line":567,"column":22}},"92":{"start":{"line":572,"column":12},"end":{"line":577,"column":14}},"93":{"start":{"line":578,"column":12},"end":{"line":578,"column":23}},"94":{"start":{"line":584,"column":12},"end":{"line":584,"column":30}},"95":{"start":{"line":662,"column":16},"end":{"line":662,"column":34}},"96":{"start":{"line":675,"column":12},"end":{"line":675,"column":33}},"97":{"start":{"line":683,"column":12},"end":{"line":683,"column":32}},"98":{"start":{"line":691,"column":12},"end":{"line":691,"column":34}},"99":{"start":{"line":701,"column":12},"end":{"line":701,"column":34}},"100":{"start":{"line":712,"column":12},"end":{"line":712,"column":30}}},"fnMap":{"0":{"name":"ApprovalTable","decl":{"start":{"line":47,"column":9},"end":{"line":47,"column":22}},"loc":{"start":{"line":50,"column":3},"end":{"line":729,"column":1}},"line":50},"1":{"name":"(anonymous_1)","decl":{"start":{"line":91,"column":21},"end":{"line":91,"column":22}},"loc":{"start":{"line":91,"column":35},"end":{"line":103,"column":3}},"line":91},"2":{"name":"(anonymous_2)","decl":{"start":{"line":105,"column":29},"end":{"line":105,"column":30}},"loc":{"start":{"line":105,"column":35},"end":{"line":131,"column":3}},"line":105},"3":{"name":"(anonymous_3)","decl":{"start":{"line":107,"column":26},"end":{"line":107,"column":27}},"loc":{"start":{"line":107,"column":36},"end":{"line":129,"column":5}},"line":107},"4":{"name":"(anonymous_4)","decl":{"start":{"line":137,"column":22},"end":{"line":137,"column":23}},"loc":{"start":{"line":139,"column":7},"end":{"line":160,"column":3}},"line":139},"5":{"name":"(anonymous_5)","decl":{"start":{"line":162,"column":24},"end":{"line":162,"column":25}},"loc":{"start":{"line":164,"column":7},"end":{"line":185,"column":3}},"line":164},"6":{"name":"(anonymous_6)","decl":{"start":{"line":187,"column":21},"end":{"line":187,"column":22}},"loc":{"start":{"line":187,"column":30},"end":{"line":193,"column":3}},"line":187},"7":{"name":"(anonymous_7)","decl":{"start":{"line":195,"column":24},"end":{"line":195,"column":25}},"loc":{"start":{"line":197,"column":7},"end":{"line":203,"column":3}},"line":197},"8":{"name":"(anonymous_8)","decl":{"start":{"line":205,"column":23},"end":{"line":205,"column":24}},"loc":{"start":{"line":207,"column":7},"end":{"line":213,"column":3}},"line":207},"9":{"name":"(anonymous_9)","decl":{"start":{"line":215,"column":25},"end":{"line":215,"column":26}},"loc":{"start":{"line":217,"column":7},"end":{"line":223,"column":3}},"line":217},"10":{"name":"(anonymous_10)","decl":{"start":{"line":225,"column":25},"end":{"line":225,"column":26}},"loc":{"start":{"line":227,"column":7},"end":{"line":233,"column":3}},"line":227},"11":{"name":"(anonymous_11)","decl":{"start":{"line":235,"column":4},"end":{"line":235,"column":5}},"loc":{"start":{"line":235,"column":16},"end":{"line":251,"column":5}},"line":235},"12":{"name":"(anonymous_12)","decl":{"start":{"line":254,"column":4},"end":{"line":254,"column":5}},"loc":{"start":{"line":254,"column":16},"end":{"line":270,"column":5}},"line":254},"13":{"name":"(anonymous_13)","decl":{"start":{"line":273,"column":4},"end":{"line":273,"column":5}},"loc":{"start":{"line":273,"column":16},"end":{"line":289,"column":5}},"line":273},"14":{"name":"(anonymous_14)","decl":{"start":{"line":292,"column":4},"end":{"line":292,"column":5}},"loc":{"start":{"line":292,"column":20},"end":{"line":309,"column":5}},"line":292},"15":{"name":"(anonymous_15)","decl":{"start":{"line":338,"column":22},"end":{"line":338,"column":23}},"loc":{"start":{"line":340,"column":18},"end":{"line":366,"column":30}},"line":340},"16":{"name":"(anonymous_16)","decl":{"start":{"line":352,"column":31},"end":{"line":352,"column":32}},"loc":{"start":{"line":353,"column":24},"end":{"line":355,"column":25}},"line":353},"17":{"name":"(anonymous_17)","decl":{"start":{"line":388,"column":21},"end":{"line":388,"column":22}},"loc":{"start":{"line":390,"column":18},"end":{"line":541,"column":29}},"line":390},"18":{"name":"(anonymous_18)","decl":{"start":{"line":456,"column":37},"end":{"line":456,"column":38}},"loc":{"start":{"line":457,"column":30},"end":{"line":459,"column":31}},"line":457},"19":{"name":"(anonymous_19)","decl":{"start":{"line":473,"column":37},"end":{"line":473,"column":38}},"loc":{"start":{"line":474,"column":30},"end":{"line":476,"column":31}},"line":474},"20":{"name":"(anonymous_20)","decl":{"start":{"line":490,"column":37},"end":{"line":490,"column":38}},"loc":{"start":{"line":491,"column":30},"end":{"line":493,"column":31}},"line":491},"21":{"name":"(anonymous_21)","decl":{"start":{"line":507,"column":37},"end":{"line":507,"column":38}},"loc":{"start":{"line":508,"column":30},"end":{"line":510,"column":31}},"line":508},"22":{"name":"(anonymous_22)","decl":{"start":{"line":524,"column":37},"end":{"line":524,"column":38}},"loc":{"start":{"line":525,"column":30},"end":{"line":527,"column":31}},"line":525},"23":{"name":"(anonymous_23)","decl":{"start":{"line":563,"column":24},"end":{"line":563,"column":25}},"loc":{"start":{"line":567,"column":12},"end":{"line":567,"column":22}},"line":567},"24":{"name":"(anonymous_24)","decl":{"start":{"line":569,"column":31},"end":{"line":569,"column":32}},"loc":{"start":{"line":571,"column":15},"end":{"line":579,"column":11}},"line":571},"25":{"name":"(anonymous_25)","decl":{"start":{"line":583,"column":19},"end":{"line":583,"column":20}},"loc":{"start":{"line":584,"column":12},"end":{"line":584,"column":30}},"line":584},"26":{"name":"(anonymous_26)","decl":{"start":{"line":661,"column":23},"end":{"line":661,"column":24}},"loc":{"start":{"line":662,"column":16},"end":{"line":662,"column":34}},"line":662},"27":{"name":"(anonymous_27)","decl":{"start":{"line":674,"column":19},"end":{"line":674,"column":20}},"loc":{"start":{"line":675,"column":12},"end":{"line":675,"column":33}},"line":675},"28":{"name":"(anonymous_28)","decl":{"start":{"line":682,"column":19},"end":{"line":682,"column":20}},"loc":{"start":{"line":683,"column":12},"end":{"line":683,"column":32}},"line":683},"29":{"name":"(anonymous_29)","decl":{"start":{"line":690,"column":19},"end":{"line":690,"column":20}},"loc":{"start":{"line":691,"column":12},"end":{"line":691,"column":34}},"line":691},"30":{"name":"(anonymous_30)","decl":{"start":{"line":700,"column":19},"end":{"line":700,"column":20}},"loc":{"start":{"line":701,"column":12},"end":{"line":701,"column":34}},"line":701},"31":{"name":"(anonymous_31)","decl":{"start":{"line":711,"column":19},"end":{"line":711,"column":20}},"loc":{"start":{"line":712,"column":12},"end":{"line":712,"column":30}},"line":712}},"branchMap":{"0":{"loc":{"start":{"line":94,"column":6},"end":{"line":95,"column":21}},"type":"binary-expr","locations":[{"start":{"line":94,"column":6},"end":{"line":94,"column":26}},{"start":{"line":95,"column":6},"end":{"line":95,"column":21}}],"line":94},"1":{"loc":{"start":{"line":98,"column":6},"end":{"line":98,"column":26}},"type":"cond-expr","locations":[{"start":{"line":98,"column":12},"end":{"line":98,"column":18}},{"start":{"line":98,"column":21},"end":{"line":98,"column":26}}],"line":98},"2":{"loc":{"start":{"line":112,"column":6},"end":{"line":115,"column":7}},"type":"if","locations":[{"start":{"line":112,"column":6},"end":{"line":115,"column":7}},{"start":{},"end":{}}],"line":112},"3":{"loc":{"start":{"line":117,"column":6},"end":{"line":120,"column":14}},"type":"if","locations":[{"start":{"line":117,"column":6},"end":{"line":120,"column":14}},{"start":{},"end":{}}],"line":117},"4":{"loc":{"start":{"line":118,"column":15},"end":{"line":120,"column":13}},"type":"cond-expr","locations":[{"start":{"line":119,"column":12},"end":{"line":119,"column":14}},{"start":{"line":120,"column":12},"end":{"line":120,"column":13}}],"line":118},"5":{"loc":{"start":{"line":122,"column":6},"end":{"line":125,"column":15}},"type":"if","locations":[{"start":{"line":122,"column":6},"end":{"line":125,"column":15}},{"start":{},"end":{}}],"line":122},"6":{"loc":{"start":{"line":123,"column":15},"end":{"line":125,"column":14}},"type":"cond-expr","locations":[{"start":{"line":124,"column":12},"end":{"line":124,"column":13}},{"start":{"line":125,"column":12},"end":{"line":125,"column":14}}],"line":123},"7":{"loc":{"start":{"line":141,"column":4},"end":{"line":158,"column":5}},"type":"switch","locations":[{"start":{"line":143,"column":6},"end":{"line":144,"column":25}},{"start":{"line":146,"column":6},"end":{"line":147,"column":25}},{"start":{"line":149,"column":6},"end":{"line":150,"column":23}},{"start":{"line":152,"column":6},"end":{"line":153,"column":27}},{"start":{"line":155,"column":6},"end":{"line":156,"column":25}}],"line":141},"8":{"loc":{"start":{"line":166,"column":4},"end":{"line":183,"column":5}},"type":"switch","locations":[{"start":{"line":168,"column":6},"end":{"line":169,"column":23}},{"start":{"line":171,"column":6},"end":{"line":172,"column":25}},{"start":{"line":174,"column":6},"end":{"line":175,"column":22}},{"start":{"line":177,"column":6},"end":{"line":178,"column":25}},{"start":{"line":180,"column":6},"end":{"line":181,"column":25}}],"line":166},"9":{"loc":{"start":{"line":595,"column":13},"end":{"line":654,"column":13}},"type":"binary-expr","locations":[{"start":{"line":595,"column":13},"end":{"line":595,"column":21}},{"start":{"line":597,"column":14},"end":{"line":652,"column":21}}],"line":595}},"s":{"0":16,"1":16,"2":16,"3":16,"4":16,"5":16,"6":16,"7":16,"8":16,"9":16,"10":16,"11":16,"12":16,"13":16,"14":7,"15":7,"16":7,"17":16,"18":16,"19":16,"20":16,"21":16,"22":15,"23":15,"24":16,"25":3,"26":13,"27":13,"28":0,"29":16,"30":32,"31":16,"32":16,"33":0,"34":0,"35":0,"36":16,"37":32,"38":0,"39":16,"40":0,"41":16,"42":0,"43":16,"44":0,"45":0,"46":16,"47":0,"48":0,"49":16,"50":0,"51":0,"52":16,"53":0,"54":0,"55":16,"56":0,"57":0,"58":16,"59":0,"60":0,"61":0,"62":0,"63":0,"64":16,"65":0,"66":0,"67":0,"68":0,"69":0,"70":16,"71":0,"72":0,"73":0,"74":0,"75":0,"76":16,"77":0,"78":0,"79":0,"80":0,"81":0,"82":16,"83":112,"84":7,"85":32,"86":0,"87":0,"88":0,"89":0,"90":0,"91":0,"92":0,"93":0,"94":0,"95":0,"96":0,"97":0,"98":0,"99":0,"100":0},"f":{"0":16,"1":7,"2":16,"3":16,"4":32,"5":32,"6":0,"7":0,"8":0,"9":0,"10":0,"11":0,"12":0,"13":0,"14":0,"15":112,"16":7,"17":32,"18":0,"19":0,"20":0,"21":0,"22":0,"23":0,"24":0,"25":0,"26":0,"27":0,"28":0,"29":0,"30":0,"31":0},"b":{"0":[7,3],"1":[2,5],"2":[15,1],"3":[3,13],"4":[3,0],"5":[13,0],"6":[11,2],"7":[16,16,0,0,0],"8":[0,16,0,16,0],"9":[16,0]},"_coverageSchema":"1a1c01bbd47fc00a2c39e90264f33305004495a9","hash":"c69bb480329020fcd1c152c83d5d5c2653bc1ec0"}
,"C:\\Users\\Nihal\\OneDrive\\Desktop\\e-GRCP\\e-grcp\\src\\components\\approval\\ApprovalToolbar.jsx": {"path":"C:\\Users\\Nihal\\OneDrive\\Desktop\\e-GRCP\\e-grcp\\src\\components\\approval\\ApprovalToolbar.jsx","statementMap":{"0":{"start":{"line":21,"column":2},"end":{"line":118,"column":4}},"1":{"start":{"line":35,"column":12},"end":{"line":35,"column":36}},"2":{"start":{"line":56,"column":12},"end":{"line":58,"column":13}}},"fnMap":{"0":{"name":"ApprovalToolbar","decl":{"start":{"line":13,"column":9},"end":{"line":13,"column":24}},"loc":{"start":{"line":20,"column":3},"end":{"line":119,"column":1}},"line":20},"1":{"name":"(anonymous_1)","decl":{"start":{"line":34,"column":20},"end":{"line":34,"column":21}},"loc":{"start":{"line":35,"column":12},"end":{"line":35,"column":36}},"line":35},"2":{"name":"(anonymous_2)","decl":{"start":{"line":55,"column":20},"end":{"line":55,"column":21}},"loc":{"start":{"line":56,"column":12},"end":{"line":58,"column":13}},"line":56}},"branchMap":{},"s":{"0":0,"1":0,"2":0},"f":{"0":0,"1":0,"2":0},"b":{}}
,"C:\\Users\\Nihal\\OneDrive\\Desktop\\e-GRCP\\e-grcp\\src\\components\\approval\\ApproveDialog.jsx": {"path":"C:\\Users\\Nihal\\OneDrive\\Desktop\\e-GRCP\\e-grcp\\src\\components\\approval\\ApproveDialog.jsx","statementMap":{"0":{"start":{"line":14,"column":21},"end":{"line":22,"column":1}},"1":{"start":{"line":32,"column":4},"end":{"line":32,"column":26}},"2":{"start":{"line":34,"column":2},"end":{"line":48,"column":23}},"3":{"start":{"line":36,"column":4},"end":{"line":46,"column":5}},"4":{"start":{"line":38,"column":6},"end":{"line":40,"column":9}},"5":{"start":{"line":44,"column":6},"end":{"line":44,"column":28}},"6":{"start":{"line":50,"column":23},"end":{"line":65,"column":3}},"7":{"start":{"line":55,"column":8},"end":{"line":55,"column":16}},"8":{"start":{"line":57,"column":4},"end":{"line":63,"column":8}},"9":{"start":{"line":57,"column":23},"end":{"line":63,"column":5}},"10":{"start":{"line":67,"column":23},"end":{"line":81,"column":3}},"11":{"start":{"line":69,"column":4},"end":{"line":77,"column":5}},"12":{"start":{"line":76,"column":6},"end":{"line":76,"column":13}},"13":{"start":{"line":79,"column":4},"end":{"line":79,"column":17}},"14":{"start":{"line":83,"column":2},"end":{"line":262,"column":4}}},"fnMap":{"0":{"name":"ApprovalDialog","decl":{"start":{"line":24,"column":9},"end":{"line":24,"column":23}},"loc":{"start":{"line":29,"column":3},"end":{"line":264,"column":1}},"line":29},"1":{"name":"(anonymous_1)","decl":{"start":{"line":34,"column":12},"end":{"line":34,"column":13}},"loc":{"start":{"line":34,"column":18},"end":{"line":48,"column":3}},"line":34},"2":{"name":"(anonymous_2)","decl":{"start":{"line":50,"column":23},"end":{"line":50,"column":24}},"loc":{"start":{"line":50,"column":30},"end":{"line":65,"column":3}},"line":50},"3":{"name":"(anonymous_3)","decl":{"start":{"line":57,"column":12},"end":{"line":57,"column":13}},"loc":{"start":{"line":57,"column":23},"end":{"line":63,"column":5}},"line":57},"4":{"name":"(anonymous_4)","decl":{"start":{"line":67,"column":23},"end":{"line":67,"column":24}},"loc":{"start":{"line":67,"column":29},"end":{"line":81,"column":3}},"line":67}},"branchMap":{"0":{"loc":{"start":{"line":36,"column":4},"end":{"line":46,"column":5}},"type":"if","locations":[{"start":{"line":36,"column":4},"end":{"line":46,"column":5}},{"start":{"line":42,"column":11},"end":{"line":46,"column":5}}],"line":36},"1":{"loc":{"start":{"line":60,"column":8},"end":{"line":62,"column":17}},"type":"cond-expr","locations":[{"start":{"line":61,"column":12},"end":{"line":61,"column":25}},{"start":{"line":62,"column":12},"end":{"line":62,"column":17}}],"line":60},"2":{"loc":{"start":{"line":69,"column":4},"end":{"line":77,"column":5}},"type":"if","locations":[{"start":{"line":69,"column":4},"end":{"line":77,"column":5}},{"start":{},"end":{}}],"line":69},"3":{"loc":{"start":{"line":70,"column":6},"end":{"line":74,"column":16}},"type":"binary-expr","locations":[{"start":{"line":70,"column":6},"end":{"line":70,"column":17}},{"start":{"line":71,"column":6},"end":{"line":71,"column":21}},{"start":{"line":72,"column":6},"end":{"line":72,"column":22}},{"start":{"line":73,"column":6},"end":{"line":73,"column":18}},{"start":{"line":74,"column":6},"end":{"line":74,"column":16}}],"line":70},"4":{"loc":{"start":{"line":94,"column":9},"end":{"line":96,"column":26}},"type":"cond-expr","locations":[{"start":{"line":95,"column":12},"end":{"line":95,"column":27}},{"start":{"line":96,"column":12},"end":{"line":96,"column":26}}],"line":94},"5":{"loc":{"start":{"line":252,"column":11},"end":{"line":254,"column":20}},"type":"cond-expr","locations":[{"start":{"line":253,"column":14},"end":{"line":253,"column":22}},{"start":{"line":254,"column":14},"end":{"line":254,"column":20}}],"line":252}},"s":{"0":0,"1":0,"2":0,"3":0,"4":0,"5":0,"6":0,"7":0,"8":0,"9":0,"10":0,"11":0,"12":0,"13":0,"14":0},"f":{"0":0,"1":0,"2":0,"3":0,"4":0},"b":{"0":[0,0],"1":[0,0],"2":[0,0],"3":[0,0,0,0,0],"4":[0,0],"5":[0,0]}}
,"C:\\Users\\Nihal\\OneDrive\\Desktop\\e-GRCP\\e-grcp\\src\\components\\approval\\DelegateDialog.jsx": {"path":"C:\\Users\\Nihal\\OneDrive\\Desktop\\e-GRCP\\e-grcp\\src\\components\\approval\\DelegateDialog.jsx","statementMap":{"0":{"start":{"line":19,"column":4},"end":{"line":19,"column":16}},"1":{"start":{"line":23,"column":4},"end":{"line":23,"column":20}},"2":{"start":{"line":25,"column":4},"end":{"line":25,"column":16}},"3":{"start":{"line":29,"column":2},"end":{"line":83,"column":4}},"4":{"start":{"line":48,"column":12},"end":{"line":50,"column":13}},"5":{"start":{"line":62,"column":12},"end":{"line":62,"column":24}},"6":{"start":{"line":64,"column":12},"end":{"line":64,"column":22}}},"fnMap":{"0":{"name":"DelegateDialog","decl":{"start":{"line":12,"column":9},"end":{"line":12,"column":23}},"loc":{"start":{"line":16,"column":3},"end":{"line":84,"column":1}},"line":16},"1":{"name":"handleDelegate","decl":{"start":{"line":21,"column":11},"end":{"line":21,"column":25}},"loc":{"start":{"line":21,"column":28},"end":{"line":27,"column":3}},"line":21},"2":{"name":"(anonymous_2)","decl":{"start":{"line":47,"column":20},"end":{"line":47,"column":21}},"loc":{"start":{"line":48,"column":12},"end":{"line":50,"column":13}},"line":48},"3":{"name":"(anonymous_3)","decl":{"start":{"line":60,"column":19},"end":{"line":60,"column":20}},"loc":{"start":{"line":60,"column":25},"end":{"line":66,"column":11}},"line":60}},"branchMap":{},"s":{"0":0,"1":0,"2":0,"3":0,"4":0,"5":0,"6":0},"f":{"0":0,"1":0,"2":0,"3":0},"b":{}}
,"C:\\Users\\Nihal\\OneDrive\\Desktop\\e-GRCP\\e-grcp\\src\\components\\approval\\RejectDialog.jsx": {"path":"C:\\Users\\Nihal\\OneDrive\\Desktop\\e-GRCP\\e-grcp\\src\\components\\approval\\RejectDialog.jsx","statementMap":{"0":{"start":{"line":15,"column":2},"end":{"line":55,"column":4}}},"fnMap":{"0":{"name":"RejectDialog","decl":{"start":{"line":10,"column":9},"end":{"line":10,"column":21}},"loc":{"start":{"line":14,"column":3},"end":{"line":56,"column":1}},"line":14}},"branchMap":{},"s":{"0":0},"f":{"0":0},"b":{}}
,"C:\\Users\\Nihal\\OneDrive\\Desktop\\e-GRCP\\e-grcp\\src\\components\\approval\\SendBackDialog.jsx": {"path":"C:\\Users\\Nihal\\OneDrive\\Desktop\\e-GRCP\\e-grcp\\src\\components\\approval\\SendBackDialog.jsx","statementMap":{"0":{"start":{"line":15,"column":2},"end":{"line":54,"column":4}}},"fnMap":{"0":{"name":"SendBackDialog","decl":{"start":{"line":10,"column":9},"end":{"line":10,"column":23}},"loc":{"start":{"line":14,"column":3},"end":{"line":55,"column":1}},"line":14}},"branchMap":{},"s":{"0":0},"f":{"0":0},"b":{}}
,"C:\\Users\\Nihal\\OneDrive\\Desktop\\e-GRCP\\e-grcp\\src\\components\\audit\\AuditDialog.jsx": {"path":"C:\\Users\\Nihal\\OneDrive\\Desktop\\e-GRCP\\e-grcp\\src\\components\\audit\\AuditDialog.jsx","statementMap":{"0":{"start":{"line":19,"column":15},"end":{"line":49,"column":2}},"1":{"start":{"line":63,"column":6},"end":{"line":85,"column":4}},"2":{"start":{"line":87,"column":2},"end":{"line":115,"column":24}},"3":{"start":{"line":89,"column":4},"end":{"line":113,"column":5}},"4":{"start":{"line":91,"column":6},"end":{"line":91,"column":22}},"5":{"start":{"line":95,"column":6},"end":{"line":111,"column":9}},"6":{"start":{"line":117,"column":2},"end":{"line":170,"column":4}}},"fnMap":{"0":{"name":"AuditDialog","decl":{"start":{"line":51,"column":9},"end":{"line":51,"column":20}},"loc":{"start":{"line":56,"column":3},"end":{"line":172,"column":1}},"line":56},"1":{"name":"(anonymous_1)","decl":{"start":{"line":87,"column":12},"end":{"line":87,"column":13}},"loc":{"start":{"line":87,"column":18},"end":{"line":115,"column":3}},"line":87}},"branchMap":{"0":{"loc":{"start":{"line":89,"column":4},"end":{"line":113,"column":5}},"type":"if","locations":[{"start":{"line":89,"column":4},"end":{"line":113,"column":5}},{"start":{"line":93,"column":11},"end":{"line":113,"column":5}}],"line":89},"1":{"loc":{"start":{"line":128,"column":9},"end":{"line":130,"column":23}},"type":"cond-expr","locations":[{"start":{"line":129,"column":12},"end":{"line":129,"column":24}},{"start":{"line":130,"column":12},"end":{"line":130,"column":23}}],"line":128},"2":{"loc":{"start":{"line":159,"column":13},"end":{"line":161,"column":22}},"type":"cond-expr","locations":[{"start":{"line":160,"column":16},"end":{"line":160,"column":24}},{"start":{"line":161,"column":16},"end":{"line":161,"column":22}}],"line":159}},"s":{"0":0,"1":0,"2":0,"3":0,"4":0,"5":0,"6":0},"f":{"0":0,"1":0},"b":{"0":[0,0],"1":[0,0],"2":[0,0]}}
,"C:\\Users\\Nihal\\OneDrive\\Desktop\\e-GRCP\\e-grcp\\src\\components\\audit\\AuditForm.jsx": {"path":"C:\\Users\\Nihal\\OneDrive\\Desktop\\e-GRCP\\e-grcp\\src\\components\\audit\\AuditForm.jsx","statementMap":{"0":{"start":{"line":13,"column":2},"end":{"line":178,"column":4}},"1":{"start":{"line":24,"column":12},"end":{"line":32,"column":14}},"2":{"start":{"line":42,"column":12},"end":{"line":50,"column":14}},"3":{"start":{"line":60,"column":12},"end":{"line":68,"column":14}},"4":{"start":{"line":78,"column":12},"end":{"line":100,"column":24}},"5":{"start":{"line":110,"column":12},"end":{"line":128,"column":24}},"6":{"start":{"line":138,"column":12},"end":{"line":150,"column":14}},"7":{"start":{"line":160,"column":12},"end":{"line":172,"column":14}}},"fnMap":{"0":{"name":"AuditForm","decl":{"start":{"line":9,"column":9},"end":{"line":9,"column":18}},"loc":{"start":{"line":12,"column":3},"end":{"line":179,"column":1}},"line":12},"1":{"name":"(anonymous_1)","decl":{"start":{"line":23,"column":18},"end":{"line":23,"column":19}},"loc":{"start":{"line":24,"column":12},"end":{"line":32,"column":14}},"line":24},"2":{"name":"(anonymous_2)","decl":{"start":{"line":41,"column":18},"end":{"line":41,"column":19}},"loc":{"start":{"line":42,"column":12},"end":{"line":50,"column":14}},"line":42},"3":{"name":"(anonymous_3)","decl":{"start":{"line":59,"column":18},"end":{"line":59,"column":19}},"loc":{"start":{"line":60,"column":12},"end":{"line":68,"column":14}},"line":60},"4":{"name":"(anonymous_4)","decl":{"start":{"line":77,"column":18},"end":{"line":77,"column":19}},"loc":{"start":{"line":78,"column":12},"end":{"line":100,"column":24}},"line":78},"5":{"name":"(anonymous_5)","decl":{"start":{"line":109,"column":18},"end":{"line":109,"column":19}},"loc":{"start":{"line":110,"column":12},"end":{"line":128,"column":24}},"line":110},"6":{"name":"(anonymous_6)","decl":{"start":{"line":137,"column":18},"end":{"line":137,"column":19}},"loc":{"start":{"line":138,"column":12},"end":{"line":150,"column":14}},"line":138},"7":{"name":"(anonymous_7)","decl":{"start":{"line":159,"column":18},"end":{"line":159,"column":19}},"loc":{"start":{"line":160,"column":12},"end":{"line":172,"column":14}},"line":160}},"branchMap":{},"s":{"0":0,"1":0,"2":0,"3":0,"4":0,"5":0,"6":0,"7":0},"f":{"0":0,"1":0,"2":0,"3":0,"4":0,"5":0,"6":0,"7":0},"b":{}}
,"C:\\Users\\Nihal\\OneDrive\\Desktop\\e-GRCP\\e-grcp\\src\\components\\audit\\AuditHistory.jsx": {"path":"C:\\Users\\Nihal\\OneDrive\\Desktop\\e-GRCP\\e-grcp\\src\\components\\audit\\AuditHistory.jsx","statementMap":{"0":{"start":{"line":15,"column":16},"end":{"line":36,"column":1}},"1":{"start":{"line":39,"column":2},"end":{"line":122,"column":4}},"2":{"start":{"line":62,"column":12},"end":{"line":115,"column":18}}},"fnMap":{"0":{"name":"AuditHistory","decl":{"start":{"line":38,"column":9},"end":{"line":38,"column":21}},"loc":{"start":{"line":38,"column":24},"end":{"line":123,"column":1}},"line":38},"1":{"name":"(anonymous_1)","decl":{"start":{"line":61,"column":23},"end":{"line":61,"column":24}},"loc":{"start":{"line":62,"column":12},"end":{"line":115,"column":18}},"line":62}},"branchMap":{"0":{"loc":{"start":{"line":110,"column":15},"end":{"line":113,"column":15}},"type":"binary-expr","locations":[{"start":{"line":110,"column":15},"end":{"line":111,"column":34}},{"start":{"line":112,"column":16},"end":{"line":112,"column":27}}],"line":110}},"s":{"0":0,"1":0,"2":0},"f":{"0":0,"1":0},"b":{"0":[0,0]}}
,"C:\\Users\\Nihal\\OneDrive\\Desktop\\e-GRCP\\e-grcp\\src\\components\\audit\\AuditReports.jsx": {"path":"C:\\Users\\Nihal\\OneDrive\\Desktop\\e-GRCP\\e-grcp\\src\\components\\audit\\AuditReports.jsx","statementMap":{"0":{"start":{"line":16,"column":16},"end":{"line":37,"column":1}},"1":{"start":{"line":40,"column":2},"end":{"line":52,"column":3}},"2":{"start":{"line":42,"column":6},"end":{"line":42,"column":23}},"3":{"start":{"line":45,"column":6},"end":{"line":45,"column":23}},"4":{"start":{"line":48,"column":6},"end":{"line":48,"column":21}},"5":{"start":{"line":51,"column":6},"end":{"line":51,"column":23}},"6":{"start":{"line":56,"column":2},"end":{"line":135,"column":4}},"7":{"start":{"line":80,"column":14},"end":{"line":127,"column":20}}},"fnMap":{"0":{"name":"getColor","decl":{"start":{"line":39,"column":9},"end":{"line":39,"column":17}},"loc":{"start":{"line":39,"column":26},"end":{"line":53,"column":1}},"line":39},"1":{"name":"AuditReports","decl":{"start":{"line":55,"column":9},"end":{"line":55,"column":21}},"loc":{"start":{"line":55,"column":24},"end":{"line":136,"column":1}},"line":55},"2":{"name":"(anonymous_2)","decl":{"start":{"line":79,"column":12},"end":{"line":79,"column":13}},"loc":{"start":{"line":80,"column":14},"end":{"line":127,"column":20}},"line":80}},"branchMap":{"0":{"loc":{"start":{"line":40,"column":2},"end":{"line":52,"column":3}},"type":"switch","locations":[{"start":{"line":41,"column":4},"end":{"line":42,"column":23}},{"start":{"line":44,"column":4},"end":{"line":45,"column":23}},{"start":{"line":47,"column":4},"end":{"line":48,"column":21}},{"start":{"line":50,"column":4},"end":{"line":51,"column":23}}],"line":40},"1":{"loc":{"start":{"line":122,"column":17},"end":{"line":125,"column":17}},"type":"binary-expr","locations":[{"start":{"line":122,"column":17},"end":{"line":123,"column":36}},{"start":{"line":124,"column":18},"end":{"line":124,"column":29}}],"line":122}},"s":{"0":0,"1":0,"2":0,"3":0,"4":0,"5":0,"6":0,"7":0},"f":{"0":0,"1":0,"2":0},"b":{"0":[0,0,0,0],"1":[0,0]}}
,"C:\\Users\\Nihal\\OneDrive\\Desktop\\e-GRCP\\e-grcp\\src\\components\\audit\\AuditStatCard.jsx": {"path":"C:\\Users\\Nihal\\OneDrive\\Desktop\\e-GRCP\\e-grcp\\src\\components\\audit\\AuditStatCard.jsx","statementMap":{"0":{"start":{"line":14,"column":2},"end":{"line":78,"column":4}}},"fnMap":{"0":{"name":"AuditStatCard","decl":{"start":{"line":8,"column":9},"end":{"line":8,"column":22}},"loc":{"start":{"line":13,"column":3},"end":{"line":79,"column":1}},"line":13}},"branchMap":{},"s":{"0":0},"f":{"0":0},"b":{}}
,"C:\\Users\\Nihal\\OneDrive\\Desktop\\e-GRCP\\e-grcp\\src\\components\\audit\\AuditTable.jsx": {"path":"C:\\Users\\Nihal\\OneDrive\\Desktop\\e-GRCP\\e-grcp\\src\\components\\audit\\AuditTable.jsx","statementMap":{"0":{"start":{"line":44,"column":4},"end":{"line":44,"column":15}},"1":{"start":{"line":47,"column":4},"end":{"line":47,"column":15}},"2":{"start":{"line":50,"column":4},"end":{"line":50,"column":25}},"3":{"start":{"line":53,"column":4},"end":{"line":53,"column":19}},"4":{"start":{"line":56,"column":4},"end":{"line":56,"column":18}},"5":{"start":{"line":59,"column":4},"end":{"line":59,"column":19}},"6":{"start":{"line":62,"column":4},"end":{"line":62,"column":19}},"7":{"start":{"line":65,"column":4},"end":{"line":65,"column":18}},"8":{"start":{"line":68,"column":4},"end":{"line":68,"column":19}},"9":{"start":{"line":70,"column":21},"end":{"line":82,"column":3}},"10":{"start":{"line":73,"column":6},"end":{"line":74,"column":21}},"11":{"start":{"line":76,"column":4},"end":{"line":78,"column":6}},"12":{"start":{"line":80,"column":4},"end":{"line":80,"column":25}},"13":{"start":{"line":84,"column":21},"end":{"line":110,"column":28}},"14":{"start":{"line":86,"column":4},"end":{"line":108,"column":7}},"15":{"start":{"line":88,"column":14},"end":{"line":88,"column":24}},"16":{"start":{"line":89,"column":14},"end":{"line":89,"column":24}},"17":{"start":{"line":91,"column":6},"end":{"line":94,"column":7}},"18":{"start":{"line":92,"column":8},"end":{"line":92,"column":28}},"19":{"start":{"line":93,"column":8},"end":{"line":93,"column":28}},"20":{"start":{"line":96,"column":6},"end":{"line":99,"column":14}},"21":{"start":{"line":97,"column":8},"end":{"line":99,"column":14}},"22":{"start":{"line":101,"column":6},"end":{"line":104,"column":15}},"23":{"start":{"line":102,"column":8},"end":{"line":104,"column":15}},"24":{"start":{"line":106,"column":6},"end":{"line":106,"column":15}},"25":{"start":{"line":112,"column":21},"end":{"line":118,"column":3}},"26":{"start":{"line":114,"column":4},"end":{"line":114,"column":23}},"27":{"start":{"line":116,"column":4},"end":{"line":116,"column":22}},"28":{"start":{"line":120,"column":23},"end":{"line":126,"column":3}},"29":{"start":{"line":122,"column":4},"end":{"line":122,"column":20}},"30":{"start":{"line":124,"column":4},"end":{"line":124,"column":24}},"31":{"start":{"line":128,"column":24},"end":{"line":138,"column":3}},"32":{"start":{"line":130,"column":4},"end":{"line":130,"column":32}},"33":{"start":{"line":132,"column":4},"end":{"line":132,"column":25}},"34":{"start":{"line":134,"column":4},"end":{"line":134,"column":22}},"35":{"start":{"line":136,"column":4},"end":{"line":136,"column":14}},"36":{"start":{"line":140,"column":22},"end":{"line":158,"column":3}},"37":{"start":{"line":142,"column":4},"end":{"line":156,"column":5}},"38":{"start":{"line":145,"column":8},"end":{"line":145,"column":25}},"39":{"start":{"line":148,"column":8},"end":{"line":148,"column":25}},"40":{"start":{"line":151,"column":8},"end":{"line":151,"column":22}},"41":{"start":{"line":154,"column":8},"end":{"line":154,"column":25}},"42":{"start":{"line":160,"column":24},"end":{"line":181,"column":3}},"43":{"start":{"line":162,"column":4},"end":{"line":179,"column":5}},"44":{"start":{"line":165,"column":8},"end":{"line":165,"column":23}},"45":{"start":{"line":168,"column":8},"end":{"line":168,"column":25}},"46":{"start":{"line":171,"column":8},"end":{"line":171,"column":22}},"47":{"start":{"line":174,"column":8},"end":{"line":174,"column":25}},"48":{"start":{"line":177,"column":8},"end":{"line":177,"column":25}},"49":{"start":{"line":183,"column":2},"end":{"line":536,"column":4}},"50":{"start":{"line":211,"column":0},"end":{"line":223,"column":12}},"51":{"start":{"line":216,"column":13},"end":{"line":216,"column":31}},"52":{"start":{"line":271,"column":0},"end":{"line":371,"column":11}},"53":{"start":{"line":332,"column":13},"end":{"line":332,"column":30}},"54":{"start":{"line":345,"column":13},"end":{"line":345,"column":26}},"55":{"start":{"line":358,"column":13},"end":{"line":358,"column":35}},"56":{"start":{"line":389,"column":21},"end":{"line":389,"column":31}},"57":{"start":{"line":391,"column":0},"end":{"line":391,"column":44}},"58":{"start":{"line":392,"column":0},"end":{"line":392,"column":11}},"59":{"start":{"line":399,"column":10},"end":{"line":399,"column":28}},"60":{"start":{"line":500,"column":14},"end":{"line":500,"column":32}},"61":{"start":{"line":513,"column":10},"end":{"line":513,"column":30}},"62":{"start":{"line":522,"column":10},"end":{"line":522,"column":28}}},"fnMap":{"0":{"name":"AuditTable","decl":{"start":{"line":37,"column":9},"end":{"line":37,"column":19}},"loc":{"start":{"line":41,"column":3},"end":{"line":537,"column":1}},"line":41},"1":{"name":"(anonymous_1)","decl":{"start":{"line":70,"column":21},"end":{"line":70,"column":22}},"loc":{"start":{"line":70,"column":35},"end":{"line":82,"column":3}},"line":70},"2":{"name":"(anonymous_2)","decl":{"start":{"line":84,"column":29},"end":{"line":84,"column":30}},"loc":{"start":{"line":84,"column":35},"end":{"line":110,"column":3}},"line":84},"3":{"name":"(anonymous_3)","decl":{"start":{"line":86,"column":26},"end":{"line":86,"column":27}},"loc":{"start":{"line":86,"column":36},"end":{"line":108,"column":5}},"line":86},"4":{"name":"(anonymous_4)","decl":{"start":{"line":112,"column":21},"end":{"line":112,"column":22}},"loc":{"start":{"line":112,"column":32},"end":{"line":118,"column":3}},"line":112},"5":{"name":"(anonymous_5)","decl":{"start":{"line":120,"column":23},"end":{"line":120,"column":24}},"loc":{"start":{"line":120,"column":31},"end":{"line":126,"column":3}},"line":120},"6":{"name":"(anonymous_6)","decl":{"start":{"line":128,"column":24},"end":{"line":128,"column":25}},"loc":{"start":{"line":128,"column":36},"end":{"line":138,"column":3}},"line":128},"7":{"name":"(anonymous_7)","decl":{"start":{"line":140,"column":22},"end":{"line":140,"column":23}},"loc":{"start":{"line":140,"column":34},"end":{"line":158,"column":3}},"line":140},"8":{"name":"(anonymous_8)","decl":{"start":{"line":160,"column":24},"end":{"line":160,"column":25}},"loc":{"start":{"line":160,"column":38},"end":{"line":181,"column":3}},"line":160},"9":{"name":"(anonymous_9)","decl":{"start":{"line":209,"column":6},"end":{"line":209,"column":7}},"loc":{"start":{"line":211,"column":0},"end":{"line":223,"column":12}},"line":211},"10":{"name":"(anonymous_10)","decl":{"start":{"line":216,"column":9},"end":{"line":216,"column":10}},"loc":{"start":{"line":216,"column":13},"end":{"line":216,"column":31}},"line":216},"11":{"name":"(anonymous_11)","decl":{"start":{"line":269,"column":5},"end":{"line":269,"column":6}},"loc":{"start":{"line":271,"column":0},"end":{"line":371,"column":11}},"line":271},"12":{"name":"(anonymous_12)","decl":{"start":{"line":332,"column":9},"end":{"line":332,"column":10}},"loc":{"start":{"line":332,"column":13},"end":{"line":332,"column":30}},"line":332},"13":{"name":"(anonymous_13)","decl":{"start":{"line":345,"column":9},"end":{"line":345,"column":10}},"loc":{"start":{"line":345,"column":13},"end":{"line":345,"column":26}},"line":345},"14":{"name":"(anonymous_14)","decl":{"start":{"line":358,"column":9},"end":{"line":358,"column":10}},"loc":{"start":{"line":358,"column":13},"end":{"line":358,"column":35}},"line":358},"15":{"name":"(anonymous_15)","decl":{"start":{"line":389,"column":14},"end":{"line":389,"column":15}},"loc":{"start":{"line":389,"column":21},"end":{"line":389,"column":31}},"line":389},"16":{"name":"(anonymous_16)","decl":{"start":{"line":390,"column":21},"end":{"line":390,"column":22}},"loc":{"start":{"line":390,"column":26},"end":{"line":393,"column":1}},"line":390},"17":{"name":"(anonymous_17)","decl":{"start":{"line":398,"column":17},"end":{"line":398,"column":18}},"loc":{"start":{"line":399,"column":10},"end":{"line":399,"column":28}},"line":399},"18":{"name":"(anonymous_18)","decl":{"start":{"line":499,"column":21},"end":{"line":499,"column":22}},"loc":{"start":{"line":500,"column":14},"end":{"line":500,"column":32}},"line":500},"19":{"name":"(anonymous_19)","decl":{"start":{"line":512,"column":17},"end":{"line":512,"column":18}},"loc":{"start":{"line":513,"column":10},"end":{"line":513,"column":30}},"line":513},"20":{"name":"(anonymous_20)","decl":{"start":{"line":521,"column":17},"end":{"line":521,"column":18}},"loc":{"start":{"line":522,"column":10},"end":{"line":522,"column":28}},"line":522}},"branchMap":{"0":{"loc":{"start":{"line":73,"column":6},"end":{"line":74,"column":21}},"type":"binary-expr","locations":[{"start":{"line":73,"column":6},"end":{"line":73,"column":26}},{"start":{"line":74,"column":6},"end":{"line":74,"column":21}}],"line":73},"1":{"loc":{"start":{"line":77,"column":6},"end":{"line":77,"column":26}},"type":"cond-expr","locations":[{"start":{"line":77,"column":12},"end":{"line":77,"column":18}},{"start":{"line":77,"column":21},"end":{"line":77,"column":26}}],"line":77},"2":{"loc":{"start":{"line":91,"column":6},"end":{"line":94,"column":7}},"type":"if","locations":[{"start":{"line":91,"column":6},"end":{"line":94,"column":7}},{"start":{},"end":{}}],"line":91},"3":{"loc":{"start":{"line":96,"column":6},"end":{"line":99,"column":14}},"type":"if","locations":[{"start":{"line":96,"column":6},"end":{"line":99,"column":14}},{"start":{},"end":{}}],"line":96},"4":{"loc":{"start":{"line":97,"column":15},"end":{"line":99,"column":13}},"type":"cond-expr","locations":[{"start":{"line":98,"column":12},"end":{"line":98,"column":14}},{"start":{"line":99,"column":12},"end":{"line":99,"column":13}}],"line":97},"5":{"loc":{"start":{"line":101,"column":6},"end":{"line":104,"column":15}},"type":"if","locations":[{"start":{"line":101,"column":6},"end":{"line":104,"column":15}},{"start":{},"end":{}}],"line":101},"6":{"loc":{"start":{"line":102,"column":15},"end":{"line":104,"column":14}},"type":"cond-expr","locations":[{"start":{"line":103,"column":12},"end":{"line":103,"column":13}},{"start":{"line":104,"column":12},"end":{"line":104,"column":14}}],"line":102},"7":{"loc":{"start":{"line":142,"column":4},"end":{"line":156,"column":5}},"type":"switch","locations":[{"start":{"line":144,"column":6},"end":{"line":145,"column":25}},{"start":{"line":147,"column":6},"end":{"line":148,"column":25}},{"start":{"line":150,"column":6},"end":{"line":151,"column":22}},{"start":{"line":153,"column":6},"end":{"line":154,"column":25}}],"line":142},"8":{"loc":{"start":{"line":162,"column":4},"end":{"line":179,"column":5}},"type":"switch","locations":[{"start":{"line":164,"column":6},"end":{"line":165,"column":23}},{"start":{"line":167,"column":6},"end":{"line":168,"column":25}},{"start":{"line":170,"column":6},"end":{"line":171,"column":22}},{"start":{"line":173,"column":6},"end":{"line":174,"column":25}},{"start":{"line":176,"column":6},"end":{"line":177,"column":25}}],"line":162},"9":{"loc":{"start":{"line":237,"column":1},"end":{"line":375,"column":1}},"type":"cond-expr","locations":[{"start":{"line":239,"column":0},"end":{"line":260,"column":11}},{"start":{"line":264,"column":0},"end":{"line":373,"column":2}}],"line":237},"10":{"loc":{"start":{"line":410,"column":11},"end":{"line":492,"column":11}},"type":"binary-expr","locations":[{"start":{"line":410,"column":11},"end":{"line":410,"column":19}},{"start":{"line":412,"column":12},"end":{"line":490,"column":19}}],"line":410}},"s":{"0":0,"1":0,"2":0,"3":0,"4":0,"5":0,"6":0,"7":0,"8":0,"9":0,"10":0,"11":0,"12":0,"13":0,"14":0,"15":0,"16":0,"17":0,"18":0,"19":0,"20":0,"21":0,"22":0,"23":0,"24":0,"25":0,"26":0,"27":0,"28":0,"29":0,"30":0,"31":0,"32":0,"33":0,"34":0,"35":0,"36":0,"37":0,"38":0,"39":0,"40":0,"41":0,"42":0,"43":0,"44":0,"45":0,"46":0,"47":0,"48":0,"49":0,"50":0,"51":0,"52":0,"53":0,"54":0,"55":0,"56":0,"57":0,"58":0,"59":0,"60":0,"61":0,"62":0},"f":{"0":0,"1":0,"2":0,"3":0,"4":0,"5":0,"6":0,"7":0,"8":0,"9":0,"10":0,"11":0,"12":0,"13":0,"14":0,"15":0,"16":0,"17":0,"18":0,"19":0,"20":0},"b":{"0":[0,0],"1":[0,0],"2":[0,0],"3":[0,0],"4":[0,0],"5":[0,0],"6":[0,0],"7":[0,0,0,0],"8":[0,0,0,0,0],"9":[0,0],"10":[0,0]}}
,"C:\\Users\\Nihal\\OneDrive\\Desktop\\e-GRCP\\e-grcp\\src\\components\\audit\\AuditToolbar.jsx": {"path":"C:\\Users\\Nihal\\OneDrive\\Desktop\\e-GRCP\\e-grcp\\src\\components\\audit\\AuditToolbar.jsx","statementMap":{"0":{"start":{"line":21,"column":2},"end":{"line":154,"column":4}},"1":{"start":{"line":33,"column":12},"end":{"line":33,"column":36}},"2":{"start":{"line":45,"column":12},"end":{"line":47,"column":13}},"3":{"start":{"line":76,"column":12},"end":{"line":78,"column":13}}},"fnMap":{"0":{"name":"AuditToolbar","decl":{"start":{"line":11,"column":9},"end":{"line":11,"column":21}},"loc":{"start":{"line":20,"column":3},"end":{"line":155,"column":1}},"line":20},"1":{"name":"(anonymous_1)","decl":{"start":{"line":32,"column":20},"end":{"line":32,"column":21}},"loc":{"start":{"line":33,"column":12},"end":{"line":33,"column":36}},"line":33},"2":{"name":"(anonymous_2)","decl":{"start":{"line":44,"column":20},"end":{"line":44,"column":21}},"loc":{"start":{"line":45,"column":12},"end":{"line":47,"column":13}},"line":45},"3":{"name":"(anonymous_3)","decl":{"start":{"line":75,"column":20},"end":{"line":75,"column":21}},"loc":{"start":{"line":76,"column":12},"end":{"line":78,"column":13}},"line":76}},"branchMap":{},"s":{"0":0,"1":0,"2":0,"3":0},"f":{"0":0,"1":0,"2":0,"3":0},"b":{}}
,"C:\\Users\\Nihal\\OneDrive\\Desktop\\e-GRCP\\e-grcp\\src\\components\\audit\\DeleteAuditDialog.jsx": {"path":"C:\\Users\\Nihal\\OneDrive\\Desktop\\e-GRCP\\e-grcp\\src\\components\\audit\\DeleteAuditDialog.jsx","statementMap":{"0":{"start":{"line":15,"column":2},"end":{"line":58,"column":4}}},"fnMap":{"0":{"name":"DeleteAuditDialog","decl":{"start":{"line":10,"column":9},"end":{"line":10,"column":26}},"loc":{"start":{"line":14,"column":3},"end":{"line":59,"column":1}},"line":14}},"branchMap":{},"s":{"0":0},"f":{"0":0},"b":{}}
,"C:\\Users\\Nihal\\OneDrive\\Desktop\\e-GRCP\\e-grcp\\src\\components\\audit\\SystemLogs.jsx": {"path":"C:\\Users\\Nihal\\OneDrive\\Desktop\\e-GRCP\\e-grcp\\src\\components\\audit\\SystemLogs.jsx","statementMap":{"0":{"start":{"line":16,"column":13},"end":{"line":47,"column":1}},"1":{"start":{"line":50,"column":2},"end":{"line":62,"column":3}},"2":{"start":{"line":52,"column":6},"end":{"line":52,"column":23}},"3":{"start":{"line":55,"column":6},"end":{"line":55,"column":23}},"4":{"start":{"line":58,"column":6},"end":{"line":58,"column":21}},"5":{"start":{"line":61,"column":6},"end":{"line":61,"column":23}},"6":{"start":{"line":66,"column":2},"end":{"line":153,"column":4}},"7":{"start":{"line":89,"column":12},"end":{"line":146,"column":18}}},"fnMap":{"0":{"name":"getColor","decl":{"start":{"line":49,"column":9},"end":{"line":49,"column":17}},"loc":{"start":{"line":49,"column":26},"end":{"line":63,"column":1}},"line":49},"1":{"name":"SystemLogs","decl":{"start":{"line":65,"column":9},"end":{"line":65,"column":19}},"loc":{"start":{"line":65,"column":22},"end":{"line":154,"column":1}},"line":65},"2":{"name":"(anonymous_2)","decl":{"start":{"line":88,"column":20},"end":{"line":88,"column":21}},"loc":{"start":{"line":89,"column":12},"end":{"line":146,"column":18}},"line":89}},"branchMap":{"0":{"loc":{"start":{"line":50,"column":2},"end":{"line":62,"column":3}},"type":"switch","locations":[{"start":{"line":51,"column":4},"end":{"line":52,"column":23}},{"start":{"line":54,"column":4},"end":{"line":55,"column":23}},{"start":{"line":57,"column":4},"end":{"line":58,"column":21}},{"start":{"line":60,"column":4},"end":{"line":61,"column":23}}],"line":50},"1":{"loc":{"start":{"line":141,"column":15},"end":{"line":144,"column":15}},"type":"binary-expr","locations":[{"start":{"line":141,"column":15},"end":{"line":142,"column":31}},{"start":{"line":143,"column":16},"end":{"line":143,"column":27}}],"line":141}},"s":{"0":0,"1":0,"2":0,"3":0,"4":0,"5":0,"6":0,"7":0},"f":{"0":0,"1":0,"2":0},"b":{"0":[0,0,0,0],"1":[0,0]}}
,"C:\\Users\\Nihal\\OneDrive\\Desktop\\e-GRCP\\e-grcp\\src\\components\\audit\\UserActivities.jsx": {"path":"C:\\Users\\Nihal\\OneDrive\\Desktop\\e-GRCP\\e-grcp\\src\\components\\audit\\UserActivities.jsx","statementMap":{"0":{"start":{"line":16,"column":19},"end":{"line":41,"column":1}},"1":{"start":{"line":44,"column":2},"end":{"line":59,"column":3}},"2":{"start":{"line":46,"column":6},"end":{"line":46,"column":23}},"3":{"start":{"line":49,"column":6},"end":{"line":49,"column":23}},"4":{"start":{"line":52,"column":6},"end":{"line":52,"column":23}},"5":{"start":{"line":55,"column":6},"end":{"line":55,"column":25}},"6":{"start":{"line":58,"column":6},"end":{"line":58,"column":23}},"7":{"start":{"line":63,"column":2},"end":{"line":150,"column":4}},"8":{"start":{"line":87,"column":14},"end":{"line":142,"column":20}}},"fnMap":{"0":{"name":"chipColor","decl":{"start":{"line":43,"column":9},"end":{"line":43,"column":18}},"loc":{"start":{"line":43,"column":25},"end":{"line":60,"column":1}},"line":43},"1":{"name":"UserActivities","decl":{"start":{"line":62,"column":9},"end":{"line":62,"column":23}},"loc":{"start":{"line":62,"column":26},"end":{"line":151,"column":1}},"line":62},"2":{"name":"(anonymous_2)","decl":{"start":{"line":86,"column":12},"end":{"line":86,"column":13}},"loc":{"start":{"line":87,"column":14},"end":{"line":142,"column":20}},"line":87}},"branchMap":{"0":{"loc":{"start":{"line":44,"column":2},"end":{"line":59,"column":3}},"type":"switch","locations":[{"start":{"line":45,"column":4},"end":{"line":46,"column":23}},{"start":{"line":48,"column":4},"end":{"line":49,"column":23}},{"start":{"line":51,"column":4},"end":{"line":52,"column":23}},{"start":{"line":54,"column":4},"end":{"line":55,"column":25}},{"start":{"line":57,"column":4},"end":{"line":58,"column":23}}],"line":44},"1":{"loc":{"start":{"line":137,"column":17},"end":{"line":140,"column":17}},"type":"binary-expr","locations":[{"start":{"line":137,"column":17},"end":{"line":138,"column":39}},{"start":{"line":139,"column":18},"end":{"line":139,"column":29}}],"line":137}},"s":{"0":0,"1":0,"2":0,"3":0,"4":0,"5":0,"6":0,"7":0,"8":0},"f":{"0":0,"1":0,"2":0},"b":{"0":[0,0,0,0,0],"1":[0,0]}}
,"C:\\Users\\Nihal\\OneDrive\\Desktop\\e-GRCP\\e-grcp\\src\\components\\common\\CustomButton.jsx": {"path":"C:\\Users\\Nihal\\OneDrive\\Desktop\\e-GRCP\\e-grcp\\src\\components\\common\\CustomButton.jsx","statementMap":{},"fnMap":{},"branchMap":{},"s":{},"f":{},"b":{}}
,"C:\\Users\\Nihal\\OneDrive\\Desktop\\e-GRCP\\e-grcp\\src\\components\\common\\CustomInput.jsx": {"path":"C:\\Users\\Nihal\\OneDrive\\Desktop\\e-GRCP\\e-grcp\\src\\components\\common\\CustomInput.jsx","statementMap":{},"fnMap":{},"branchMap":{},"s":{},"f":{},"b":{}}
,"C:\\Users\\Nihal\\OneDrive\\Desktop\\e-GRCP\\e-grcp\\src\\components\\common\\ErrorMessage.jsx": {"path":"C:\\Users\\Nihal\\OneDrive\\Desktop\\e-GRCP\\e-grcp\\src\\components\\common\\ErrorMessage.jsx","statementMap":{},"fnMap":{},"branchMap":{},"s":{},"f":{},"b":{}}
,"C:\\Users\\Nihal\\OneDrive\\Desktop\\e-GRCP\\e-grcp\\src\\components\\common\\Logo.jsx": {"path":"C:\\Users\\Nihal\\OneDrive\\Desktop\\e-GRCP\\e-grcp\\src\\components\\common\\Logo.jsx","statementMap":{"0":{"start":{"line":4,"column":2},"end":{"line":13,"column":4}}},"fnMap":{"0":{"name":"Logo","decl":{"start":{"line":3,"column":9},"end":{"line":3,"column":13}},"loc":{"start":{"line":3,"column":16},"end":{"line":14,"column":1}},"line":3}},"branchMap":{},"s":{"0":0},"f":{"0":0},"b":{}}
,"C:\\Users\\Nihal\\OneDrive\\Desktop\\e-GRCP\\e-grcp\\src\\components\\common\\PageLoader.jsx": {"path":"C:\\Users\\Nihal\\OneDrive\\Desktop\\e-GRCP\\e-grcp\\src\\components\\common\\PageLoader.jsx","statementMap":{},"fnMap":{},"branchMap":{},"s":{},"f":{},"b":{}}
,"C:\\Users\\Nihal\\OneDrive\\Desktop\\e-GRCP\\e-grcp\\src\\components\\compliance\\ComplianceDialog.jsx": {"path":"C:\\Users\\Nihal\\OneDrive\\Desktop\\e-GRCP\\e-grcp\\src\\components\\compliance\\ComplianceDialog.jsx","statementMap":{"0":{"start":{"line":19,"column":15},"end":{"line":49,"column":2}},"1":{"start":{"line":63,"column":6},"end":{"line":85,"column":4}},"2":{"start":{"line":87,"column":2},"end":{"line":115,"column":24}},"3":{"start":{"line":89,"column":4},"end":{"line":113,"column":5}},"4":{"start":{"line":91,"column":6},"end":{"line":91,"column":22}},"5":{"start":{"line":95,"column":6},"end":{"line":111,"column":9}},"6":{"start":{"line":117,"column":2},"end":{"line":170,"column":4}}},"fnMap":{"0":{"name":"ComplianceDialog","decl":{"start":{"line":51,"column":9},"end":{"line":51,"column":25}},"loc":{"start":{"line":56,"column":3},"end":{"line":172,"column":1}},"line":56},"1":{"name":"(anonymous_1)","decl":{"start":{"line":87,"column":12},"end":{"line":87,"column":13}},"loc":{"start":{"line":87,"column":18},"end":{"line":115,"column":3}},"line":87}},"branchMap":{"0":{"loc":{"start":{"line":89,"column":4},"end":{"line":113,"column":5}},"type":"if","locations":[{"start":{"line":89,"column":4},"end":{"line":113,"column":5}},{"start":{"line":93,"column":11},"end":{"line":113,"column":5}}],"line":89},"1":{"loc":{"start":{"line":128,"column":9},"end":{"line":130,"column":28}},"type":"cond-expr","locations":[{"start":{"line":129,"column":12},"end":{"line":129,"column":29}},{"start":{"line":130,"column":12},"end":{"line":130,"column":28}}],"line":128},"2":{"loc":{"start":{"line":159,"column":13},"end":{"line":161,"column":22}},"type":"cond-expr","locations":[{"start":{"line":160,"column":16},"end":{"line":160,"column":24}},{"start":{"line":161,"column":16},"end":{"line":161,"column":22}}],"line":159}},"s":{"0":0,"1":0,"2":0,"3":0,"4":0,"5":0,"6":0},"f":{"0":0,"1":0},"b":{"0":[0,0],"1":[0,0],"2":[0,0]}}
,"C:\\Users\\Nihal\\OneDrive\\Desktop\\e-GRCP\\e-grcp\\src\\components\\compliance\\ComplianceForm.jsx": {"path":"C:\\Users\\Nihal\\OneDrive\\Desktop\\e-GRCP\\e-grcp\\src\\components\\compliance\\ComplianceForm.jsx","statementMap":{"0":{"start":{"line":13,"column":2},"end":{"line":163,"column":4}},"1":{"start":{"line":24,"column":12},"end":{"line":30,"column":14}},"2":{"start":{"line":40,"column":12},"end":{"line":46,"column":14}},"3":{"start":{"line":56,"column":12},"end":{"line":62,"column":14}},"4":{"start":{"line":72,"column":12},"end":{"line":88,"column":24}},"5":{"start":{"line":98,"column":12},"end":{"line":116,"column":24}},"6":{"start":{"line":126,"column":12},"end":{"line":138,"column":14}},"7":{"start":{"line":148,"column":12},"end":{"line":157,"column":14}}},"fnMap":{"0":{"name":"ComplianceForm","decl":{"start":{"line":9,"column":9},"end":{"line":9,"column":23}},"loc":{"start":{"line":12,"column":3},"end":{"line":164,"column":1}},"line":12},"1":{"name":"(anonymous_1)","decl":{"start":{"line":23,"column":18},"end":{"line":23,"column":19}},"loc":{"start":{"line":24,"column":12},"end":{"line":30,"column":14}},"line":24},"2":{"name":"(anonymous_2)","decl":{"start":{"line":39,"column":18},"end":{"line":39,"column":19}},"loc":{"start":{"line":40,"column":12},"end":{"line":46,"column":14}},"line":40},"3":{"name":"(anonymous_3)","decl":{"start":{"line":55,"column":18},"end":{"line":55,"column":19}},"loc":{"start":{"line":56,"column":12},"end":{"line":62,"column":14}},"line":56},"4":{"name":"(anonymous_4)","decl":{"start":{"line":71,"column":18},"end":{"line":71,"column":19}},"loc":{"start":{"line":72,"column":12},"end":{"line":88,"column":24}},"line":72},"5":{"name":"(anonymous_5)","decl":{"start":{"line":97,"column":18},"end":{"line":97,"column":19}},"loc":{"start":{"line":98,"column":12},"end":{"line":116,"column":24}},"line":98},"6":{"name":"(anonymous_6)","decl":{"start":{"line":125,"column":18},"end":{"line":125,"column":19}},"loc":{"start":{"line":126,"column":12},"end":{"line":138,"column":14}},"line":126},"7":{"name":"(anonymous_7)","decl":{"start":{"line":147,"column":18},"end":{"line":147,"column":19}},"loc":{"start":{"line":148,"column":12},"end":{"line":157,"column":14}},"line":148}},"branchMap":{},"s":{"0":0,"1":0,"2":0,"3":0,"4":0,"5":0,"6":0,"7":0},"f":{"0":0,"1":0,"2":0,"3":0,"4":0,"5":0,"6":0,"7":0},"b":{}}
,"C:\\Users\\Nihal\\OneDrive\\Desktop\\e-GRCP\\e-grcp\\src\\components\\compliance\\ComplianceMonitoring.jsx": {"path":"C:\\Users\\Nihal\\OneDrive\\Desktop\\e-GRCP\\e-grcp\\src\\components\\compliance\\ComplianceMonitoring.jsx","statementMap":{"0":{"start":{"line":17,"column":13},"end":{"line":42,"column":1}},"1":{"start":{"line":45,"column":2},"end":{"line":94,"column":4}}},"fnMap":{"0":{"name":"ComplianceMonitoring","decl":{"start":{"line":44,"column":9},"end":{"line":44,"column":29}},"loc":{"start":{"line":44,"column":32},"end":{"line":95,"column":1}},"line":44}},"branchMap":{},"s":{"0":0,"1":0},"f":{"0":0},"b":{}}
,"C:\\Users\\Nihal\\OneDrive\\Desktop\\e-GRCP\\e-grcp\\src\\components\\compliance\\ComplianceStatCard.jsx": {"path":"C:\\Users\\Nihal\\OneDrive\\Desktop\\e-GRCP\\e-grcp\\src\\components\\compliance\\ComplianceStatCard.jsx","statementMap":{"0":{"start":{"line":14,"column":2},"end":{"line":78,"column":4}}},"fnMap":{"0":{"name":"ComplianceStatCard","decl":{"start":{"line":8,"column":9},"end":{"line":8,"column":27}},"loc":{"start":{"line":13,"column":3},"end":{"line":79,"column":1}},"line":13}},"branchMap":{},"s":{"0":0},"f":{"0":0},"b":{}}
,"C:\\Users\\Nihal\\OneDrive\\Desktop\\e-GRCP\\e-grcp\\src\\components\\compliance\\ComplianceTable.jsx": {"path":"C:\\Users\\Nihal\\OneDrive\\Desktop\\e-GRCP\\e-grcp\\src\\components\\compliance\\ComplianceTable.jsx","statementMap":{"0":{"start":{"line":43,"column":23},"end":{"line":43,"column":34}},"1":{"start":{"line":46,"column":4},"end":{"line":46,"column":15}},"2":{"start":{"line":49,"column":4},"end":{"line":49,"column":22}},"3":{"start":{"line":52,"column":4},"end":{"line":52,"column":19}},"4":{"start":{"line":55,"column":4},"end":{"line":55,"column":18}},"5":{"start":{"line":58,"column":4},"end":{"line":58,"column":19}},"6":{"start":{"line":61,"column":4},"end":{"line":61,"column":19}},"7":{"start":{"line":64,"column":4},"end":{"line":64,"column":18}},"8":{"start":{"line":67,"column":4},"end":{"line":67,"column":19}},"9":{"start":{"line":69,"column":19},"end":{"line":81,"column":3}},"10":{"start":{"line":72,"column":6},"end":{"line":73,"column":19}},"11":{"start":{"line":75,"column":4},"end":{"line":77,"column":6}},"12":{"start":{"line":79,"column":4},"end":{"line":79,"column":25}},"13":{"start":{"line":83,"column":19},"end":{"line":111,"column":25}},"14":{"start":{"line":85,"column":4},"end":{"line":109,"column":7}},"15":{"start":{"line":87,"column":12},"end":{"line":87,"column":22}},"16":{"start":{"line":88,"column":12},"end":{"line":88,"column":22}},"17":{"start":{"line":90,"column":6},"end":{"line":95,"column":7}},"18":{"start":{"line":92,"column":8},"end":{"line":92,"column":26}},"19":{"start":{"line":93,"column":8},"end":{"line":93,"column":26}},"20":{"start":{"line":97,"column":6},"end":{"line":100,"column":13}},"21":{"start":{"line":98,"column":8},"end":{"line":100,"column":13}},"22":{"start":{"line":102,"column":6},"end":{"line":105,"column":14}},"23":{"start":{"line":103,"column":8},"end":{"line":105,"column":14}},"24":{"start":{"line":107,"column":6},"end":{"line":107,"column":15}},"25":{"start":{"line":113,"column":19},"end":{"line":119,"column":3}},"26":{"start":{"line":115,"column":4},"end":{"line":115,"column":21}},"27":{"start":{"line":117,"column":4},"end":{"line":117,"column":22}},"28":{"start":{"line":121,"column":21},"end":{"line":127,"column":3}},"29":{"start":{"line":123,"column":4},"end":{"line":123,"column":20}},"30":{"start":{"line":125,"column":4},"end":{"line":125,"column":24}},"31":{"start":{"line":129,"column":22},"end":{"line":139,"column":3}},"32":{"start":{"line":131,"column":4},"end":{"line":131,"column":37}},"33":{"start":{"line":133,"column":4},"end":{"line":133,"column":25}},"34":{"start":{"line":135,"column":4},"end":{"line":135,"column":22}},"35":{"start":{"line":137,"column":4},"end":{"line":137,"column":14}},"36":{"start":{"line":141,"column":20},"end":{"line":159,"column":3}},"37":{"start":{"line":143,"column":4},"end":{"line":157,"column":5}},"38":{"start":{"line":146,"column":8},"end":{"line":146,"column":25}},"39":{"start":{"line":149,"column":8},"end":{"line":149,"column":25}},"40":{"start":{"line":152,"column":8},"end":{"line":152,"column":23}},"41":{"start":{"line":155,"column":8},"end":{"line":155,"column":25}},"42":{"start":{"line":161,"column":2},"end":{"line":497,"column":4}},"43":{"start":{"line":187,"column":0},"end":{"line":199,"column":12}},"44":{"start":{"line":192,"column":13},"end":{"line":192,"column":31}},"45":{"start":{"line":249,"column":0},"end":{"line":344,"column":11}},"46":{"start":{"line":305,"column":13},"end":{"line":305,"column":29}},"47":{"start":{"line":318,"column":13},"end":{"line":318,"column":25}},"48":{"start":{"line":331,"column":13},"end":{"line":331,"column":34}},"49":{"start":{"line":362,"column":21},"end":{"line":362,"column":31}},"50":{"start":{"line":364,"column":0},"end":{"line":364,"column":44}},"51":{"start":{"line":365,"column":0},"end":{"line":365,"column":11}},"52":{"start":{"line":372,"column":10},"end":{"line":372,"column":28}},"53":{"start":{"line":461,"column":14},"end":{"line":461,"column":32}},"54":{"start":{"line":474,"column":10},"end":{"line":474,"column":30}},"55":{"start":{"line":483,"column":10},"end":{"line":483,"column":28}}},"fnMap":{"0":{"name":"ComplianceTable","decl":{"start":{"line":37,"column":9},"end":{"line":37,"column":24}},"loc":{"start":{"line":41,"column":3},"end":{"line":498,"column":1}},"line":41},"1":{"name":"(anonymous_1)","decl":{"start":{"line":69,"column":19},"end":{"line":69,"column":20}},"loc":{"start":{"line":69,"column":31},"end":{"line":81,"column":3}},"line":69},"2":{"name":"(anonymous_2)","decl":{"start":{"line":83,"column":27},"end":{"line":83,"column":28}},"loc":{"start":{"line":83,"column":31},"end":{"line":111,"column":3}},"line":83},"3":{"name":"(anonymous_3)","decl":{"start":{"line":85,"column":26},"end":{"line":85,"column":27}},"loc":{"start":{"line":85,"column":33},"end":{"line":109,"column":5}},"line":85},"4":{"name":"(anonymous_4)","decl":{"start":{"line":113,"column":19},"end":{"line":113,"column":20}},"loc":{"start":{"line":113,"column":26},"end":{"line":119,"column":3}},"line":113},"5":{"name":"(anonymous_5)","decl":{"start":{"line":121,"column":21},"end":{"line":121,"column":22}},"loc":{"start":{"line":121,"column":27},"end":{"line":127,"column":3}},"line":121},"6":{"name":"(anonymous_6)","decl":{"start":{"line":129,"column":22},"end":{"line":129,"column":23}},"loc":{"start":{"line":129,"column":31},"end":{"line":139,"column":3}},"line":129},"7":{"name":"(anonymous_7)","decl":{"start":{"line":141,"column":20},"end":{"line":141,"column":21}},"loc":{"start":{"line":141,"column":30},"end":{"line":159,"column":3}},"line":141},"8":{"name":"(anonymous_8)","decl":{"start":{"line":185,"column":6},"end":{"line":185,"column":7}},"loc":{"start":{"line":187,"column":0},"end":{"line":199,"column":12}},"line":187},"9":{"name":"(anonymous_9)","decl":{"start":{"line":192,"column":9},"end":{"line":192,"column":10}},"loc":{"start":{"line":192,"column":13},"end":{"line":192,"column":31}},"line":192},"10":{"name":"(anonymous_10)","decl":{"start":{"line":247,"column":5},"end":{"line":247,"column":6}},"loc":{"start":{"line":249,"column":0},"end":{"line":344,"column":11}},"line":249},"11":{"name":"(anonymous_11)","decl":{"start":{"line":305,"column":9},"end":{"line":305,"column":10}},"loc":{"start":{"line":305,"column":13},"end":{"line":305,"column":29}},"line":305},"12":{"name":"(anonymous_12)","decl":{"start":{"line":318,"column":9},"end":{"line":318,"column":10}},"loc":{"start":{"line":318,"column":13},"end":{"line":318,"column":25}},"line":318},"13":{"name":"(anonymous_13)","decl":{"start":{"line":331,"column":9},"end":{"line":331,"column":10}},"loc":{"start":{"line":331,"column":13},"end":{"line":331,"column":34}},"line":331},"14":{"name":"(anonymous_14)","decl":{"start":{"line":362,"column":14},"end":{"line":362,"column":15}},"loc":{"start":{"line":362,"column":21},"end":{"line":362,"column":31}},"line":362},"15":{"name":"(anonymous_15)","decl":{"start":{"line":363,"column":21},"end":{"line":363,"column":22}},"loc":{"start":{"line":363,"column":26},"end":{"line":366,"column":1}},"line":363},"16":{"name":"(anonymous_16)","decl":{"start":{"line":371,"column":17},"end":{"line":371,"column":18}},"loc":{"start":{"line":372,"column":10},"end":{"line":372,"column":28}},"line":372},"17":{"name":"(anonymous_17)","decl":{"start":{"line":460,"column":21},"end":{"line":460,"column":22}},"loc":{"start":{"line":461,"column":14},"end":{"line":461,"column":32}},"line":461},"18":{"name":"(anonymous_18)","decl":{"start":{"line":473,"column":17},"end":{"line":473,"column":18}},"loc":{"start":{"line":474,"column":10},"end":{"line":474,"column":30}},"line":474},"19":{"name":"(anonymous_19)","decl":{"start":{"line":482,"column":17},"end":{"line":482,"column":18}},"loc":{"start":{"line":483,"column":10},"end":{"line":483,"column":28}},"line":483}},"branchMap":{"0":{"loc":{"start":{"line":72,"column":6},"end":{"line":73,"column":19}},"type":"binary-expr","locations":[{"start":{"line":72,"column":6},"end":{"line":72,"column":24}},{"start":{"line":73,"column":6},"end":{"line":73,"column":19}}],"line":72},"1":{"loc":{"start":{"line":76,"column":6},"end":{"line":76,"column":22}},"type":"cond-expr","locations":[{"start":{"line":76,"column":10},"end":{"line":76,"column":16}},{"start":{"line":76,"column":17},"end":{"line":76,"column":22}}],"line":76},"2":{"loc":{"start":{"line":90,"column":6},"end":{"line":95,"column":7}},"type":"if","locations":[{"start":{"line":90,"column":6},"end":{"line":95,"column":7}},{"start":{},"end":{}}],"line":90},"3":{"loc":{"start":{"line":97,"column":6},"end":{"line":100,"column":13}},"type":"if","locations":[{"start":{"line":97,"column":6},"end":{"line":100,"column":13}},{"start":{},"end":{}}],"line":97},"4":{"loc":{"start":{"line":98,"column":15},"end":{"line":100,"column":12}},"type":"cond-expr","locations":[{"start":{"line":99,"column":11},"end":{"line":99,"column":13}},{"start":{"line":100,"column":11},"end":{"line":100,"column":12}}],"line":98},"5":{"loc":{"start":{"line":102,"column":6},"end":{"line":105,"column":14}},"type":"if","locations":[{"start":{"line":102,"column":6},"end":{"line":105,"column":14}},{"start":{},"end":{}}],"line":102},"6":{"loc":{"start":{"line":103,"column":15},"end":{"line":105,"column":13}},"type":"cond-expr","locations":[{"start":{"line":104,"column":11},"end":{"line":104,"column":12}},{"start":{"line":105,"column":11},"end":{"line":105,"column":13}}],"line":103},"7":{"loc":{"start":{"line":143,"column":4},"end":{"line":157,"column":5}},"type":"switch","locations":[{"start":{"line":145,"column":6},"end":{"line":146,"column":25}},{"start":{"line":148,"column":6},"end":{"line":149,"column":25}},{"start":{"line":151,"column":6},"end":{"line":152,"column":23}},{"start":{"line":154,"column":6},"end":{"line":155,"column":25}}],"line":143},"8":{"loc":{"start":{"line":213,"column":1},"end":{"line":348,"column":1}},"type":"cond-expr","locations":[{"start":{"line":215,"column":0},"end":{"line":238,"column":11}},{"start":{"line":242,"column":0},"end":{"line":346,"column":2}}],"line":213},"9":{"loc":{"start":{"line":383,"column":11},"end":{"line":453,"column":11}},"type":"binary-expr","locations":[{"start":{"line":383,"column":11},"end":{"line":383,"column":19}},{"start":{"line":385,"column":12},"end":{"line":451,"column":19}}],"line":383}},"s":{"0":0,"1":0,"2":0,"3":0,"4":0,"5":0,"6":0,"7":0,"8":0,"9":0,"10":0,"11":0,"12":0,"13":0,"14":0,"15":0,"16":0,"17":0,"18":0,"19":0,"20":0,"21":0,"22":0,"23":0,"24":0,"25":0,"26":0,"27":0,"28":0,"29":0,"30":0,"31":0,"32":0,"33":0,"34":0,"35":0,"36":0,"37":0,"38":0,"39":0,"40":0,"41":0,"42":0,"43":0,"44":0,"45":0,"46":0,"47":0,"48":0,"49":0,"50":0,"51":0,"52":0,"53":0,"54":0,"55":0},"f":{"0":0,"1":0,"2":0,"3":0,"4":0,"5":0,"6":0,"7":0,"8":0,"9":0,"10":0,"11":0,"12":0,"13":0,"14":0,"15":0,"16":0,"17":0,"18":0,"19":0},"b":{"0":[0,0],"1":[0,0],"2":[0,0],"3":[0,0],"4":[0,0],"5":[0,0],"6":[0,0],"7":[0,0,0,0],"8":[0,0],"9":[0,0]}}
,"C:\\Users\\Nihal\\OneDrive\\Desktop\\e-GRCP\\e-grcp\\src\\components\\compliance\\ComplianceToolbar.jsx": {"path":"C:\\Users\\Nihal\\OneDrive\\Desktop\\e-GRCP\\e-grcp\\src\\components\\compliance\\ComplianceToolbar.jsx","statementMap":{"0":{"start":{"line":21,"column":2},"end":{"line":154,"column":4}},"1":{"start":{"line":33,"column":12},"end":{"line":33,"column":36}},"2":{"start":{"line":45,"column":12},"end":{"line":47,"column":13}},"3":{"start":{"line":104,"column":12},"end":{"line":106,"column":13}}},"fnMap":{"0":{"name":"ComplianceToolbar","decl":{"start":{"line":11,"column":9},"end":{"line":11,"column":26}},"loc":{"start":{"line":20,"column":3},"end":{"line":155,"column":1}},"line":20},"1":{"name":"(anonymous_1)","decl":{"start":{"line":32,"column":20},"end":{"line":32,"column":21}},"loc":{"start":{"line":33,"column":12},"end":{"line":33,"column":36}},"line":33},"2":{"name":"(anonymous_2)","decl":{"start":{"line":44,"column":20},"end":{"line":44,"column":21}},"loc":{"start":{"line":45,"column":12},"end":{"line":47,"column":13}},"line":45},"3":{"name":"(anonymous_3)","decl":{"start":{"line":103,"column":20},"end":{"line":103,"column":21}},"loc":{"start":{"line":104,"column":12},"end":{"line":106,"column":13}},"line":104}},"branchMap":{},"s":{"0":0,"1":0,"2":0,"3":0},"f":{"0":0,"1":0,"2":0,"3":0},"b":{}}
,"C:\\Users\\Nihal\\OneDrive\\Desktop\\e-GRCP\\e-grcp\\src\\components\\compliance\\DeleteComplianceDialog.jsx": {"path":"C:\\Users\\Nihal\\OneDrive\\Desktop\\e-GRCP\\e-grcp\\src\\components\\compliance\\DeleteComplianceDialog.jsx","statementMap":{"0":{"start":{"line":15,"column":2},"end":{"line":58,"column":4}}},"fnMap":{"0":{"name":"DeleteComplianceDialog","decl":{"start":{"line":10,"column":9},"end":{"line":10,"column":31}},"loc":{"start":{"line":14,"column":3},"end":{"line":59,"column":1}},"line":14}},"branchMap":{},"s":{"0":0},"f":{"0":0},"b":{}}
,"C:\\Users\\Nihal\\OneDrive\\Desktop\\e-GRCP\\e-grcp\\src\\components\\compliance\\ExpiredCertificates.jsx": {"path":"C:\\Users\\Nihal\\OneDrive\\Desktop\\e-GRCP\\e-grcp\\src\\components\\compliance\\ExpiredCertificates.jsx","statementMap":{"0":{"start":{"line":16,"column":21},"end":{"line":41,"column":1}},"1":{"start":{"line":44,"column":2},"end":{"line":53,"column":3}},"2":{"start":{"line":46,"column":6},"end":{"line":46,"column":21}},"3":{"start":{"line":49,"column":6},"end":{"line":49,"column":23}},"4":{"start":{"line":52,"column":6},"end":{"line":52,"column":23}},"5":{"start":{"line":57,"column":2},"end":{"line":128,"column":4}},"6":{"start":{"line":81,"column":14},"end":{"line":120,"column":20}}},"fnMap":{"0":{"name":"getColor","decl":{"start":{"line":43,"column":9},"end":{"line":43,"column":17}},"loc":{"start":{"line":43,"column":26},"end":{"line":54,"column":1}},"line":43},"1":{"name":"ExpiredCertificates","decl":{"start":{"line":56,"column":9},"end":{"line":56,"column":28}},"loc":{"start":{"line":56,"column":31},"end":{"line":129,"column":1}},"line":56},"2":{"name":"(anonymous_2)","decl":{"start":{"line":80,"column":12},"end":{"line":80,"column":13}},"loc":{"start":{"line":81,"column":14},"end":{"line":120,"column":20}},"line":81}},"branchMap":{"0":{"loc":{"start":{"line":44,"column":2},"end":{"line":53,"column":3}},"type":"switch","locations":[{"start":{"line":45,"column":4},"end":{"line":46,"column":21}},{"start":{"line":48,"column":4},"end":{"line":49,"column":23}},{"start":{"line":51,"column":4},"end":{"line":52,"column":23}}],"line":44},"1":{"loc":{"start":{"line":115,"column":17},"end":{"line":118,"column":17}},"type":"binary-expr","locations":[{"start":{"line":115,"column":17},"end":{"line":116,"column":41}},{"start":{"line":117,"column":18},"end":{"line":117,"column":29}}],"line":115}},"s":{"0":0,"1":0,"2":0,"3":0,"4":0,"5":0,"6":0},"f":{"0":0,"1":0,"2":0},"b":{"0":[0,0,0],"1":[0,0]}}
,"C:\\Users\\Nihal\\OneDrive\\Desktop\\e-GRCP\\e-grcp\\src\\components\\compliance\\MissingDocuments.jsx": {"path":"C:\\Users\\Nihal\\OneDrive\\Desktop\\e-GRCP\\e-grcp\\src\\components\\compliance\\MissingDocuments.jsx","statementMap":{"0":{"start":{"line":16,"column":18},"end":{"line":37,"column":1}},"1":{"start":{"line":40,"column":2},"end":{"line":49,"column":3}},"2":{"start":{"line":42,"column":6},"end":{"line":42,"column":21}},"3":{"start":{"line":45,"column":6},"end":{"line":45,"column":23}},"4":{"start":{"line":48,"column":6},"end":{"line":48,"column":23}},"5":{"start":{"line":53,"column":2},"end":{"line":126,"column":4}},"6":{"start":{"line":77,"column":14},"end":{"line":118,"column":20}}},"fnMap":{"0":{"name":"getColor","decl":{"start":{"line":39,"column":9},"end":{"line":39,"column":17}},"loc":{"start":{"line":39,"column":26},"end":{"line":50,"column":1}},"line":39},"1":{"name":"MissingDocuments","decl":{"start":{"line":52,"column":9},"end":{"line":52,"column":25}},"loc":{"start":{"line":52,"column":28},"end":{"line":127,"column":1}},"line":52},"2":{"name":"(anonymous_2)","decl":{"start":{"line":76,"column":12},"end":{"line":76,"column":13}},"loc":{"start":{"line":77,"column":14},"end":{"line":118,"column":20}},"line":77}},"branchMap":{"0":{"loc":{"start":{"line":40,"column":2},"end":{"line":49,"column":3}},"type":"switch","locations":[{"start":{"line":41,"column":4},"end":{"line":42,"column":21}},{"start":{"line":44,"column":4},"end":{"line":45,"column":23}},{"start":{"line":47,"column":4},"end":{"line":48,"column":23}}],"line":40},"1":{"loc":{"start":{"line":113,"column":17},"end":{"line":116,"column":17}},"type":"binary-expr","locations":[{"start":{"line":113,"column":17},"end":{"line":114,"column":38}},{"start":{"line":115,"column":18},"end":{"line":115,"column":29}}],"line":113}},"s":{"0":0,"1":0,"2":0,"3":0,"4":0,"5":0,"6":0},"f":{"0":0,"1":0,"2":0},"b":{"0":[0,0,0],"1":[0,0]}}
,"C:\\Users\\Nihal\\OneDrive\\Desktop\\e-GRCP\\e-grcp\\src\\components\\compliance\\ViolationsCard.jsx": {"path":"C:\\Users\\Nihal\\OneDrive\\Desktop\\e-GRCP\\e-grcp\\src\\components\\compliance\\ViolationsCard.jsx","statementMap":{"0":{"start":{"line":16,"column":19},"end":{"line":37,"column":1}},"1":{"start":{"line":40,"column":2},"end":{"line":49,"column":3}},"2":{"start":{"line":42,"column":6},"end":{"line":42,"column":21}},"3":{"start":{"line":45,"column":6},"end":{"line":45,"column":23}},"4":{"start":{"line":48,"column":6},"end":{"line":48,"column":23}},"5":{"start":{"line":53,"column":2},"end":{"line":122,"column":4}},"6":{"start":{"line":77,"column":14},"end":{"line":114,"column":20}}},"fnMap":{"0":{"name":"chipColor","decl":{"start":{"line":39,"column":9},"end":{"line":39,"column":18}},"loc":{"start":{"line":39,"column":26},"end":{"line":50,"column":1}},"line":39},"1":{"name":"ViolationsCard","decl":{"start":{"line":52,"column":9},"end":{"line":52,"column":23}},"loc":{"start":{"line":52,"column":26},"end":{"line":123,"column":1}},"line":52},"2":{"name":"(anonymous_2)","decl":{"start":{"line":76,"column":12},"end":{"line":76,"column":13}},"loc":{"start":{"line":77,"column":14},"end":{"line":114,"column":20}},"line":77}},"branchMap":{"0":{"loc":{"start":{"line":40,"column":2},"end":{"line":49,"column":3}},"type":"switch","locations":[{"start":{"line":41,"column":4},"end":{"line":42,"column":21}},{"start":{"line":44,"column":4},"end":{"line":45,"column":23}},{"start":{"line":47,"column":4},"end":{"line":48,"column":23}}],"line":40},"1":{"loc":{"start":{"line":109,"column":17},"end":{"line":112,"column":17}},"type":"binary-expr","locations":[{"start":{"line":109,"column":17},"end":{"line":110,"column":39}},{"start":{"line":111,"column":18},"end":{"line":111,"column":29}}],"line":109}},"s":{"0":0,"1":0,"2":0,"3":0,"4":0,"5":0,"6":0},"f":{"0":0,"1":0,"2":0},"b":{"0":[0,0,0],"1":[0,0]}}
[...]
,"C:\\Users\\Nihal\\OneDrive\\Desktop\\e-GRCP\\e-grcp\\src\\store\\slices\\notificationSlice.js": {"path":"C:\\Users\\Nihal\\OneDrive\\Desktop\\e-GRCP\\e-grcp\\src\\store\\slices\\notificationSlice.js","statementMap":{"0":{"start":{"line":5,"column":21},"end":{"line":8,"column":1}},"1":{"start":{"line":11,"column":2},"end":{"line":98,"column":4}},"2":{"start":{"line":23,"column":8},"end":{"line":24,"column":25}},"3":{"start":{"line":26,"column":8},"end":{"line":31,"column":19}},"4":{"start":{"line":29,"column":14},"end":{"line":30,"column":22}},"5":{"start":{"line":40,"column":8},"end":{"line":42,"column":10}},"6":{"start":{"line":44,"column":8},"end":{"line":44,"column":28}},"7":{"start":{"line":54,"column":10},"end":{"line":58,"column":11}},"8":{"start":{"line":56,"column":14},"end":{"line":57,"column":28}},"9":{"start":{"line":60,"column":8},"end":{"line":71,"column":9}},"10":{"start":{"line":66,"column":10},"end":{"line":67,"column":19}},"11":{"start":{"line":69,"column":10},"end":{"line":69,"column":30}},"12":{"start":{"line":80,"column":8},"end":{"line":85,"column":12}},"13":{"start":{"line":83,"column":14},"end":{"line":84,"column":28}},"14":{"start":{"line":87,"column":8},"end":{"line":92,"column":19}},"15":{"start":{"line":90,"column":14},"end":{"line":91,"column":22}},"16":{"start":{"line":111,"column":2},"end":{"line":111,"column":27}}},"fnMap":{"0":{"name":"(anonymous_0)","decl":{"start":{"line":18,"column":24},"end":{"line":18,"column":25}},"loc":{"start":{"line":21,"column":11},"end":{"line":33,"column":7}},"line":21},"1":{"name":"(anonymous_1)","decl":{"start":{"line":28,"column":12},"end":{"line":28,"column":13}},"loc":{"start":{"line":29,"column":14},"end":{"line":30,"column":22}},"line":29},"2":{"name":"(anonymous_2)","decl":{"start":{"line":35,"column":23},"end":{"line":35,"column":24}},"loc":{"start":{"line":38,"column":11},"end":{"line":46,"column":7}},"line":38},"3":{"name":"(anonymous_3)","decl":{"start":{"line":48,"column":18},"end":{"line":48,"column":19}},"loc":{"start":{"line":51,"column":11},"end":{"line":73,"column":7}},"line":51},"4":{"name":"(anonymous_4)","decl":{"start":{"line":55,"column":12},"end":{"line":55,"column":13}},"loc":{"start":{"line":56,"column":14},"end":{"line":57,"column":28}},"line":56},"5":{"name":"(anonymous_5)","decl":{"start":{"line":75,"column":26},"end":{"line":75,"column":27}},"loc":{"start":{"line":78,"column":11},"end":{"line":94,"column":7}},"line":78},"6":{"name":"(anonymous_6)","decl":{"start":{"line":82,"column":12},"end":{"line":82,"column":13}},"loc":{"start":{"line":83,"column":14},"end":{"line":84,"column":28}},"line":83},"7":{"name":"(anonymous_7)","decl":{"start":{"line":89,"column":12},"end":{"line":89,"column":13}},"loc":{"start":{"line":90,"column":14},"end":{"line":91,"column":22}},"line":90}},"branchMap":{"0":{"loc":{"start":{"line":60,"column":8},"end":{"line":71,"column":9}},"type":"if","locations":[{"start":{"line":60,"column":8},"end":{"line":71,"column":9}},{"start":{},"end":{}}],"line":60},"1":{"loc":{"start":{"line":61,"column":10},"end":{"line":63,"column":20}},"type":"binary-expr","locations":[{"start":{"line":61,"column":10},"end":{"line":61,"column":22}},{"start":{"line":62,"column":10},"end":{"line":63,"column":20}}],"line":61}},"s":{"0":1,"1":1,"2":1,"3":1,"4":3,"5":1,"6":1,"7":1,"8":1,"9":1,"10":1,"11":1,"12":1,"13":2,"14":1,"15":1,"16":1},"f":{"0":1,"1":3,"2":1,"3":1,"4":1,"5":1,"6":2,"7":1},"b":{"0":[1,0],"1":[1,1]},"_coverageSchema":"1a1c01bbd47fc00a2c39e90264f33305004495a9","hash":"08ab026b7ff2490b89165a7b76fc189825d6822c"}
,"C:\\Users\\Nihal\\OneDrive\\Desktop\\e-GRCP\\e-grcp\\src\\store\\slices\\procurementSlice.js": {"path":"C:\\Users\\Nihal\\OneDrive\\Desktop\\e-GRCP\\e-grcp\\src\\store\\slices\\procurementSlice.js","statementMap":{"0":{"start":{"line":5,"column":21},"end":{"line":7,"column":1}},"1":{"start":{"line":10,"column":2},"end":{"line":71,"column":4}},"2":{"start":{"line":23,"column":8},"end":{"line":24,"column":25}},"3":{"start":{"line":33,"column":8},"end":{"line":35,"column":10}},"4":{"start":{"line":44,"column":8},"end":{"line":51,"column":12}},"5":{"start":{"line":47,"column":14},"end":{"line":50,"column":22}},"6":{"start":{"line":60,"column":8},"end":{"line":65,"column":12}},"7":{"start":{"line":63,"column":14},"end":{"line":64,"column":28}},"8":{"start":{"line":84,"column":2},"end":{"line":84,"column":26}}},"fnMap":{"0":{"name":"(anonymous_0)","decl":{"start":{"line":18,"column":23},"end":{"line":18,"column":24}},"loc":{"start":{"line":21,"column":11},"end":{"line":26,"column":7}},"line":21},"1":{"name":"(anonymous_1)","decl":{"start":{"line":28,"column":22},"end":{"line":28,"column":23}},"loc":{"start":{"line":31,"column":11},"end":{"line":37,"column":7}},"line":31},"2":{"name":"(anonymous_2)","decl":{"start":{"line":39,"column":25},"end":{"line":39,"column":26}},"loc":{"start":{"line":42,"column":11},"end":{"line":53,"column":7}},"line":42},"3":{"name":"(anonymous_3)","decl":{"start":{"line":46,"column":12},"end":{"line":46,"column":13}},"loc":{"start":{"line":47,"column":14},"end":{"line":50,"column":22}},"line":47},"4":{"name":"(anonymous_4)","decl":{"start":{"line":55,"column":25},"end":{"line":55,"column":26}},"loc":{"start":{"line":58,"column":11},"end":{"line":67,"column":7}},"line":58},"5":{"name":"(anonymous_5)","decl":{"start":{"line":62,"column":12},"end":{"line":62,"column":13}},"loc":{"start":{"line":63,"column":14},"end":{"line":64,"column":28}},"line":63}},"branchMap":{"0":{"loc":{"start":{"line":47,"column":14},"end":{"line":50,"column":22}},"type":"cond-expr","locations":[{"start":{"line":49,"column":18},"end":{"line":49,"column":32}},{"start":{"line":50,"column":18},"end":{"line":50,"column":22}}],"line":47}},"s":{"0":1,"1":1,"2":1,"3":1,"4":1,"5":1,"6":1,"7":1,"8":1},"f":{"0":1,"1":1,"2":1,"3":1,"4":1,"5":1},"b":{"0":[1,0]},"_coverageSchema":"1a1c01bbd47fc00a2c39e90264f33305004495a9","hash":"c9ed92d0f78a7b19bfb18247cca81e7bf0518c1c"}
,"C:\\Users\\Nihal\\OneDrive\\Desktop\\e-GRCP\\e-grcp\\src\\store\\slices\\reportSlice.js": {"path":"C:\\Users\\Nihal\\OneDrive\\Desktop\\e-GRCP\\e-grcp\\src\\store\\slices\\reportSlice.js","statementMap":{"0":{"start":{"line":5,"column":21},"end":{"line":7,"column":1}},"1":{"start":{"line":10,"column":2},"end":{"line":71,"column":4}},"2":{"start":{"line":23,"column":8},"end":{"line":24,"column":25}},"3":{"start":{"line":33,"column":8},"end":{"line":35,"column":10}},"4":{"start":{"line":44,"column":8},"end":{"line":51,"column":12}},"5":{"start":{"line":47,"column":14},"end":{"line":50,"column":22}},"6":{"start":{"line":60,"column":8},"end":{"line":65,"column":12}},"7":{"start":{"line":63,"column":14},"end":{"line":64,"column":28}},"8":{"start":{"line":84,"column":2},"end":{"line":84,"column":21}}},"fnMap":{"0":{"name":"(anonymous_0)","decl":{"start":{"line":18,"column":18},"end":{"line":18,"column":19}},"loc":{"start":{"line":21,"column":11},"end":{"line":26,"column":7}},"line":21},"1":{"name":"(anonymous_1)","decl":{"start":{"line":28,"column":17},"end":{"line":28,"column":18}},"loc":{"start":{"line":31,"column":11},"end":{"line":37,"column":7}},"line":31},"2":{"name":"(anonymous_2)","decl":{"start":{"line":39,"column":20},"end":{"line":39,"column":21}},"loc":{"start":{"line":42,"column":11},"end":{"line":53,"column":7}},"line":42},"3":{"name":"(anonymous_3)","decl":{"start":{"line":46,"column":12},"end":{"line":46,"column":13}},"loc":{"start":{"line":47,"column":14},"end":{"line":50,"column":22}},"line":47},"4":{"name":"(anonymous_4)","decl":{"start":{"line":55,"column":20},"end":{"line":55,"column":21}},"loc":{"start":{"line":58,"column":11},"end":{"line":67,"column":7}},"line":58},"5":{"name":"(anonymous_5)","decl":{"start":{"line":62,"column":12},"end":{"line":62,"column":13}},"loc":{"start":{"line":63,"column":14},"end":{"line":64,"column":28}},"line":63}},"branchMap":{"0":{"loc":{"start":{"line":47,"column":14},"end":{"line":50,"column":22}},"type":"cond-expr","locations":[{"start":{"line":49,"column":18},"end":{"line":49,"column":32}},{"start":{"line":50,"column":18},"end":{"line":50,"column":22}}],"line":47}},"s":{"0":1,"1":1,"2":1,"3":1,"4":1,"5":1,"6":1,"7":2,"8":1},"f":{"0":1,"1":1,"2":1,"3":1,"4":1,"5":2},"b":{"0":[1,0]},"_coverageSchema":"1a1c01bbd47fc00a2c39e90264f33305004495a9","hash":"139df9023c7225106d0a6b8cac4e1abc62c33840"}
,"C:\\Users\\Nihal\\OneDrive\\Desktop\\e-GRCP\\e-grcp\\src\\store\\slices\\riskSlice.js": {"path":"C:\\Users\\Nihal\\OneDrive\\Desktop\\e-GRCP\\e-grcp\\src\\store\\slices\\riskSlice.js","statementMap":{"0":{"start":{"line":5,"column":21},"end":{"line":7,"column":1}},"1":{"start":{"line":10,"column":2},"end":{"line":71,"column":4}},"2":{"start":{"line":23,"column":8},"end":{"line":24,"column":25}},"3":{"start":{"line":33,"column":8},"end":{"line":35,"column":10}},"4":{"start":{"line":44,"column":8},"end":{"line":51,"column":12}},"5":{"start":{"line":47,"column":14},"end":{"line":50,"column":22}},"6":{"start":{"line":60,"column":8},"end":{"line":65,"column":12}},"7":{"start":{"line":63,"column":14},"end":{"line":64,"column":28}},"8":{"start":{"line":84,"column":2},"end":{"line":84,"column":19}}},"fnMap":{"0":{"name":"(anonymous_0)","decl":{"start":{"line":18,"column":16},"end":{"line":18,"column":17}},"loc":{"start":{"line":21,"column":11},"end":{"line":26,"column":7}},"line":21},"1":{"name":"(anonymous_1)","decl":{"start":{"line":28,"column":15},"end":{"line":28,"column":16}},"loc":{"start":{"line":31,"column":11},"end":{"line":37,"column":7}},"line":31},"2":{"name":"(anonymous_2)","decl":{"start":{"line":39,"column":18},"end":{"line":39,"column":19}},"loc":{"start":{"line":42,"column":11},"end":{"line":53,"column":7}},"line":42},"3":{"name":"(anonymous_3)","decl":{"start":{"line":46,"column":12},"end":{"line":46,"column":13}},"loc":{"start":{"line":47,"column":14},"end":{"line":50,"column":22}},"line":47},"4":{"name":"(anonymous_4)","decl":{"start":{"line":55,"column":18},"end":{"line":55,"column":19}},"loc":{"start":{"line":58,"column":11},"end":{"line":67,"column":7}},"line":58},"5":{"name":"(anonymous_5)","decl":{"start":{"line":62,"column":12},"end":{"line":62,"column":13}},"loc":{"start":{"line":63,"column":14},"end":{"line":64,"column":28}},"line":63}},"branchMap":{"0":{"loc":{"start":{"line":47,"column":14},"end":{"line":50,"column":22}},"type":"cond-expr","locations":[{"start":{"line":49,"column":18},"end":{"line":49,"column":32}},{"start":{"line":50,"column":18},"end":{"line":50,"column":22}}],"line":47}},"s":{"0":1,"1":1,"2":1,"3":1,"4":1,"5":1,"6":1,"7":1,"8":1},"f":{"0":1,"1":1,"2":1,"3":1,"4":1,"5":1},"b":{"0":[1,0]},"_coverageSchema":"1a1c01bbd47fc00a2c39e90264f33305004495a9","hash":"845a399020afad3a0510f5840abaac9eadc523e4"}
,"C:\\Users\\Nihal\\OneDrive\\Desktop\\e-GRCP\\e-grcp\\src\\store\\slices\\uiSlice.js": {"path":"C:\\Users\\Nihal\\OneDrive\\Desktop\\e-GRCP\\e-grcp\\src\\store\\slices\\uiSlice.js","statementMap":{"0":{"start":{"line":5,"column":21},"end":{"line":9,"column":1}},"1":{"start":{"line":12,"column":2},"end":{"line":53,"column":4}},"2":{"start":{"line":24,"column":8},"end":{"line":28,"column":22}},"3":{"start":{"line":36,"column":8},"end":{"line":37,"column":29}},"4":{"start":{"line":46,"column":8},"end":{"line":47,"column":25}},"5":{"start":{"line":64,"column":2},"end":{"line":64,"column":17}}},"fnMap":{"0":{"name":"(anonymous_0)","decl":{"start":{"line":20,"column":19},"end":{"line":20,"column":20}},"loc":{"start":{"line":22,"column":11},"end":{"line":30,"column":7}},"line":22},"1":{"name":"(anonymous_1)","decl":{"start":{"line":32,"column":21},"end":{"line":32,"column":22}},"loc":{"start":{"line":34,"column":11},"end":{"line":39,"column":7}},"line":34},"2":{"name":"(anonymous_2)","decl":{"start":{"line":41,"column":18},"end":{"line":41,"column":19}},"loc":{"start":{"line":44,"column":11},"end":{"line":49,"column":7}},"line":44}},"branchMap":{"0":{"loc":{"start":{"line":25,"column":10},"end":{"line":28,"column":21}},"type":"cond-expr","locations":[{"start":{"line":27,"column":14},"end":{"line":27,"column":20}},{"start":{"line":28,"column":14},"end":{"line":28,"column":21}}],"line":25}},"s":{"0":0,"1":0,"2":0,"3":0,"4":0,"5":0},"f":{"0":0,"1":0,"2":0},"b":{"0":[0,0]}}
,"C:\\Users\\Nihal\\OneDrive\\Desktop\\e-GRCP\\e-grcp\\src\\store\\slices\\vendorsSlice.js": {"path":"C:\\Users\\Nihal\\OneDrive\\Desktop\\e-GRCP\\e-grcp\\src\\store\\slices\\vendorsSlice.js","statementMap":{"0":{"start":{"line":5,"column":21},"end":{"line":7,"column":1}},"1":{"start":{"line":10,"column":2},"end":{"line":71,"column":4}},"2":{"start":{"line":23,"column":8},"end":{"line":24,"column":25}},"3":{"start":{"line":33,"column":8},"end":{"line":35,"column":10}},"4":{"start":{"line":44,"column":8},"end":{"line":51,"column":12}},"5":{"start":{"line":47,"column":14},"end":{"line":50,"column":22}},"6":{"start":{"line":60,"column":8},"end":{"line":65,"column":12}},"7":{"start":{"line":63,"column":14},"end":{"line":64,"column":28}},"8":{"start":{"line":84,"column":2},"end":{"line":84,"column":22}}},"fnMap":{"0":{"name":"(anonymous_0)","decl":{"start":{"line":18,"column":18},"end":{"line":18,"column":19}},"loc":{"start":{"line":21,"column":11},"end":{"line":26,"column":7}},"line":21},"1":{"name":"(anonymous_1)","decl":{"start":{"line":28,"column":17},"end":{"line":28,"column":18}},"loc":{"start":{"line":31,"column":11},"end":{"line":37,"column":7}},"line":31},"2":{"name":"(anonymous_2)","decl":{"start":{"line":39,"column":20},"end":{"line":39,"column":21}},"loc":{"start":{"line":42,"column":11},"end":{"line":53,"column":7}},"line":42},"3":{"name":"(anonymous_3)","decl":{"start":{"line":46,"column":12},"end":{"line":46,"column":13}},"loc":{"start":{"line":47,"column":14},"end":{"line":50,"column":22}},"line":47},"4":{"name":"(anonymous_4)","decl":{"start":{"line":55,"column":20},"end":{"line":55,"column":21}},"loc":{"start":{"line":58,"column":11},"end":{"line":67,"column":7}},"line":58},"5":{"name":"(anonymous_5)","decl":{"start":{"line":62,"column":12},"end":{"line":62,"column":13}},"loc":{"start":{"line":63,"column":14},"end":{"line":64,"column":28}},"line":63}},"branchMap":{"0":{"loc":{"start":{"line":47,"column":14},"end":{"line":50,"column":22}},"type":"cond-expr","locations":[{"start":{"line":49,"column":18},"end":{"line":49,"column":32}},{"start":{"line":50,"column":18},"end":{"line":50,"column":22}}],"line":47}},"s":{"0":1,"1":1,"2":1,"3":1,"4":1,"5":1,"6":1,"7":1,"8":1},"f":{"0":1,"1":1,"2":1,"3":1,"4":1,"5":1},"b":{"0":[1,0]},"_coverageSchema":"1a1c01bbd47fc00a2c39e90264f33305004495a9","hash":"a52efd14015f16b6caf84e8e7d7f8c4a59c1df87"}
,"C:\\Users\\Nihal\\OneDrive\\Desktop\\e-GRCP\\e-grcp\\src\\store\\thunks\\dashboardThunk.js": {"path":"C:\\Users\\Nihal\\OneDrive\\Desktop\\e-GRCP\\e-grcp\\src\\store\\thunks\\dashboardThunk.js","statementMap":{"0":{"start":{"line":10,"column":2},"end":{"line":33,"column":3}},"1":{"start":{"line":16,"column":6},"end":{"line":29,"column":7}},"2":{"start":{"line":19,"column":10},"end":{"line":19,"column":35}},"3":{"start":{"line":21,"column":8},"end":{"line":21,"column":20}},"4":{"start":{"line":25,"column":8},"end":{"line":27,"column":10}}},"fnMap":{"0":{"name":"(anonymous_0)","decl":{"start":{"line":14,"column":4},"end":{"line":14,"column":5}},"loc":{"start":{"line":14,"column":27},"end":{"line":31,"column":5}},"line":14}},"branchMap":{},"s":{"0":0,"1":0,"2":0,"3":0,"4":0},"f":{"0":0},"b":{}}
,"C:\\Users\\Nihal\\OneDrive\\Desktop\\e-GRCP\\e-grcp\\src\\theme\\theme.js": {"path":"C:\\Users\\Nihal\\OneDrive\\Desktop\\e-GRCP\\e-grcp\\src\\theme\\theme.js","statementMap":{"0":{"start":{"line":3,"column":24},"end":{"line":269,"column":4}},"1":{"start":{"line":4,"column":2},"end":{"line":269,"column":4}}},"fnMap":{"0":{"name":"(anonymous_0)","decl":{"start":{"line":3,"column":24},"end":{"line":3,"column":25}},"loc":{"start":{"line":4,"column":2},"end":{"line":269,"column":4}},"line":4}},"branchMap":{"0":{"loc":{"start":{"line":34,"column":10},"end":{"line":36,"column":23}},"type":"cond-expr","locations":[{"start":{"line":35,"column":14},"end":{"line":35,"column":23}},{"start":{"line":36,"column":14},"end":{"line":36,"column":23}}],"line":34},"1":{"loc":{"start":{"line":39,"column":10},"end":{"line":41,"column":23}},"type":"cond-expr","locations":[{"start":{"line":40,"column":14},"end":{"line":40,"column":23}},{"start":{"line":41,"column":14},"end":{"line":41,"column":23}}],"line":39},"2":{"loc":{"start":{"line":46,"column":10},"end":{"line":48,"column":23}},"type":"cond-expr","locations":[{"start":{"line":47,"column":14},"end":{"line":47,"column":23}},{"start":{"line":48,"column":14},"end":{"line":48,"column":23}}],"line":46},"3":{"loc":{"start":{"line":51,"column":10},"end":{"line":53,"column":23}},"type":"cond-expr","locations":[{"start":{"line":52,"column":14},"end":{"line":52,"column":23}},{"start":{"line":53,"column":14},"end":{"line":53,"column":23}}],"line":51},"4":{"loc":{"start":{"line":237,"column":14},"end":{"line":239,"column":27}},"type":"cond-expr","locations":[{"start":{"line":238,"column":18},"end":{"line":238,"column":27}},{"start":{"line":239,"column":18},"end":{"line":239,"column":27}}],"line":237},"5":{"loc":{"start":{"line":242,"column":14},"end":{"line":244,"column":27}},"type":"cond-expr","locations":[{"start":{"line":243,"column":18},"end":{"line":243,"column":27}},{"start":{"line":244,"column":18},"end":{"line":244,"column":27}}],"line":242}},"s":{"0":0,"1":0},"f":{"0":0},"b":{"0":[0,0],"1":[0,0],"2":[0,0],"3":[0,0],"4":[0,0],"5":[0,0]}}
,"C:\\Users\\Nihal\\OneDrive\\Desktop\\e-GRCP\\e-grcp\\src\\utils\\exportProcurement.js": {"path":"C:\\Users\\Nihal\\OneDrive\\Desktop\\e-GRCP\\e-grcp\\src\\utils\\exportProcurement.js","statementMap":{"0":{"start":{"line":2,"column":18},"end":{"line":9,"column":3}},"1":{"start":{"line":11,"column":14},"end":{"line":23,"column":14}},"2":{"start":{"line":14,"column":6},"end":{"line":21,"column":17}},"3":{"start":{"line":25,"column":15},"end":{"line":27,"column":4}},"4":{"start":{"line":30,"column":4},"end":{"line":30,"column":36}},"5":{"start":{"line":33,"column":4},"end":{"line":33,"column":31}},"6":{"start":{"line":35,"column":2},"end":{"line":35,"column":18}},"7":{"start":{"line":37,"column":2},"end":{"line":38,"column":23}},"8":{"start":{"line":40,"column":2},"end":{"line":40,"column":15}},"9":{"start":{"line":42,"column":2},"end":{"line":42,"column":34}}},"fnMap":{"0":{"name":"exportProcurementCSV","decl":{"start":{"line":1,"column":16},"end":{"line":1,"column":36}},"loc":{"start":{"line":1,"column":43},"end":{"line":43,"column":1}},"line":1},"1":{"name":"(anonymous_1)","decl":{"start":{"line":13,"column":16},"end":{"line":13,"column":17}},"loc":{"start":{"line":14,"column":6},"end":{"line":21,"column":17}},"line":14}},"branchMap":{},"s":{"0":0,"1":0,"2":0,"3":0,"4":0,"5":0,"6":0,"7":0,"8":0,"9":0},"f":{"0":0,"1":0},"b":{}}
,"C:\\Users\\Nihal\\OneDrive\\Desktop\\e-GRCP\\e-grcp\\src\\utils\\helpers\\validationSchema.js": {"path":"C:\\Users\\Nihal\\OneDrive\\Desktop\\e-GRCP\\e-grcp\\src\\utils\\helpers\\validationSchema.js","statementMap":{"0":{"start":{"line":3,"column":27},"end":{"line":13,"column":2}}},"fnMap":{},"branchMap":{},"s":{"0":1},"f":{},"b":{},"_coverageSchema":"1a1c01bbd47fc00a2c39e90264f33305004495a9","hash":"af28449b8d761ac6423e85f54a09a04c1682ed2c"}
}
