TN:
SF:src\App.jsx
FN:9,App
FN:12,(anonymous_1)
FNF:2
FNH:0
FNDA:0,App
FNDA:0,(anonymous_1)
DA:10,0
DA:12,0
DA:14,0
LF:3
LH:0
BRF:0
BRH:0
end_of_record
TN:
SF:src\components\approval\ApprovalQueueTabs.jsx
FN:8,ApprovalQueueTabs
FN:48,(anonymous_1)
FN:53,(anonymous_2)
FNF:3
FNH:0
FNDA:0,ApprovalQueueTabs
FNDA:0,(anonymous_1)
FNDA:0,(anonymous_2)
DA:13,0
DA:36,0
DA:49,0
DA:54,0
LF:4
LH:0
BRF:0
BRH:0
end_of_record
TN:
SF:src\components\approval\ApprovalStatCard.jsx
FN:8,ApprovalStatCard
FNF:1
FNH:0
FNDA:0,ApprovalStatCard
DA:14,0
LF:1
LH:0
BRF:0
BRH:0
end_of_record
TN:
SF:src\components\approval\ApprovalTable.jsx
FN:47,ApprovalTable
FN:91,(anonymous_1)
FN:105,(anonymous_2)
FN:107,(anonymous_3)
FN:137,(anonymous_4)
FN:162,(anonymous_5)
FN:187,(anonymous_6)
FN:195,(anonymous_7)
FN:205,(anonymous_8)
FN:215,(anonymous_9)
FN:225,(anonymous_10)
FN:235,(anonymous_11)
FN:254,(anonymous_12)
FN:273,(anonymous_13)
FN:292,(anonymous_14)
FN:338,(anonymous_15)
FN:352,(anonymous_16)
FN:388,(anonymous_17)
FN:456,(anonymous_18)
FN:473,(anonymous_19)
FN:490,(anonymous_20)
FN:507,(anonymous_21)
FN:524,(anonymous_22)
FN:563,(anonymous_23)
FN:569,(anonymous_24)
FN:583,(anonymous_25)
FN:661,(anonymous_26)
FN:674,(anonymous_27)
FN:682,(anonymous_28)
FN:690,(anonymous_29)
FN:700,(anonymous_30)
FN:711,(anonymous_31)
FNF:32
FNH:9
FNDA:16,ApprovalTable
FNDA:7,(anonymous_1)
FNDA:16,(anonymous_2)
FNDA:16,(anonymous_3)
FNDA:32,(anonymous_4)
FNDA:32,(anonymous_5)
FNDA:0,(anonymous_6)
FNDA:0,(anonymous_7)
FNDA:0,(anonymous_8)
FNDA:0,(anonymous_9)
FNDA:0,(anonymous_10)
FNDA:0,(anonymous_11)
FNDA:0,(anonymous_12)
FNDA:0,(anonymous_13)
FNDA:0,(anonymous_14)
FNDA:112,(anonymous_15)
FNDA:7,(anonymous_16)
FNDA:32,(anonymous_17)
FNDA:0,(anonymous_18)
FNDA:0,(anonymous_19)
FNDA:0,(anonymous_20)
FNDA:0,(anonymous_21)
FNDA:0,(anonymous_22)
FNDA:0,(anonymous_23)
FNDA:0,(anonymous_24)
FNDA:0,(anonymous_25)
FNDA:0,(anonymous_26)
FNDA:0,(anonymous_27)
FNDA:0,(anonymous_28)
FNDA:0,(anonymous_29)
FNDA:0,(anonymous_30)
FNDA:0,(anonymous_31)
DA:53,16
DA:56,16
DA:59,16
DA:62,16
DA:65,16
DA:68,16
DA:71,16
DA:74,16
DA:77,16
DA:80,16
DA:83,16
DA:86,16
DA:89,16
DA:91,16
DA:94,7
DA:97,7
DA:101,7
DA:105,16
DA:107,16
DA:109,16
DA:110,16
DA:112,16
DA:113,15
DA:114,15
DA:117,16
DA:118,3
DA:122,13
DA:123,13
DA:127,0
DA:137,16
DA:141,32
DA:144,16
DA:147,16
DA:150,0
DA:153,0
DA:156,0
DA:162,16
DA:166,32
DA:169,0
DA:172,16
DA:175,0
DA:178,16
DA:181,0
DA:187,16
DA:189,0
DA:191,0
DA:195,16
DA:199,0
DA:201,0
DA:205,16
DA:209,0
DA:211,0
DA:215,16
DA:219,0
DA:221,0
DA:225,16
DA:229,0
DA:231,0
DA:235,16
DA:237,0
DA:241,0
DA:243,0
DA:247,0
DA:249,0
DA:254,16
DA:256,0
DA:260,0
DA:262,0
DA:266,0
DA:268,0
DA:273,16
DA:275,0
DA:279,0
DA:281,0
DA:285,0
DA:287,0
DA:292,16
DA:294,0
DA:299,0
DA:301,0
DA:305,0
DA:307,0
DA:311,16
DA:340,112
DA:353,7
DA:390,32
DA:457,0
DA:474,0
DA:491,0
DA:508,0
DA:525,0
DA:567,0
DA:572,0
DA:578,0
DA:584,0
DA:662,0
DA:675,0
DA:683,0
DA:691,0
DA:701,0
DA:712,0
LF:101
LH:49
BRDA:94,0,0,7
BRDA:94,0,1,3
BRDA:98,1,0,2
BRDA:98,1,1,5
BRDA:112,2,0,15
BRDA:112,2,1,1
BRDA:117,3,0,3
BRDA:117,3,1,13
BRDA:118,4,0,3
BRDA:118,4,1,0
BRDA:122,5,0,13
BRDA:122,5,1,0
BRDA:123,6,0,11
BRDA:123,6,1,2
BRDA:141,7,0,16
BRDA:141,7,1,16
BRDA:141,7,2,0
BRDA:141,7,3,0
BRDA:141,7,4,0
BRDA:166,8,0,0
BRDA:166,8,1,16
BRDA:166,8,2,0
BRDA:166,8,3,16
BRDA:166,8,4,0
BRDA:595,9,0,16
BRDA:595,9,1,0
BRF:26
BRH:17
end_of_record
TN:
SF:src\components\approval\ApprovalToolbar.jsx
FN:13,ApprovalToolbar
FN:34,(anonymous_1)
FN:55,(anonymous_2)
FNF:3
FNH:0
FNDA:0,ApprovalToolbar
FNDA:0,(anonymous_1)
FNDA:0,(anonymous_2)
DA:21,0
DA:35,0
DA:56,0
LF:3
LH:0
BRF:0
BRH:0
end_of_record
TN:
SF:src\components\approval\ApproveDialog.jsx
FN:24,ApprovalDialog
FN:34,(anonymous_1)
FN:50,(anonymous_2)
FN:57,(anonymous_3)
FN:67,(anonymous_4)
FNF:5
FNH:0
FNDA:0,ApprovalDialog
FNDA:0,(anonymous_1)
FNDA:0,(anonymous_2)
FNDA:0,(anonymous_3)
FNDA:0,(anonymous_4)
DA:14,0
DA:32,0
DA:34,0
DA:36,0
DA:38,0
DA:44,0
DA:50,0
DA:55,0
DA:57,0
DA:67,0
DA:69,0
DA:76,0
DA:79,0
DA:83,0
LF:14
LH:0
BRDA:36,0,0,0
BRDA:36,0,1,0
BRDA:60,1,0,0
BRDA:60,1,1,0
BRDA:69,2,0,0
BRDA:69,2,1,0
BRDA:70,3,0,0
BRDA:70,3,1,0
BRDA:70,3,2,0
BRDA:70,3,3,0
BRDA:70,3,4,0
BRDA:94,4,0,0
BRDA:94,4,1,0
BRDA:252,5,0,0
BRDA:252,5,1,0
BRF:15
BRH:0
end_of_record
TN:
SF:src\components\approval\DelegateDialog.jsx
FN:12,DelegateDialog
FN:21,handleDelegate
FN:47,(anonymous_2)
FN:60,(anonymous_3)
FNF:4
FNH:0
FNDA:0,DelegateDialog
FNDA:0,handleDelegate
FNDA:0,(anonymous_2)
FNDA:0,(anonymous_3)
DA:19,0
DA:23,0
DA:25,0
DA:29,0
DA:48,0
DA:62,0
DA:64,0
LF:7
LH:0
BRF:0
BRH:0
end_of_record
TN:
SF:src\components\approval\RejectDialog.jsx
FN:10,RejectDialog
FNF:1
FNH:0
FNDA:0,RejectDialog
DA:15,0
LF:1
LH:0
BRF:0
BRH:0
end_of_record
TN:
SF:src\components\approval\SendBackDialog.jsx
FN:10,SendBackDialog
FNF:1
FNH:0
FNDA:0,SendBackDialog
DA:15,0
LF:1
LH:0
BRF:0
BRH:0
end_of_record
TN:
SF:src\components\audit\AuditDialog.jsx
FN:51,AuditDialog
FN:87,(anonymous_1)
FNF:2
FNH:0
FNDA:0,AuditDialog
FNDA:0,(anonymous_1)
DA:19,0
DA:63,0
DA:87,0
DA:89,0
DA:91,0
DA:95,0
DA:117,0
LF:7
LH:0
BRDA:89,0,0,0
BRDA:89,0,1,0
BRDA:128,1,0,0
BRDA:128,1,1,0
BRDA:159,2,0,0
BRDA:159,2,1,0
BRF:6
BRH:0
end_of_record
TN:
SF:src\components\audit\AuditForm.jsx
FN:9,AuditForm
FN:23,(anonymous_1)
FN:41,(anonymous_2)
FN:59,(anonymous_3)
FN:77,(anonymous_4)
FN:109,(anonymous_5)
FN:137,(anonymous_6)
FN:159,(anonymous_7)
FNF:8
FNH:0
FNDA:0,AuditForm
FNDA:0,(anonymous_1)
FNDA:0,(anonymous_2)
FNDA:0,(anonymous_3)
FNDA:0,(anonymous_4)
FNDA:0,(anonymous_5)
FNDA:0,(anonymous_6)
FNDA:0,(anonymous_7)
DA:13,0
DA:24,0
DA:42,0
DA:60,0
DA:78,0
DA:110,0
DA:138,0
DA:160,0
LF:8
LH:0
BRF:0
BRH:0
end_of_record
TN:
SF:src\components\audit\AuditHistory.jsx
FN:38,AuditHistory
FN:61,(anonymous_1)
FNF:2
FNH:0
FNDA:0,AuditHistory
FNDA:0,(anonymous_1)
DA:15,0
DA:39,0
DA:62,0
LF:3
LH:0
BRDA:110,0,0,0
BRDA:110,0,1,0
BRF:2
BRH:0
end_of_record
TN:
SF:src\components\audit\AuditReports.jsx
FN:39,getColor
FN:55,AuditReports
FN:79,(anonymous_2)
FNF:3
FNH:0
FNDA:0,getColor
FNDA:0,AuditReports
FNDA:0,(anonymous_2)
DA:16,0
DA:40,0
DA:42,0
DA:45,0
DA:48,0
DA:51,0
DA:56,0
DA:80,0
LF:8
LH:0
BRDA:40,0,0,0
BRDA:40,0,1,0
BRDA:40,0,2,0
BRDA:40,0,3,0
BRDA:122,1,0,0
BRDA:122,1,1,0
BRF:6
BRH:0
end_of_record
TN:
SF:src\components\audit\AuditStatCard.jsx
FN:8,AuditStatCard
FNF:1
FNH:0
FNDA:0,AuditStatCard
DA:14,0
LF:1
LH:0
BRF:0
BRH:0
end_of_record
TN:
SF:src\components\audit\AuditTable.jsx
FN:37,AuditTable
FN:70,(anonymous_1)
FN:84,(anonymous_2)
FN:86,(anonymous_3)
FN:112,(anonymous_4)
FN:120,(anonymous_5)
FN:128,(anonymous_6)
FN:140,(anonymous_7)
FN:160,(anonymous_8)
FN:209,(anonymous_9)
FN:216,(anonymous_10)
FN:269,(anonymous_11)
FN:332,(anonymous_12)
FN:345,(anonymous_13)
FN:358,(anonymous_14)
FN:389,(anonymous_15)
FN:390,(anonymous_16)
FN:398,(anonymous_17)
FN:499,(anonymous_18)
FN:512,(anonymous_19)
FN:521,(anonymous_20)
FNF:21
FNH:0
FNDA:0,AuditTable
FNDA:0,(anonymous_1)
FNDA:0,(anonymous_2)
FNDA:0,(anonymous_3)
FNDA:0,(anonymous_4)
FNDA:0,(anonymous_5)
FNDA:0,(anonymous_6)
FNDA:0,(anonymous_7)
FNDA:0,(anonymous_8)
FNDA:0,(anonymous_9)
FNDA:0,(anonymous_10)
FNDA:0,(anonymous_11)
FNDA:0,(anonymous_12)
FNDA:0,(anonymous_13)
FNDA:0,(anonymous_14)
FNDA:0,(anonymous_15)
FNDA:0,(anonymous_16)
FNDA:0,(anonymous_17)
FNDA:0,(anonymous_18)
FNDA:0,(anonymous_19)
FNDA:0,(anonymous_20)
DA:44,0
DA:47,0
DA:50,0
DA:53,0
DA:56,0
DA:59,0
DA:62,0
DA:65,0
DA:68,0
DA:70,0
DA:73,0
DA:76,0
DA:80,0
DA:84,0
DA:86,0
DA:88,0
DA:89,0
DA:91,0
DA:92,0
DA:93,0
DA:96,0
DA:97,0
DA:101,0
DA:102,0
DA:106,0
DA:112,0
DA:114,0
DA:116,0
DA:120,0
DA:122,0
DA:124,0
DA:128,0
DA:130,0
DA:132,0
DA:134,0
DA:136,0
DA:140,0
DA:142,0
DA:145,0
DA:148,0
DA:151,0
DA:154,0
DA:160,0
DA:162,0
DA:165,0
DA:168,0
DA:171,0
DA:174,0
DA:177,0
DA:183,0
DA:211,0
DA:216,0
DA:271,0
DA:332,0
DA:345,0
DA:358,0
DA:389,0
DA:391,0
DA:392,0
DA:399,0
DA:500,0
DA:513,0
DA:522,0
LF:63
LH:0
BRDA:73,0,0,0
BRDA:73,0,1,0
BRDA:77,1,0,0
BRDA:77,1,1,0
BRDA:91,2,0,0
BRDA:91,2,1,0
BRDA:96,3,0,0
BRDA:96,3,1,0
BRDA:97,4,0,0
BRDA:97,4,1,0
BRDA:101,5,0,0
BRDA:101,5,1,0
BRDA:102,6,0,0
BRDA:102,6,1,0
BRDA:142,7,0,0
BRDA:142,7,1,0
BRDA:142,7,2,0
BRDA:142,7,3,0
BRDA:162,8,0,0
BRDA:162,8,1,0
BRDA:162,8,2,0
BRDA:162,8,3,0
BRDA:162,8,4,0
BRDA:237,9,0,0
BRDA:237,9,1,0
BRDA:410,10,0,0
BRDA:410,10,1,0
BRF:27
BRH:0
end_of_record
TN:
SF:src\components\audit\AuditToolbar.jsx
FN:11,AuditToolbar
FN:32,(anonymous_1)
FN:44,(anonymous_2)
FN:75,(anonymous_3)
FNF:4
FNH:0
FNDA:0,AuditToolbar
FNDA:0,(anonymous_1)
FNDA:0,(anonymous_2)
FNDA:0,(anonymous_3)
DA:21,0
DA:33,0
DA:45,0
DA:76,0
LF:4
LH:0
BRF:0
BRH:0
end_of_record
TN:
SF:src\components\audit\DeleteAuditDialog.jsx
FN:10,DeleteAuditDialog
FNF:1
FNH:0
FNDA:0,DeleteAuditDialog
DA:15,0
LF:1
LH:0
BRF:0
BRH:0
end_of_record
TN:
SF:src\components\audit\SystemLogs.jsx
FN:49,getColor
FN:65,SystemLogs
FN:88,(anonymous_2)
FNF:3
FNH:0
FNDA:0,getColor
FNDA:0,SystemLogs
FNDA:0,(anonymous_2)
DA:16,0
DA:50,0
DA:52,0
DA:55,0
DA:58,0
DA:61,0
DA:66,0
DA:89,0
LF:8
LH:0
BRDA:50,0,0,0
BRDA:50,0,1,0
BRDA:50,0,2,0
BRDA:50,0,3,0
BRDA:141,1,0,0
BRDA:141,1,1,0
BRF:6
BRH:0
end_of_record
TN:
SF:src\components\audit\UserActivities.jsx
FN:43,chipColor
FN:62,UserActivities
FN:86,(anonymous_2)
FNF:3
FNH:0
FNDA:0,chipColor
FNDA:0,UserActivities
FNDA:0,(anonymous_2)
DA:16,0
DA:44,0
DA:46,0
DA:49,0
DA:52,0
DA:55,0
DA:58,0
DA:63,0
DA:87,0
LF:9
LH:0
BRDA:44,0,0,0
BRDA:44,0,1,0
BRDA:44,0,2,0
BRDA:44,0,3,0
BRDA:44,0,4,0
BRDA:137,1,0,0
BRDA:137,1,1,0
BRF:7
BRH:0
end_of_record
TN:
SF:src\components\common\CustomButton.jsx
FNF:0
FNH:0
LF:0
LH:0
BRF:0
BRH:0
end_of_record
TN:
SF:src\components\common\CustomInput.jsx
FNF:0
FNH:0
LF:0
LH:0
BRF:0
BRH:0
end_of_record
TN:
SF:src\components\common\ErrorMessage.jsx
FNF:0
FNH:0
LF:0
LH:0
BRF:0
BRH:0
end_of_record
TN:
SF:src\components\common\Logo.jsx
FN:3,Logo
FNF:1
FNH:0
FNDA:0,Logo
DA:4,0
LF:1
LH:0
BRF:0
BRH:0
end_of_record
TN:
SF:src\components\common\PageLoader.jsx
FNF:0
FNH:0
LF:0
LH:0
BRF:0
BRH:0
end_of_record
TN:
SF:src\components\compliance\ComplianceDialog.jsx
FN:51,ComplianceDialog
FN:87,(anonymous_1)
FNF:2
FNH:0
FNDA:0,ComplianceDialog
FNDA:0,(anonymous_1)
DA:19,0
DA:63,0
DA:87,0
DA:89,0
DA:91,0
DA:95,0
DA:117,0
LF:7
LH:0
BRDA:89,0,0,0
BRDA:89,0,1,0
BRDA:128,1,0,0
BRDA:128,1,1,0
BRDA:159,2,0,0
BRDA:159,2,1,0
BRF:6
BRH:0
end_of_record
TN:
SF:src\components\compliance\ComplianceForm.jsx
FN:9,ComplianceForm
FN:23,(anonymous_1)
FN:39,(anonymous_2)
FN:55,(anonymous_3)
FN:71,(anonymous_4)
FN:97,(anonymous_5)
FN:125,(anonymous_6)
FN:147,(anonymous_7)
FNF:8
FNH:0
FNDA:0,ComplianceForm
FNDA:0,(anonymous_1)
FNDA:0,(anonymous_2)
FNDA:0,(anonymous_3)
FNDA:0,(anonymous_4)
FNDA:0,(anonymous_5)
FNDA:0,(anonymous_6)
FNDA:0,(anonymous_7)
DA:13,0
DA:24,0
DA:40,0
DA:56,0
DA:72,0
DA:98,0
DA:126,0
DA:148,0
LF:8
LH:0
BRF:0
BRH:0
end_of_record
TN:
SF:src\components\compliance\ComplianceMonitoring.jsx
FN:44,ComplianceMonitoring
FNF:1
FNH:0
FNDA:0,ComplianceMonitoring
DA:17,0
DA:45,0
LF:2
LH:0
BRF:0
BRH:0
end_of_record
TN:
SF:src\components\compliance\ComplianceStatCard.jsx
FN:8,ComplianceStatCard
FNF:1
FNH:0
FNDA:0,ComplianceStatCard
DA:14,0
LF:1
LH:0
BRF:0
BRH:0
end_of_record
TN:
SF:src\components\compliance\ComplianceTable.jsx
FN:37,ComplianceTable
FN:69,(anonymous_1)
FN:83,(anonymous_2)
FN:85,(anonymous_3)
FN:113,(anonymous_4)
FN:121,(anonymous_5)
FN:129,(anonymous_6)
FN:141,(anonymous_7)
FN:185,(anonymous_8)
FN:192,(anonymous_9)
FN:247,(anonymous_10)
FN:305,(anonymous_11)
FN:318,(anonymous_12)
FN:331,(anonymous_13)
FN:362,(anonymous_14)
FN:363,(anonymous_15)
FN:371,(anonymous_16)
FN:460,(anonymous_17)
FN:473,(anonymous_18)
FN:482,(anonymous_19)
FNF:20
FNH:0
FNDA:0,ComplianceTable
FNDA:0,(anonymous_1)
FNDA:0,(anonymous_2)
FNDA:0,(anonymous_3)
FNDA:0,(anonymous_4)
FNDA:0,(anonymous_5)
FNDA:0,(anonymous_6)
FNDA:0,(anonymous_7)
FNDA:0,(anonymous_8)
FNDA:0,(anonymous_9)
FNDA:0,(anonymous_10)
FNDA:0,(anonymous_11)
FNDA:0,(anonymous_12)
FNDA:0,(anonymous_13)
FNDA:0,(anonymous_14)
FNDA:0,(anonymous_15)
FNDA:0,(anonymous_16)
FNDA:0,(anonymous_17)
FNDA:0,(anonymous_18)
FNDA:0,(anonymous_19)
DA:43,0
DA:46,0
DA:49,0
DA:52,0
DA:55,0
DA:58,0
DA:61,0
DA:64,0
DA:67,0
DA:69,0
DA:72,0
DA:75,0
DA:79,0
DA:83,0
DA:85,0
DA:87,0
DA:88,0
DA:90,0
DA:92,0
DA:93,0
DA:97,0
DA:98,0
DA:102,0
DA:103,0
DA:107,0
DA:113,0
DA:115,0
DA:117,0
DA:121,0
DA:123,0
DA:125,0
DA:129,0
DA:131,0
DA:133,0
DA:135,0
DA:137,0
DA:141,0
DA:143,0
DA:146,0
DA:149,0
DA:152,0
DA:155,0
DA:161,0
DA:187,0
DA:192,0
DA:249,0
DA:305,0
DA:318,0
DA:331,0
DA:362,0
DA:364,0
DA:365,0
DA:372,0
DA:461,0
DA:474,0
DA:483,0
LF:56
LH:0
BRDA:72,0,0,0
BRDA:72,0,1,0
BRDA:76,1,0,0
BRDA:76,1,1,0
BRDA:90,2,0,0
BRDA:90,2,1,0
BRDA:97,3,0,0
BRDA:97,3,1,0
BRDA:98,4,0,0
BRDA:98,4,1,0
BRDA:102,5,0,0
BRDA:102,5,1,0
BRDA:103,6,0,0
BRDA:103,6,1,0
BRDA:143,7,0,0
BRDA:143,7,1,0
BRDA:143,7,2,0
BRDA:143,7,3,0
BRDA:213,8,0,0
BRDA:213,8,1,0
BRDA:383,9,0,0
BRDA:383,9,1,0
BRF:22
BRH:0
end_of_record
TN:
SF:src\components\compliance\ComplianceToolbar.jsx
FN:11,ComplianceToolbar
FN:32,(anonymous_1)
FN:44,(anonymous_2)
FN:103,(anonymous_3)
FNF:4
FNH:0
FNDA:0,ComplianceToolbar
FNDA:0,(anonymous_1)
FNDA:0,(anonymous_2)
FNDA:0,(anonymous_3)
DA:21,0
DA:33,0
DA:45,0
DA:104,0
LF:4
LH:0
BRF:0
BRH:0
end_of_record
TN:
SF:src\components\compliance\DeleteComplianceDialog.jsx
FN:10,DeleteComplianceDialog
FNF:1
FNH:0
FNDA:0,DeleteComplianceDialog
DA:15,0
LF:1
LH:0
BRF:0
BRH:0
end_of_record
TN:
SF:src\components\compliance\ExpiredCertificates.jsx
FN:43,getColor
FN:56,ExpiredCertificates
FN:80,(anonymous_2)
FNF:3
FNH:0
FNDA:0,getColor
FNDA:0,ExpiredCertificates
FNDA:0,(anonymous_2)
DA:16,0
DA:44,0
DA:46,0
DA:49,0
DA:52,0
DA:57,0
DA:81,0
LF:7
LH:0
BRDA:44,0,0,0
BRDA:44,0,1,0
BRDA:44,0,2,0
BRDA:115,1,0,0
BRDA:115,1,1,0
BRF:5
BRH:0
end_of_record
TN:
SF:src\components\compliance\MissingDocuments.jsx
FN:39,getColor
FN:52,MissingDocuments
FN:76,(anonymous_2)
FNF:3
FNH:0
FNDA:0,getColor
FNDA:0,MissingDocuments
FNDA:0,(anonymous_2)
DA:16,0
DA:40,0
DA:42,0
DA:45,0
DA:48,0
DA:53,0
DA:77,0
LF:7
LH:0
BRDA:40,0,0,0
BRDA:40,0,1,0
BRDA:40,0,2,0
BRDA:113,1,0,0
BRDA:113,1,1,0
BRF:5
BRH:0
end_of_record
TN:
SF:src\components\compliance\ViolationsCard.jsx
FN:39,chipColor
FN:52,ViolationsCard
FN:76,(anonymous_2)
FNF:3
FNH:0
FNDA:0,chipColor
FNDA:0,ViolationsCard
FNDA:0,(anonymous_2)
DA:16,0
DA:40,0
DA:42,0
DA:45,0
DA:48,0
DA:53,0
DA:77,0
LF:7
LH:0
BRDA:40,0,0,0
BRDA:40,0,1,0
BRDA:40,0,2,0
BRDA:109,1,0,0
BRDA:109,1,1,0
BRF:5
BRH:0
end_of_record
TN:
SF:src\components\dashboard\ActivityCard.jsx
FN:17,getActivityIcon
FN:32,getAvatarColor
FN:47,getChipColor
FN:62,ActivityCard
FN:92,(anonymous_4)
FNF:5
FNH:0
FNDA:0,getActivityIcon
FNDA:0,getAvatarColor
FNDA:0,getChipColor
FNDA:0,ActivityCard
FNDA:0,(anonymous_4)
DA:18,0
DA:20,0
DA:21,0
DA:23,0
DA:24,0
DA:26,0
DA:27,0
DA:29,0
DA:33,0
DA:35,0
DA:36,0
DA:38,0
DA:39,0
DA:41,0
DA:42,0
DA:44,0
DA:48,0
DA:50,0
DA:51,0
DA:53,0
DA:54,0
DA:56,0
DA:57,0
DA:59,0
DA:65,0
DA:93,0
LF:26
LH:0
BRDA:20,0,0,0
BRDA:20,0,1,0
BRDA:23,1,0,0
BRDA:23,1,1,0
BRDA:26,2,0,0
BRDA:26,2,1,0
BRDA:35,3,0,0
BRDA:35,3,1,0
BRDA:38,4,0,0
BRDA:38,4,1,0
BRDA:41,5,0,0
BRDA:41,5,1,0
BRDA:50,6,0,0
BRDA:50,6,1,0
BRDA:53,7,0,0
BRDA:53,7,1,0
BRDA:56,8,0,0
BRDA:56,8,1,0
BRDA:63,9,0,0
BRDA:84,10,0,0
BRDA:84,10,1,0
BRDA:138,11,0,0
BRDA:138,11,1,0
BRDA:181,12,0,0
BRDA:181,12,1,0
BRDA:191,13,0,0
BRDA:191,13,1,0
BRF:27
BRH:0
end_of_record
TN:
SF:src\components\dashboard\ChartCard.jsx
FN:32,ChartCard
FN:153,(anonymous_1)
FN:200,(anonymous_2)
FNF:3
FNH:0
FNDA:0,ChartCard
FNDA:0,(anonymous_1)
FNDA:0,(anonymous_2)
DA:25,0
DA:33,0
DA:48,0
DA:63,0
DA:82,0
DA:154,0
DA:201,0
LF:7
LH:0
BRF:0
BRH:0
end_of_record
TN:
SF:src\components\dashboard\ComplianceSummary.jsx
FN:10,ComplianceSummary
FN:57,(anonymous_1)
FNF:2
FNH:0
FNDA:0,ComplianceSummary
FNDA:0,(anonymous_1)
DA:11,0
DA:34,0
DA:58,0
LF:3
LH:0
BRF:0
BRH:0
end_of_record
TN:
SF:src\components\dashboard\NotificationCard.jsx
FN:17,NotificationCard
FN:46,(anonymous_1)
FNF:2
FNH:0
FNDA:0,NotificationCard
FNDA:0,(anonymous_1)
DA:20,0
DA:47,0
LF:2
LH:0
BRDA:110,0,0,0
BRDA:110,0,1,0
BRDA:113,1,0,0
BRDA:113,1,1,0
BRDA:135,2,0,0
BRDA:135,2,1,0
BRF:6
BRH:0
end_of_record
TN:
SF:src\components\dashboard\QuickActions.jsx
FN:14,QuickActions
FN:57,(anonymous_1)
FNF:2
FNH:0
FNDA:0,QuickActions
FNDA:0,(anonymous_1)
DA:15,0
DA:34,0
DA:58,0
LF:3
LH:0
BRF:0
BRH:0
end_of_record
TN:
SF:src\components\dashboard\RecentApprovals.jsx
FN:16,RecentApprovals
FN:64,(anonymous_1)
FNF:2
FNH:0
FNDA:0,RecentApprovals
FNDA:0,(anonymous_1)
DA:17,0
DA:44,0
DA:65,0
LF:3
LH:0
BRDA:71,0,0,0
BRDA:71,0,1,0
BRDA:91,1,0,0
BRDA:91,1,1,0
BRDA:109,2,0,0
BRDA:109,2,1,0
BRF:6
BRH:0
end_of_record
TN:
SF:src\components\dashboard\StatCard.jsx
FN:10,StatCard
FNF:1
FNH:0
FNDA:0,StatCard
DA:16,0
LF:1
LH:0
BRF:0
BRH:0
end_of_record
TN:
SF:src\components\dashboard\TopRiskVendors.jsx
FN:16,TopRiskVendors
FN:40,(anonymous_1)
FN:66,(anonymous_2)
FNF:3
FNH:0
FNDA:0,TopRiskVendors
FNDA:0,(anonymous_1)
FNDA:0,(anonymous_2)
DA:17,0
DA:40,0
DA:41,0
DA:42,0
DA:43,0
DA:46,0
DA:67,0
LF:7
LH:0
BRDA:41,0,0,0
BRDA:41,0,1,0
BRDA:42,1,0,0
BRDA:42,1,1,0
BRDA:96,2,0,0
BRDA:96,2,1,0
BRF:6
BRH:0
end_of_record
TN:
SF:src\components\forms\ForgotPasswordForm.jsx
FN:7,ForgotPasswordForm
FNF:1
FNH:0
FNDA:0,ForgotPasswordForm
DA:8,0
LF:1
LH:0
BRF:0
BRH:0
end_of_record
TN:
SF:src\components\forms\LoginForm.jsx
FN:29,LoginForm
FN:44,(anonymous_1)
FN:91,(anonymous_2)
FN:116,(anonymous_3)
FNF:4
FNH:1
FNDA:6,LoginForm
FNDA:0,(anonymous_1)
FNDA:0,(anonymous_2)
FNDA:0,(anonymous_3)
DA:30,6
DA:31,6
DA:33,6
DA:34,6
DA:40,6
DA:44,6
DA:45,0
DA:46,0
DA:48,0
DA:50,0
DA:52,0
DA:54,0
DA:58,6
DA:92,0
DA:117,0
LF:15
LH:7
BRDA:61,0,0,6
BRDA:61,0,1,0
BRDA:80,1,0,0
BRDA:80,1,1,6
BRDA:95,2,0,0
BRDA:95,2,1,6
BRDA:130,3,0,0
BRDA:130,3,1,6
BRF:8
BRH:4
end_of_record
TN:
SF:src\components\forms\ResetPasswordForm.jsx
FN:7,ResetPasswordForm
FNF:1
FNH:0
FNDA:0,ResetPasswordForm
DA:8,0
LF:1
LH:0
BRF:0
BRH:0
end_of_record
TN:
SF:src\components\layout\Footer.jsx
FN:3,Footer
FNF:1
FNH:0
FNDA:0,Footer
DA:4,0
LF:1
LH:0
BRF:0
BRH:0
end_of_record
TN:
SF:src\components\layout\Header.jsx
FN:35,Header
FN:42,(anonymous_1)
FN:206,(anonymous_2)
FN:239,(anonymous_3)
FN:261,(anonymous_4)
FN:324,(anonymous_5)
FNF:6
FNH:0
FNDA:0,Header
FNDA:0,(anonymous_1)
FNDA:0,(anonymous_2)
FNDA:0,(anonymous_3)
FNDA:0,(anonymous_4)
FNDA:0,(anonymous_5)
DA:33,0
DA:36,0
DA:39,0
DA:41,0
DA:42,0
DA:48,0
DA:53,0
DA:55,0
DA:207,0
DA:240,0
DA:262,0
DA:325,0
LF:12
LH:0
BRDA:71,0,0,0
BRDA:71,0,1,0
BRDA:196,1,0,0
BRDA:196,1,1,0
BRDA:289,2,0,0
BRDA:289,2,1,0
BRDA:307,3,0,0
BRDA:307,3,1,0
BRDA:315,4,0,0
BRDA:315,4,1,0
BRF:10
BRH:0
end_of_record
TN:
SF:src\components\layout\Sidebar.jsx
FN:93,Sidebar
FN:112,(anonymous_1)
FN:154,(anonymous_2)
FN:160,(anonymous_3)
FNF:4
FNH:2
FNDA:4,Sidebar
FNDA:0,(anonymous_1)
FNDA:40,(anonymous_2)
FNDA:0,(anonymous_3)
DA:38,1
DA:40,1
DA:99,4
DA:102,4
DA:105,4
DA:108,4
DA:112,4
DA:114,0
DA:116,0
DA:118,0
DA:123,4
DA:156,40
DA:162,0
DA:163,0
DA:241,4
LF:15
LH:10
BRDA:162,0,0,0
BRDA:162,0,1,0
BRF:2
BRH:0
end_of_record
TN:
SF:src\components\notifications\NotificationDialog.jsx
FN:12,NotificationDialog
FN:18,(anonymous_1)
FNF:2
FNH:0
FNDA:0,NotificationDialog
FNDA:0,(anonymous_1)
DA:18,0
DA:22,0
DA:25,0
DA:28,0
DA:31,0
DA:34,0
DA:40,0
DA:41,0
DA:43,0
LF:9
LH:0
BRDA:22,0,0,0
BRDA:22,0,1,0
BRDA:22,0,2,0
BRDA:22,0,3,0
BRDA:40,1,0,0
BRDA:40,1,1,0
BRDA:92,2,0,0
BRDA:92,2,1,0
BRF:8
BRH:0
end_of_record
TN:
SF:src\components\notifications\NotificationList.jsx
FN:38,NotificationList
FN:55,(anonymous_1)
FN:77,handleRead
FN:93,handleUnread
FN:109,handleDelete
FN:127,handleView
FN:159,(anonymous_6)
FN:251,(anonymous_7)
FN:267,(anonymous_8)
FN:282,(anonymous_9)
FN:297,(anonymous_10)
FN:326,(anonymous_11)
FN:401,(anonymous_12)
FN:415,(anonymous_13)
FNF:14
FNH:0
FNDA:0,NotificationList
FNDA:0,(anonymous_1)
FNDA:0,handleRead
FNDA:0,handleUnread
FNDA:0,handleDelete
FNDA:0,handleView
FNDA:0,(anonymous_6)
FNDA:0,(anonymous_7)
FNDA:0,(anonymous_8)
FNDA:0,(anonymous_9)
FNDA:0,(anonymous_10)
FNDA:0,(anonymous_11)
FNDA:0,(anonymous_12)
FNDA:0,(anonymous_13)
DA:44,0
DA:47,0
DA:50,0
DA:53,0
DA:55,0
DA:59,0
DA:62,0
DA:65,0
DA:68,0
DA:71,0
DA:81,0
DA:83,0
DA:87,0
DA:89,0
DA:97,0
DA:99,0
DA:103,0
DA:105,0
DA:113,0
DA:117,0
DA:121,0
DA:123,0
DA:129,0
DA:131,0
DA:135,0
DA:161,0
DA:252,0
DA:268,0
DA:283,0
DA:298,0
DA:327,0
DA:402,0
DA:416,0
LF:33
LH:0
BRDA:59,0,0,0
BRDA:59,0,1,0
BRDA:59,0,2,0
BRDA:59,0,3,0
BRDA:170,1,0,0
BRDA:170,1,1,0
BRDA:225,2,0,0
BRDA:225,2,1,0
BRDA:260,3,0,0
BRDA:260,3,1,0
BRDA:310,4,0,0
BRDA:310,4,1,0
BRDA:339,5,0,0
BRDA:339,5,1,0
BRDA:377,6,0,0
BRDA:377,6,1,0
BRF:16
BRH:0
end_of_record
TN:
SF:src\components\notifications\NotificationStatCard.jsx
FN:8,NotificationStatCard
FNF:1
FNH:0
FNDA:0,NotificationStatCard
DA:14,0
LF:1
LH:0
BRF:0
BRH:0
end_of_record
TN:
SF:src\components\notifications\NotificationToolbar.jsx
FN:12,NotificationToolbar
FN:34,(anonymous_1)
FN:55,(anonymous_2)
FN:88,(anonymous_3)
FNF:4
FNH:0
FNDA:0,NotificationToolbar
FNDA:0,(anonymous_1)
FNDA:0,(anonymous_2)
FNDA:0,(anonymous_3)
DA:21,0
DA:35,0
DA:56,0
DA:89,0
LF:4
LH:0
BRF:0
BRH:0
end_of_record
TN:
SF:src\components\procurement\DeleteConfirmDialog.jsx
FN:10,DeleteConfirmDialog
FNF:1
FNH:0
FNDA:0,DeleteConfirmDialog
DA:15,0
LF:1
LH:0
BRF:0
BRH:0
end_of_record
TN:
SF:src\components\procurement\ProcurementDetailsDialog.jsx
FN:24,TabPanel
FN:40,ProcurementDetailsDialog
FN:65,(anonymous_2)
FNF:3
FNH:0
FNDA:0,TabPanel
FNDA:0,ProcurementDetailsDialog
FNDA:0,(anonymous_2)
DA:29,0
DA:46,0
DA:48,0
DA:50,0
DA:66,0
LF:5
LH:0
BRDA:31,0,0,0
BRDA:31,0,1,0
BRDA:48,1,0,0
BRDA:48,1,1,0
BRF:4
BRH:0
end_of_record
TN:
SF:src\components\procurement\ProcurementDialog.jsx
FN:39,ProcurementDialog
FN:63,(anonymous_1)
FNF:2
FNH:0
FNDA:0,ProcurementDialog
FNDA:0,(anonymous_1)
DA:19,0
DA:50,0
DA:63,0
DA:64,0
DA:65,0
DA:67,0
DA:78,0
LF:7
LH:0
BRDA:64,0,0,0
BRDA:64,0,1,0
BRDA:86,1,0,0
BRDA:86,1,1,0
BRDA:111,2,0,0
BRDA:111,2,1,0
BRF:6
BRH:0
end_of_record
TN:
SF:src\components\procurement\ProcurementForm.jsx
FN:9,ProcurementForm
FN:23,(anonymous_1)
FN:39,(anonymous_2)
FN:55,(anonymous_3)
FN:71,(anonymous_4)
FN:88,(anonymous_5)
FN:115,(anonymous_6)
FNF:7
FNH:0
FNDA:0,ProcurementForm
FNDA:0,(anonymous_1)
FNDA:0,(anonymous_2)
FNDA:0,(anonymous_3)
FNDA:0,(anonymous_4)
FNDA:0,(anonymous_5)
FNDA:0,(anonymous_6)
DA:13,0
DA:24,0
DA:40,0
DA:56,0
DA:72,0
DA:89,0
DA:116,0
LF:7
LH:0
BRF:0
BRH:0
end_of_record
TN:
SF:src\components\procurement\ProcurementTable.jsx
FN:32,ProcurementTable
FN:65,(anonymous_1)
FN:77,(anonymous_2)
FN:78,(anonymous_3)
FN:101,(anonymous_4)
FN:106,(anonymous_5)
FN:111,(anonymous_6)
FN:121,(anonymous_7)
FN:160,(anonymous_8)
FN:168,(anonymous_9)
FN:214,(anonymous_10)
FN:259,(anonymous_11)
FN:272,(anonymous_12)
FN:283,(anonymous_13)
FN:316,(anonymous_14)
FN:319,(anonymous_15)
FN:336,(anonymous_16)
FN:346,(anonymous_17)
FN:357,(anonymous_18)
FNF:19
FNH:0
FNDA:0,ProcurementTable
FNDA:0,(anonymous_1)
FNDA:0,(anonymous_2)
FNDA:0,(anonymous_3)
FNDA:0,(anonymous_4)
FNDA:0,(anonymous_5)
FNDA:0,(anonymous_6)
FNDA:0,(anonymous_7)
FNDA:0,(anonymous_8)
FNDA:0,(anonymous_9)
FNDA:0,(anonymous_10)
FNDA:0,(anonymous_11)
FNDA:0,(anonymous_12)
FNDA:0,(anonymous_13)
FNDA:0,(anonymous_14)
FNDA:0,(anonymous_15)
FNDA:0,(anonymous_16)
FNDA:0,(anonymous_17)
FNDA:0,(anonymous_18)
DA:37,0
DA:40,0
DA:43,0
DA:46,0
DA:51,0
DA:54,0
DA:57,0
DA:60,0
DA:63,0
DA:65,0
DA:67,0
DA:70,0
DA:74,0
DA:77,0
DA:78,0
DA:79,0
DA:80,0
DA:82,0
DA:83,0
DA:84,0
DA:87,0
DA:88,0
DA:92,0
DA:93,0
DA:97,0
DA:101,0
DA:102,0
DA:103,0
DA:106,0
DA:107,0
DA:108,0
DA:111,0
DA:112,0
DA:114,0
DA:116,0
DA:118,0
DA:121,0
DA:122,0
DA:124,0
DA:127,0
DA:130,0
DA:133,0
DA:137,0
DA:161,0
DA:169,0
DA:215,0
DA:260,0
DA:273,0
DA:284,0
DA:317,0
DA:322,0
DA:328,0
DA:337,0
DA:347,0
DA:358,0
LF:55
LH:0
BRDA:67,0,0,0
BRDA:67,0,1,0
BRDA:71,1,0,0
BRDA:71,1,1,0
BRDA:82,2,0,0
BRDA:82,2,1,0
BRDA:87,3,0,0
BRDA:87,3,1,0
BRDA:88,4,0,0
BRDA:88,4,1,0
BRDA:92,5,0,0
BRDA:92,5,1,0
BRDA:93,6,0,0
BRDA:93,6,1,0
BRDA:122,7,0,0
BRDA:122,7,1,0
BRDA:122,7,2,0
BRDA:122,7,3,0
BRDA:190,8,0,0
BRDA:190,8,1,0
BRF:20
BRH:0
end_of_record
TN:
SF:src\components\procurement\ProcurementToolbar.jsx
FN:11,ProcurementToolbar
FN:30,(anonymous_1)
FN:42,(anonymous_2)
FNF:3
FNH:0
FNDA:0,ProcurementToolbar
FNDA:0,(anonymous_1)
FNDA:0,(anonymous_2)
DA:19,0
DA:31,0
DA:43,0
LF:3
LH:0
BRF:0
BRH:0
end_of_record
TN:
SF:src\components\reports\DeleteReportDialog.jsx
FN:10,DeleteReportDialog
FNF:1
FNH:0
FNDA:0,DeleteReportDialog
DA:15,0
LF:1
LH:0
BRF:0
BRH:0
end_of_record
TN:
SF:src\components\reports\ReportCards.jsx
FN:12,ReportCards
FNF:1
FNH:0
FNDA:0,ReportCards
DA:14,0
DA:16,0
LF:2
LH:0
BRDA:14,0,0,0
BRDA:14,0,1,0
BRF:2
BRH:0
end_of_record
TN:
SF:src\components\reports\ReportChart.jsx
FN:16,ReportChart
FNF:1
FNH:0
FNDA:0,ReportChart
DA:17,0
LF:1
LH:0
BRF:0
BRH:0
end_of_record
TN:
SF:src\components\reports\ReportsDialog.jsx
FN:49,ReportsDialog
FN:83,(anonymous_1)
FNF:2
FNH:0
FNDA:0,ReportsDialog
FNDA:0,(anonymous_1)
DA:19,0
DA:61,0
DA:83,0
DA:85,0
DA:87,0
DA:91,0
DA:111,0
LF:7
LH:0
BRDA:85,0,0,0
BRDA:85,0,1,0
BRDA:122,1,0,0
BRDA:122,1,1,0
BRDA:153,2,0,0
BRDA:153,2,1,0
BRF:6
BRH:0
end_of_record
TN:
SF:src\components\reports\ReportsForm.jsx
FN:9,ReportsForm
FN:23,(anonymous_1)
FN:41,(anonymous_2)
FN:97,(anonymous_3)
FN:115,(anonymous_4)
FN:137,(anonymous_5)
FN:165,(anonymous_6)
FNF:7
FNH:0
FNDA:0,ReportsForm
FNDA:0,(anonymous_1)
FNDA:0,(anonymous_2)
FNDA:0,(anonymous_3)
FNDA:0,(anonymous_4)
FNDA:0,(anonymous_5)
FNDA:0,(anonymous_6)
DA:13,0
DA:24,0
DA:42,0
DA:98,0
DA:116,0
DA:138,0
DA:166,0
LF:7
LH:0
BRF:0
BRH:0
end_of_record
TN:
SF:src\components\reports\ReportsTable.jsx
FN:38,ReportsTable
FN:71,(anonymous_1)
FN:85,(anonymous_2)
FN:87,(anonymous_3)
FN:116,(anonymous_4)
FN:124,(anonymous_5)
FN:132,(anonymous_6)
FN:144,(anonymous_7)
FN:189,(anonymous_8)
FN:196,(anonymous_9)
FN:249,(anonymous_10)
FN:320,(anonymous_11)
FN:333,(anonymous_12)
FN:346,(anonymous_13)
FN:377,(anonymous_14)
FN:378,(anonymous_15)
FN:386,(anonymous_16)
FN:476,(anonymous_17)
FN:489,(anonymous_18)
FN:498,(anonymous_19)
FNF:20
FNH:8
FNDA:9,ReportsTable
FNDA:2,(anonymous_1)
FNDA:9,(anonymous_2)
FNDA:8,(anonymous_3)
FNDA:0,(anonymous_4)
FNDA:0,(anonymous_5)
FNDA:0,(anonymous_6)
FNDA:16,(anonymous_7)
FNDA:54,(anonymous_8)
FNDA:2,(anonymous_9)
FNDA:16,(anonymous_10)
FNDA:0,(anonymous_11)
FNDA:0,(anonymous_12)
FNDA:0,(anonymous_13)
FNDA:0,(anonymous_14)
FNDA:0,(anonymous_15)
FNDA:0,(anonymous_16)
FNDA:0,(anonymous_17)
FNDA:0,(anonymous_18)
FNDA:0,(anonymous_19)
DA:45,9
DA:48,9
DA:51,9
DA:54,9
DA:57,9
DA:60,9
DA:63,9
DA:66,9
DA:69,9
DA:71,9
DA:74,2
DA:77,2
DA:81,2
DA:85,9
DA:87,9
DA:89,8
DA:90,8
DA:92,8
DA:94,8
DA:96,8
DA:100,8
DA:101,0
DA:105,8
DA:106,8
DA:110,0
DA:116,9
DA:118,0
DA:120,0
DA:124,9
DA:126,0
DA:128,0
DA:132,9
DA:134,0
DA:136,0
DA:138,0
DA:140,0
DA:144,9
DA:146,16
DA:149,8
DA:152,8
DA:155,0
DA:158,0
DA:164,9
DA:191,54
DA:196,2
DA:251,16
DA:320,0
DA:333,0
DA:346,0
DA:377,0
DA:379,0
DA:380,0
DA:387,0
DA:477,0
DA:490,0
DA:499,0
LF:56
LH:34
BRDA:74,0,0,2
BRDA:74,0,1,2
BRDA:78,1,0,1
BRDA:78,1,1,1
BRDA:92,2,0,8
BRDA:92,2,1,0
BRDA:100,3,0,0
BRDA:100,3,1,8
BRDA:101,4,0,0
BRDA:101,4,1,0
BRDA:105,5,0,8
BRDA:105,5,1,0
BRDA:106,6,0,7
BRDA:106,6,1,1
BRDA:146,7,0,8
BRDA:146,7,1,8
BRDA:146,7,2,0
BRDA:146,7,3,0
BRDA:217,8,0,1
BRDA:217,8,1,8
BRDA:398,9,0,9
BRDA:398,9,1,0
BRF:22
BRH:14
end_of_record
TN:
SF:src\components\reports\ReportsToolbar.jsx
FN:11,ReportsToolbar
FN:32,(anonymous_1)
FN:44,(anonymous_2)
FN:72,(anonymous_3)
FNF:4
FNH:0
FNDA:0,ReportsToolbar
FNDA:0,(anonymous_1)
FNDA:0,(anonymous_2)
FNDA:0,(anonymous_3)
DA:21,0
DA:33,0
DA:45,0
DA:73,0
LF:4
LH:0
BRF:0
BRH:0
end_of_record
TN:
SF:src\components\reports\SaveReportDialog.jsx
FN:18,SaveReportDialog
FN:27,handleChange
FN:34,(anonymous_2)
FN:41,handleSubmit
FN:52,handleClose
FNF:5
FNH:0
FNDA:0,SaveReportDialog
FNDA:0,handleChange
FNDA:0,(anonymous_2)
FNDA:0,handleSubmit
FNDA:0,handleClose
DA:13,0
DA:25,0
DA:32,0
DA:34,0
DA:43,0
DA:44,0
DA:46,0
DA:48,0
DA:54,0
DA:56,0
DA:60,0
LF:11
LH:0
BRDA:43,0,0,0
BRDA:43,0,1,0
BRF:2
BRH:0
end_of_record
TN:
SF:src\components\risk\DeleteRiskDialog.jsx
FN:10,DeleteRiskDialog
FNF:1
FNH:0
FNDA:0,DeleteRiskDialog
DA:15,0
LF:1
LH:0
BRF:0
BRH:0
end_of_record
TN:
SF:src\components\risk\RiskBarChart.jsx
FN:40,RiskBarChart
FNF:1
FNH:0
FNDA:0,RiskBarChart
DA:17,0
DA:41,0
LF:2
LH:0
BRF:0
BRH:0
end_of_record
TN:
SF:src\components\risk\RiskDialog.jsx
FN:55,RiskDialog
FN:93,(anonymous_1)
FN:125,submit
FNF:3
FNH:0
FNDA:0,RiskDialog
FNDA:0,(anonymous_1)
FNDA:0,submit
DA:19,0
DA:67,0
DA:93,0
DA:95,0
DA:97,0
DA:101,0
DA:128,0
DA:131,0
DA:138,0
LF:9
LH:0
BRDA:95,0,0,0
BRDA:95,0,1,0
BRDA:149,1,0,0
BRDA:149,1,1,0
BRDA:180,2,0,0
BRDA:180,2,1,0
BRF:6
BRH:0
end_of_record
TN:
SF:src\components\risk\RiskDistributionChart.jsx
FN:42,RiskDistributionChart
FN:77,(anonymous_1)
FNF:2
FNH:0
FNDA:0,RiskDistributionChart
FNDA:0,(anonymous_1)
DA:16,0
DA:35,0
DA:43,0
DA:78,0
LF:4
LH:0
BRF:0
BRH:0
end_of_record
TN:
SF:src\components\risk\RiskForm.jsx
FN:9,RiskForm
FN:23,(anonymous_1)
FN:39,(anonymous_2)
FN:55,(anonymous_3)
FN:71,(anonymous_4)
FN:78,(anonymous_5)
FN:95,(anonymous_6)
FN:102,(anonymous_7)
FN:119,(anonymous_8)
FN:151,(anonymous_9)
FN:179,(anonymous_10)
FNF:11
FNH:0
FNDA:0,RiskForm
FNDA:0,(anonymous_1)
FNDA:0,(anonymous_2)
FNDA:0,(anonymous_3)
FNDA:0,(anonymous_4)
FNDA:0,(anonymous_5)
FNDA:0,(anonymous_6)
FNDA:0,(anonymous_7)
FNDA:0,(anonymous_8)
FNDA:0,(anonymous_9)
FNDA:0,(anonymous_10)
DA:13,0
DA:24,0
DA:40,0
DA:56,0
DA:72,0
DA:79,0
DA:96,0
DA:103,0
DA:120,0
DA:152,0
DA:180,0
LF:11
LH:0
BRF:0
BRH:0
end_of_record
TN:
SF:src\components\risk\RiskHeatMap.jsx
FN:17,getColor
FN:36,RiskHeatMap
FN:61,(anonymous_2)
FNF:3
FNH:0
FNDA:0,getColor
FNDA:0,RiskHeatMap
FNDA:0,(anonymous_2)
DA:9,0
DA:18,0
DA:20,0
DA:23,0
DA:26,0
DA:29,0
DA:32,0
DA:37,0
DA:62,0
LF:9
LH:0
BRDA:18,0,0,0
BRDA:18,0,1,0
BRDA:18,0,2,0
BRDA:18,0,3,0
BRDA:18,0,4,0
BRF:5
BRH:0
end_of_record
TN:
SF:src\components\risk\RiskMatrix.jsx
FN:16,getColor
FN:35,RiskMatrix
FN:64,(anonymous_2)
FNF:3
FNH:0
FNDA:0,getColor
FNDA:0,RiskMatrix
FNDA:0,(anonymous_2)
DA:8,0
DA:17,0
DA:19,0
DA:22,0
DA:25,0
DA:28,0
DA:31,0
DA:36,0
DA:65,0
LF:9
LH:0
BRDA:17,0,0,0
BRDA:17,0,1,0
BRDA:17,0,2,0
BRDA:17,0,3,0
BRDA:17,0,4,0
BRF:5
BRH:0
end_of_record
TN:
SF:src\components\risk\RiskStatCard.jsx
FN:8,RiskStatCard
FNF:1
FNH:0
FNDA:0,RiskStatCard
DA:14,0
LF:1
LH:0
BRF:0
BRH:0
end_of_record
TN:
SF:src\components\risk\RiskTable.jsx
FN:37,RiskTable
FN:69,(anonymous_1)
FN:83,(anonymous_2)
FN:85,(anonymous_3)
FN:114,(anonymous_4)
FN:122,(anonymous_5)
FN:130,(anonymous_6)
FN:142,(anonymous_7)
FN:165,(anonymous_8)
FN:211,(anonymous_9)
FN:218,(anonymous_10)
FN:273,(anonymous_11)
FN:341,(anonymous_12)
FN:354,(anonymous_13)
FN:367,(anonymous_14)
FN:398,(anonymous_15)
FN:399,(anonymous_16)
FN:407,(anonymous_17)
FN:520,(anonymous_18)
FN:533,(anonymous_19)
FN:542,(anonymous_20)
FNF:21
FNH:0
FNDA:0,RiskTable
FNDA:0,(anonymous_1)
FNDA:0,(anonymous_2)
FNDA:0,(anonymous_3)
FNDA:0,(anonymous_4)
FNDA:0,(anonymous_5)
FNDA:0,(anonymous_6)
FNDA:0,(anonymous_7)
FNDA:0,(anonymous_8)
FNDA:0,(anonymous_9)
FNDA:0,(anonymous_10)
FNDA:0,(anonymous_11)
FNDA:0,(anonymous_12)
FNDA:0,(anonymous_13)
FNDA:0,(anonymous_14)
FNDA:0,(anonymous_15)
FNDA:0,(anonymous_16)
FNDA:0,(anonymous_17)
FNDA:0,(anonymous_18)
FNDA:0,(anonymous_19)
FNDA:0,(anonymous_20)
DA:43,0
DA:46,0
DA:49,0
DA:52,0
DA:55,0
DA:58,0
DA:61,0
DA:64,0
DA:67,0
DA:69,0
DA:72,0
DA:75,0
DA:79,0
DA:83,0
DA:85,0
DA:87,0
DA:88,0
DA:90,0
DA:92,0
DA:94,0
DA:98,0
DA:99,0
DA:103,0
DA:104,0
DA:108,0
DA:114,0
DA:116,0
DA:118,0
DA:122,0
DA:124,0
DA:126,0
DA:130,0
DA:132,0
DA:134,0
DA:136,0
DA:138,0
DA:142,0
DA:144,0
DA:147,0
DA:150,0
DA:153,0
DA:156,0
DA:159,0
DA:165,0
DA:167,0
DA:170,0
DA:173,0
DA:176,0
DA:179,0
DA:185,0
DA:213,0
DA:218,0
DA:275,0
DA:341,0
DA:354,0
DA:367,0
DA:398,0
DA:400,0
DA:401,0
DA:408,0
DA:521,0
DA:534,0
DA:543,0
LF:63
LH:0
BRDA:72,0,0,0
BRDA:72,0,1,0
BRDA:76,1,0,0
BRDA:76,1,1,0
BRDA:90,2,0,0
BRDA:90,2,1,0
BRDA:98,3,0,0
BRDA:98,3,1,0
BRDA:99,4,0,0
BRDA:99,4,1,0
BRDA:103,5,0,0
BRDA:103,5,1,0
BRDA:104,6,0,0
BRDA:104,6,1,0
BRDA:144,7,0,0
BRDA:144,7,1,0
BRDA:144,7,2,0
BRDA:144,7,3,0
BRDA:144,7,4,0
BRDA:167,8,0,0
BRDA:167,8,1,0
BRDA:167,8,2,0
BRDA:167,8,3,0
BRDA:239,9,0,0
BRDA:239,9,1,0
BRDA:419,10,0,0
BRDA:419,10,1,0
BRF:27
BRH:0
end_of_record
TN:
SF:src\components\risk\RiskToolbar.jsx
FN:11,RiskToolbar
FN:32,(anonymous_1)
FN:44,(anonymous_2)
FN:79,(anonymous_3)
FNF:4
FNH:0
FNDA:0,RiskToolbar
FNDA:0,(anonymous_1)
FNDA:0,(anonymous_2)
FNDA:0,(anonymous_3)
DA:21,0
DA:33,0
DA:45,0
DA:80,0
LF:4
LH:0
BRF:0
BRH:0
end_of_record
TN:
SF:src\components\risk\RiskTrendChart.jsx
FN:44,RiskTrendChart
FNF:1
FNH:0
FNDA:0,RiskTrendChart
DA:17,0
DA:45,0
LF:2
LH:0
BRF:0
BRH:0
end_of_record
TN:
SF:src\components\settings\AccountSettings.jsx
FN:16,AccountSettings
FN:34,(anonymous_1)
FN:47,(anonymous_2)
FN:216,(anonymous_3)
FNF:4
FNH:0
FNDA:0,AccountSettings
FNDA:0,(anonymous_1)
FNDA:0,(anonymous_2)
FNDA:0,(anonymous_3)
DA:19,0
DA:32,0
DA:34,0
DA:36,0
DA:47,0
DA:51,0
DA:55,0
DA:217,0
LF:8
LH:0
BRF:0
BRH:0
end_of_record
TN:
SF:src\components\settings\ChangePasswordDialog.jsx
FN:18,ChangePasswordDialog
FN:27,handleChange
FN:34,(anonymous_2)
FN:41,handleSubmit
FN:59,handleClose
FNF:5
FNH:0
FNDA:0,ChangePasswordDialog
FNDA:0,handleChange
FNDA:0,(anonymous_2)
FNDA:0,handleSubmit
FNDA:0,handleClose
DA:12,0
DA:25,0
DA:32,0
DA:34,0
DA:43,0
DA:47,0
DA:50,0
DA:55,0
DA:61,0
DA:63,0
DA:67,0
LF:11
LH:0
BRDA:43,0,0,0
BRDA:43,0,1,0
BRF:2
BRH:0
end_of_record
TN:
SF:src\components\settings\NotificationSettings.jsx
FN:16,NotificationSettings
FN:38,(anonymous_1)
FN:51,(anonymous_2)
FN:194,(anonymous_3)
FNF:4
FNH:0
FNDA:0,NotificationSettings
FNDA:0,(anonymous_1)
FNDA:0,(anonymous_2)
FNDA:0,(anonymous_3)
DA:19,0
DA:36,0
DA:38,0
DA:40,0
DA:51,0
DA:55,0
DA:59,0
DA:195,0
LF:8
LH:0
BRF:0
BRH:0
end_of_record
TN:
SF:src\components\settings\ProfileSettings.jsx
FN:19,ProfileSettings
FN:33,(anonymous_1)
FN:43,(anonymous_2)
FN:201,(anonymous_3)
FNF:4
FNH:0
FNDA:0,ProfileSettings
FNDA:0,(anonymous_1)
FNDA:0,(anonymous_2)
FNDA:0,(anonymous_3)
DA:22,0
DA:31,0
DA:33,0
DA:35,0
DA:43,0
DA:47,0
DA:51,0
DA:202,0
LF:8
LH:0
BRF:0
BRH:0
end_of_record
TN:
SF:src\components\settings\SecurityCard.jsx
FN:11,SecurityCard
FN:51,(anonymous_1)
FNF:2
FNH:0
FNDA:0,SecurityCard
FNDA:0,(anonymous_1)
DA:17,0
DA:54,0
LF:2
LH:0
BRF:0
BRH:0
end_of_record
TN:
SF:src\components\settings\SecuritySettings.jsx
FN:17,SecuritySettings
FN:39,(anonymous_1)
FN:53,(anonymous_2)
FN:66,(anonymous_3)
FN:237,(anonymous_4)
FNF:5
FNH:0
FNDA:0,SecuritySettings
FNDA:0,(anonymous_1)
FNDA:0,(anonymous_2)
FNDA:0,(anonymous_3)
FNDA:0,(anonymous_4)
DA:20,0
DA:37,0
DA:39,0
DA:41,0
DA:43,0
DA:53,0
DA:55,0
DA:66,0
DA:68,0
DA:73,0
DA:75,0
DA:81,0
DA:83,0
DA:97,0
DA:238,0
LF:15
LH:0
BRDA:68,0,0,0
BRDA:68,0,1,0
BRF:2
BRH:0
end_of_record
TN:
SF:src\components\settings\SettingsTabs.jsx
FN:15,TabPanel
FN:31,SettingsTabs
FN:42,(anonymous_2)
FNF:3
FNH:0
FNDA:0,TabPanel
FNDA:0,SettingsTabs
FNDA:0,(anonymous_2)
DA:20,0
DA:34,0
DA:36,0
DA:43,0
LF:4
LH:0
BRDA:22,0,0,0
BRDA:22,0,1,0
BRF:2
BRH:0
end_of_record
TN:
SF:src\components\settings\ThemeSettings.jsx
FN:20,ThemeSettings
FN:38,(anonymous_1)
FN:51,(anonymous_2)
FN:64,(anonymous_3)
FN:243,(anonymous_4)
FNF:5
FNH:0
FNDA:0,ThemeSettings
FNDA:0,(anonymous_1)
FNDA:0,(anonymous_2)
FNDA:0,(anonymous_3)
FNDA:0,(anonymous_4)
DA:23,0
DA:36,0
DA:38,0
DA:40,0
DA:51,0
DA:53,0
DA:64,0
DA:68,0
DA:72,0
DA:244,0
LF:10
LH:0
BRDA:195,0,0,0
BRDA:195,0,1,0
BRDA:200,1,0,0
BRDA:200,1,1,0
BRDA:210,2,0,0
BRDA:210,2,1,0
BRDA:212,3,0,0
BRDA:212,3,1,0
BRF:8
BRH:0
end_of_record
TN:
SF:src\components\vendors\DeleteVendorDialog.jsx
FN:10,DeleteVendorDialog
FNF:1
FNH:0
FNDA:0,DeleteVendorDialog
DA:15,0
LF:1
LH:0
BRF:0
BRH:0
end_of_record
TN:
SF:src\components\vendors\VendorDialog.jsx
FN:61,VendorDialog
FN:88,(anonymous_1)
FNF:2
FNH:0
FNDA:0,VendorDialog
FNDA:0,(anonymous_1)
DA:19,0
DA:72,0
DA:88,0
DA:89,0
DA:90,0
DA:92,0
DA:106,0
LF:7
LH:0
BRDA:89,0,0,0
BRDA:89,0,1,0
BRDA:114,1,0,0
BRDA:114,1,1,0
BRDA:143,2,0,0
BRDA:143,2,1,0
BRF:6
BRH:0
end_of_record
TN:
SF:src\components\vendors\VendorForm.jsx
FN:9,VendorForm
FN:23,(anonymous_1)
FN:39,(anonymous_2)
FN:55,(anonymous_3)
FN:71,(anonymous_4)
FN:87,(anonymous_5)
FN:103,(anonymous_6)
FN:119,(anonymous_7)
FN:141,(anonymous_8)
FN:169,(anonymous_9)
FNF:10
FNH:0
FNDA:0,VendorForm
FNDA:0,(anonymous_1)
FNDA:0,(anonymous_2)
FNDA:0,(anonymous_3)
FNDA:0,(anonymous_4)
FNDA:0,(anonymous_5)
FNDA:0,(anonymous_6)
FNDA:0,(anonymous_7)
FNDA:0,(anonymous_8)
FNDA:0,(anonymous_9)
DA:13,0
DA:24,0
DA:40,0
DA:56,0
DA:72,0
DA:88,0
DA:104,0
DA:120,0
DA:142,0
DA:170,0
LF:10
LH:0
BRF:0
BRH:0
end_of_record
TN:
SF:src\components\vendors\VendorProfileDialog.jsx
FN:25,TabPanel
FN:41,VendorProfileDialog
FN:66,(anonymous_2)
FNF:3
FNH:0
FNDA:0,TabPanel
FNDA:0,VendorProfileDialog
FNDA:0,(anonymous_2)
DA:30,0
DA:47,0
DA:49,0
DA:51,0
DA:67,0
LF:5
LH:0
BRDA:32,0,0,0
BRDA:32,0,1,0
BRDA:49,1,0,0
BRDA:49,1,1,0
BRDA:120,2,0,0
BRDA:120,2,1,0
BRDA:123,3,0,0
BRDA:123,3,1,0
BRDA:218,4,0,0
BRDA:218,4,1,0
BRDA:221,5,0,0
BRDA:221,5,1,0
BRDA:231,6,0,0
BRDA:231,6,1,0
BRDA:234,7,0,0
BRDA:234,7,1,0
BRF:16
BRH:0
end_of_record
TN:
SF:src\components\vendors\VendorStatCard.jsx
FN:8,VendorStatCard
FNF:1
FNH:0
FNDA:0,VendorStatCard
DA:14,0
LF:1
LH:0
BRF:0
BRH:0
end_of_record
TN:
SF:src\components\vendors\VendorTable.jsx
FN:33,VendorTable
FN:67,(anonymous_1)
FN:79,(anonymous_2)
FN:80,(anonymous_3)
FN:105,(anonymous_4)
FN:112,(anonymous_5)
FN:120,(anonymous_6)
FN:132,(anonymous_7)
FN:150,(anonymous_8)
FN:193,(anonymous_9)
FN:205,(anonymous_10)
FN:255,(anonymous_11)
FN:333,(anonymous_12)
FN:346,(anonymous_13)
FN:359,(anonymous_14)
FN:395,(anonymous_15)
FN:398,(anonymous_16)
FN:414,(anonymous_17)
FN:422,(anonymous_18)
FN:431,(anonymous_19)
FNF:20
FNH:0
FNDA:0,VendorTable
FNDA:0,(anonymous_1)
FNDA:0,(anonymous_2)
FNDA:0,(anonymous_3)
FNDA:0,(anonymous_4)
FNDA:0,(anonymous_5)
FNDA:0,(anonymous_6)
FNDA:0,(anonymous_7)
FNDA:0,(anonymous_8)
FNDA:0,(anonymous_9)
FNDA:0,(anonymous_10)
FNDA:0,(anonymous_11)
FNDA:0,(anonymous_12)
FNDA:0,(anonymous_13)
FNDA:0,(anonymous_14)
FNDA:0,(anonymous_15)
FNDA:0,(anonymous_16)
FNDA:0,(anonymous_17)
FNDA:0,(anonymous_18)
FNDA:0,(anonymous_19)
DA:39,0
DA:42,0
DA:45,0
DA:48,0
DA:53,0
DA:56,0
DA:59,0
DA:62,0
DA:65,0
DA:67,0
DA:69,0
DA:72,0
DA:76,0
DA:79,0
DA:80,0
DA:81,0
DA:82,0
DA:84,0
DA:87,0
DA:88,0
DA:91,0
DA:92,0
DA:96,0
DA:97,0
DA:101,0
DA:105,0
DA:108,0
DA:109,0
DA:112,0
DA:115,0
DA:116,0
DA:120,0
DA:121,0
DA:125,0
DA:127,0
DA:129,0
DA:132,0
DA:135,0
DA:137,0
DA:140,0
DA:143,0
DA:146,0
DA:150,0
DA:153,0
DA:155,0
DA:158,0
DA:161,0
DA:164,0
DA:168,0
DA:194,0
DA:206,0
DA:256,0
DA:334,0
DA:347,0
DA:360,0
DA:396,0
DA:401,0
DA:407,0
DA:415,0
DA:423,0
DA:432,0
LF:61
LH:0
BRDA:69,0,0,0
BRDA:69,0,1,0
BRDA:73,1,0,0
BRDA:73,1,1,0
BRDA:84,2,0,0
BRDA:84,2,1,0
BRDA:91,3,0,0
BRDA:91,3,1,0
BRDA:92,4,0,0
BRDA:92,4,1,0
BRDA:96,5,0,0
BRDA:96,5,1,0
BRDA:97,6,0,0
BRDA:97,6,1,0
BRDA:135,7,0,0
BRDA:135,7,1,0
BRDA:135,7,2,0
BRDA:135,7,3,0
BRDA:153,8,0,0
BRDA:153,8,1,0
BRDA:153,8,2,0
BRDA:153,8,3,0
BRDA:231,9,0,0
BRDA:231,9,1,0
BRF:24
BRH:0
end_of_record
TN:
SF:src\components\vendors\VendorToolbar.jsx
FN:11,VendorToolbar
FN:32,(anonymous_1)
FN:44,(anonymous_2)
FN:73,(anonymous_3)
FNF:4
FNH:0
FNDA:0,VendorToolbar
FNDA:0,(anonymous_1)
FNDA:0,(anonymous_2)
FNDA:0,(anonymous_3)
DA:21,0
DA:33,0
DA:45,0
DA:74,0
LF:4
LH:0
BRF:0
BRH:0
end_of_record
TN:
SF:src\constants\routes.js
FNF:0
FNH:0
LF:0
LH:0
BRF:0
BRH:0
end_of_record
TN:
SF:src\context\ThemeContext.jsx
FN:5,ThemeProvider
FN:10,(anonymous_1)
FN:14,(anonymous_2)
FN:15,(anonymous_3)
FN:19,(anonymous_4)
FN:33,useThemeContext
FNF:6
FNH:0
FNDA:0,ThemeProvider
FNDA:0,(anonymous_1)
FNDA:0,(anonymous_2)
FNDA:0,(anonymous_3)
FNDA:0,(anonymous_4)
FNDA:0,useThemeContext
DA:3,0
DA:6,0
DA:10,0
DA:11,0
DA:14,0
DA:15,0
DA:18,0
DA:19,0
DA:26,0
DA:34,0
LF:10
LH:0
BRDA:7,0,0,0
BRDA:7,0,1,0
BRDA:15,1,0,0
BRDA:15,1,1,0
BRF:4
BRH:0
end_of_record
TN:
SF:src\layouts\AuthLayout.jsx
FN:4,AuthLayout
FNF:1
FNH:0
FNDA:0,AuthLayout
DA:5,0
LF:1
LH:0
BRF:0
BRH:0
end_of_record
TN:
SF:src\layouts\MainLayout.jsx
FN:10,MainLayout
FN:14,(anonymous_1)
FNF:2
FNH:0
FNDA:0,MainLayout
FNDA:0,(anonymous_1)
DA:8,0
DA:12,0
DA:14,0
DA:15,0
DA:18,0
LF:5
LH:0
BRF:0
BRH:0
end_of_record
TN:
SF:src\pages\approval\Approval.jsx
FN:31,Approval
FN:57,(anonymous_1)
FN:63,loadData
FN:74,(anonymous_3)
FN:84,handleSearch
FN:115,(anonymous_5)
FN:125,handleQueue
FN:153,handleAdd
FN:159,handleSave
FN:177,exportCSV
FN:190,(anonymous_10)
FN:205,(anonymous_11)
FN:207,(anonymous_12)
FN:246,(anonymous_13)
FN:253,(anonymous_14)
FN:260,(anonymous_15)
FN:267,(anonymous_16)
FN:397,(anonymous_17)
FN:407,(anonymous_18)
FNF:19
FNH:0
FNDA:0,Approval
FNDA:0,(anonymous_1)
FNDA:0,loadData
FNDA:0,(anonymous_3)
FNDA:0,handleSearch
FNDA:0,(anonymous_5)
FNDA:0,handleQueue
FNDA:0,handleAdd
FNDA:0,handleSave
FNDA:0,exportCSV
FNDA:0,(anonymous_10)
FNDA:0,(anonymous_11)
FNDA:0,(anonymous_12)
FNDA:0,(anonymous_13)
FNDA:0,(anonymous_14)
FNDA:0,(anonymous_15)
FNDA:0,(anonymous_16)
FNDA:0,(anonymous_17)
FNDA:0,(anonymous_18)
DA:34,0
DA:37,0
DA:40,0
DA:43,0
DA:46,0
DA:49,0
DA:52,0
DA:55,0
DA:57,0
DA:59,0
DA:65,0
DA:68,0
DA:70,0
DA:72,0
DA:75,0
DA:80,0
DA:88,0
DA:90,0
DA:94,0
DA:96,0
DA:101,0
DA:105,0
DA:109,0
DA:113,0
DA:116,0
DA:129,0
DA:131,0
DA:136,0
DA:138,0
DA:140,0
DA:145,0
DA:149,0
DA:155,0
DA:163,0
DA:165,0
DA:167,0
DA:171,0
DA:173,0
DA:179,0
DA:190,0
DA:203,0
DA:206,0
DA:207,0
DA:213,0
DA:222,0
DA:227,0
DA:231,0
DA:233,0
DA:236,0
DA:238,0
DA:245,0
DA:247,0
DA:252,0
DA:254,0
DA:259,0
DA:261,0
DA:266,0
DA:268,0
DA:271,0
DA:398,0
DA:408,0
LF:61
LH:0
BRDA:90,0,0,0
BRDA:90,0,1,0
BRDA:105,1,0,0
BRDA:105,1,1,0
BRDA:131,2,0,0
BRDA:131,2,1,0
BRDA:379,3,0,0
BRDA:379,3,1,0
BRF:8
BRH:0
end_of_record
TN:
SF:src\pages\audit\Audit.jsx
FN:37,Audit
FN:65,(anonymous_1)
FN:69,loadData
FN:80,handleSearch
FN:94,handleStatus
FN:103,handleAuditor
FN:117,handleAdd
FN:122,handleEdit
FN:127,handleSave
FN:152,exportCSV
FN:165,(anonymous_10)
FN:179,(anonymous_11)
FN:181,(anonymous_12)
FN:212,(anonymous_13)
FN:219,(anonymous_14)
FN:226,(anonymous_15)
FN:354,(anonymous_16)
FN:364,(anonymous_17)
FNF:18
FNH:0
FNDA:0,Audit
FNDA:0,(anonymous_1)
FNDA:0,loadData
FNDA:0,handleSearch
FNDA:0,handleStatus
FNDA:0,handleAuditor
FNDA:0,handleAdd
FNDA:0,handleEdit
FNDA:0,handleSave
FNDA:0,exportCSV
FNDA:0,(anonymous_10)
FNDA:0,(anonymous_11)
FNDA:0,(anonymous_12)
FNDA:0,(anonymous_13)
FNDA:0,(anonymous_14)
FNDA:0,(anonymous_15)
FNDA:0,(anonymous_16)
FNDA:0,(anonymous_17)
DA:39,0
DA:42,0
DA:45,0
DA:48,0
DA:51,0
DA:54,0
DA:57,0
DA:60,0
DA:63,0
DA:65,0
DA:66,0
DA:70,0
DA:73,0
DA:75,0
DA:77,0
DA:81,0
DA:83,0
DA:84,0
DA:85,0
DA:89,0
DA:91,0
DA:95,0
DA:98,0
DA:100,0
DA:104,0
DA:106,0
DA:107,0
DA:108,0
DA:112,0
DA:114,0
DA:118,0
DA:119,0
DA:123,0
DA:124,0
DA:128,0
DA:129,0
DA:134,0
DA:138,0
DA:140,0
DA:145,0
DA:147,0
DA:149,0
DA:153,0
DA:165,0
DA:177,0
DA:180,0
DA:181,0
DA:186,0
DA:194,0
DA:197,0
DA:199,0
DA:200,0
DA:202,0
DA:204,0
DA:208,0
DA:211,0
DA:213,0
DA:218,0
DA:220,0
DA:225,0
DA:227,0
DA:231,0
DA:355,0
DA:365,0
LF:64
LH:0
BRDA:83,0,0,0
BRDA:83,0,1,0
BRDA:106,1,0,0
BRDA:106,1,1,0
BRDA:128,2,0,0
BRDA:128,2,1,0
BRDA:339,3,0,0
BRDA:339,3,1,0
BRF:8
BRH:0
end_of_record
TN:
SF:src\pages\auth\ForgotPassword.jsx
FN:4,ForgotPassword
FNF:1
FNH:0
FNDA:0,ForgotPassword
DA:5,0
LF:1
LH:0
BRF:0
BRH:0
end_of_record
TN:
SF:src\pages\auth\Login.jsx
FN:4,Login
FNF:1
FNH:0
FNDA:0,Login
DA:5,0
LF:1
LH:0
BRF:0
BRH:0
end_of_record
TN:
SF:src\pages\auth\ResetPassword.jsx
FN:4,ResetPassword
FNF:1
FNH:0
FNDA:0,ResetPassword
DA:5,0
LF:1
LH:0
BRF:0
BRH:0
end_of_record
TN:
SF:src\pages\auth\SessionExpired.jsx
FN:12,SessionExpired
FN:15,(anonymous_1)
FNF:2
FNH:0
FNDA:0,SessionExpired
FNDA:0,(anonymous_1)
DA:13,0
DA:15,0
DA:16,0
DA:17,0
DA:18,0
DA:21,0
LF:6
LH:0
BRF:0
BRH:0
end_of_record
TN:
SF:src\pages\compliance\Compliance.jsx
FN:37,Compliance
FN:65,(anonymous_1)
FN:69,loadData
FN:80,handleSearch
FN:94,handleStatus
FN:103,handleFramework
FN:112,handleAdd
FN:117,handleEdit
FN:122,handleSave
FN:147,exportCSV
FN:159,(anonymous_10)
FN:172,(anonymous_11)
FN:174,(anonymous_12)
FN:207,(anonymous_13)
FN:212,(anonymous_14)
FN:217,(anonymous_15)
FN:335,(anonymous_16)
FN:345,(anonymous_17)
FNF:18
FNH:0
FNDA:0,Compliance
FNDA:0,(anonymous_1)
FNDA:0,loadData
FNDA:0,handleSearch
FNDA:0,handleStatus
FNDA:0,handleFramework
FNDA:0,handleAdd
FNDA:0,handleEdit
FNDA:0,handleSave
FNDA:0,exportCSV
FNDA:0,(anonymous_10)
FNDA:0,(anonymous_11)
FNDA:0,(anonymous_12)
FNDA:0,(anonymous_13)
FNDA:0,(anonymous_14)
FNDA:0,(anonymous_15)
FNDA:0,(anonymous_16)
FNDA:0,(anonymous_17)
DA:39,0
DA:42,0
DA:45,0
DA:48,0
DA:51,0
DA:54,0
DA:57,0
DA:60,0
DA:63,0
DA:65,0
DA:66,0
DA:70,0
DA:73,0
DA:75,0
DA:77,0
DA:81,0
DA:83,0
DA:84,0
DA:85,0
DA:89,0
DA:91,0
DA:95,0
DA:98,0
DA:100,0
DA:104,0
DA:107,0
DA:109,0
DA:113,0
DA:114,0
DA:118,0
DA:119,0
DA:123,0
DA:124,0
DA:129,0
DA:133,0
DA:135,0
DA:140,0
DA:142,0
DA:144,0
DA:148,0
DA:159,0
DA:170,0
DA:173,0
DA:174,0
DA:179,0
DA:187,0
DA:190,0
DA:192,0
DA:194,0
DA:197,0
DA:199,0
DA:203,0
DA:206,0
DA:207,0
DA:211,0
DA:212,0
DA:216,0
DA:217,0
DA:220,0
DA:336,0
DA:346,0
LF:61
LH:0
BRDA:83,0,0,0
BRDA:83,0,1,0
BRDA:123,1,0,0
BRDA:123,1,1,0
BRDA:320,2,0,0
BRDA:320,2,1,0
BRF:6
BRH:0
end_of_record
TN:
SF:src\pages\dashboard\Dashboard.jsx
FN:30,Dashboard
FN:34,(anonymous_1)
FN:35,loadDashboard
FN:51,(anonymous_3)
FNF:4
FNH:0
FNDA:0,Dashboard
FNDA:0,(anonymous_1)
FNDA:0,loadDashboard
FNDA:0,(anonymous_3)
DA:31,0
DA:32,0
DA:34,0
DA:36,0
DA:37,0
DA:38,0
DA:41,0
DA:44,0
DA:45,0
DA:52,0
DA:64,0
LF:11
LH:0
BRDA:44,0,0,0
BRDA:44,0,1,0
BRF:2
BRH:0
end_of_record
TN:
SF:src\pages\notifications\Notifications.jsx
FN:30,Notifications
FN:53,(anonymous_1)
FN:58,(anonymous_2)
FN:72,(anonymous_3)
FN:77,loadData
FN:90,handleSearch
FN:115,handlePriority
FN:130,handleStatus
FN:145,exportCSV
FN:157,(anonymous_9)
FN:175,(anonymous_10)
FN:177,(anonymous_11)
FN:219,(anonymous_12)
FN:226,(anonymous_13)
FN:233,(anonymous_14)
FN:352,(anonymous_15)
FNF:16
FNH:0
FNDA:0,Notifications
FNDA:0,(anonymous_1)
FNDA:0,(anonymous_2)
FNDA:0,(anonymous_3)
FNDA:0,loadData
FNDA:0,handleSearch
FNDA:0,handlePriority
FNDA:0,handleStatus
FNDA:0,exportCSV
FNDA:0,(anonymous_9)
FNDA:0,(anonymous_10)
FNDA:0,(anonymous_11)
FNDA:0,(anonymous_12)
FNDA:0,(anonymous_13)
FNDA:0,(anonymous_14)
FNDA:0,(anonymous_15)
DA:33,0
DA:36,0
DA:39,0
DA:42,0
DA:45,0
DA:48,0
DA:51,0
DA:53,0
DA:55,0
DA:58,0
DA:60,0
DA:62,0
DA:64,0
DA:68,0
DA:72,0
DA:73,0
DA:79,0
DA:82,0
DA:84,0
DA:86,0
DA:94,0
DA:96,0
DA:100,0
DA:102,0
DA:107,0
DA:111,0
DA:119,0
DA:122,0
DA:126,0
DA:134,0
DA:137,0
DA:141,0
DA:147,0
DA:156,0
DA:157,0
DA:173,0
DA:176,0
DA:177,0
DA:183,0
DA:192,0
DA:197,0
DA:201,0
DA:203,0
DA:206,0
DA:208,0
DA:215,0
DA:218,0
DA:220,0
DA:225,0
DA:227,0
DA:232,0
DA:234,0
DA:237,0
DA:353,0
LF:54
LH:0
BRDA:96,0,0,0
BRDA:96,0,1,0
BRDA:331,1,0,0
BRDA:331,1,1,0
BRF:4
BRH:0
end_of_record
TN:
SF:src\pages\procurement\Procurement.jsx
FN:24,Procurement
FN:48,(anonymous_1)
FN:52,loadData
FN:63,handleSearch
FN:77,handleFilter
FN:86,handleAdd
FN:91,handleEdit
FN:96,handleSave
FN:121,exportCSV
FN:132,(anonymous_9)
FN:145,(anonymous_10)
FN:147,(anonymous_11)
FN:228,(anonymous_12)
FN:238,(anonymous_13)
FNF:14
FNH:0
FNDA:0,Procurement
FNDA:0,(anonymous_1)
FNDA:0,loadData
FNDA:0,handleSearch
FNDA:0,handleFilter
FNDA:0,handleAdd
FNDA:0,handleEdit
FNDA:0,handleSave
FNDA:0,exportCSV
FNDA:0,(anonymous_9)
FNDA:0,(anonymous_10)
FNDA:0,(anonymous_11)
FNDA:0,(anonymous_12)
FNDA:0,(anonymous_13)
DA:25,0
DA:28,0
DA:31,0
DA:34,0
DA:37,0
DA:40,0
DA:43,0
DA:46,0
DA:48,0
DA:49,0
DA:53,0
DA:56,0
DA:58,0
DA:60,0
DA:64,0
DA:66,0
DA:67,0
DA:68,0
DA:72,0
DA:74,0
DA:78,0
DA:81,0
DA:83,0
DA:87,0
DA:88,0
DA:92,0
DA:93,0
DA:97,0
DA:98,0
DA:103,0
DA:107,0
DA:109,0
DA:114,0
DA:116,0
DA:118,0
DA:122,0
DA:132,0
DA:143,0
DA:146,0
DA:148,0
DA:149,0
DA:151,0
DA:153,0
DA:159,0
DA:166,0
DA:168,0
DA:170,0
DA:172,0
DA:174,0
DA:176,0
DA:178,0
DA:180,0
DA:183,0
DA:229,0
DA:239,0
LF:55
LH:0
BRDA:66,0,0,0
BRDA:66,0,1,0
BRDA:97,1,0,0
BRDA:97,1,1,0
BRDA:148,2,0,0
BRDA:148,2,1,0
BRDA:148,3,0,0
BRDA:148,3,1,0
BRDA:213,4,0,0
BRDA:213,4,1,0
BRF:10
BRH:0
end_of_record
TN:
SF:src\pages\reports\ReportDetails.jsx
FN:11,ReportDetails
FNF:1
FNH:0
FNDA:0,ReportDetails
DA:14,0
DA:16,0
LF:2
LH:0
BRF:0
BRH:0
end_of_record
TN:
SF:src\pages\reports\Reports.jsx
FN:28,Reports
FN:60,(anonymous_1)
FN:66,loadData
FN:79,handleSearch
FN:104,handleStatus
FN:119,handleType
FN:134,handleAdd
FN:142,handleEdit
FN:152,handleSave
FN:185,handleExcel
FN:194,handleSaveReport
FN:244,(anonymous_11)
FN:270,(anonymous_12)
FN:279,(anonymous_13)
FN:290,(anonymous_14)
FNF:15
FNH:0
FNDA:0,Reports
FNDA:0,(anonymous_1)
FNDA:0,loadData
FNDA:0,handleSearch
FNDA:0,handleStatus
FNDA:0,handleType
FNDA:0,handleAdd
FNDA:0,handleEdit
FNDA:0,handleSave
FNDA:0,handleExcel
FNDA:0,handleSaveReport
FNDA:0,(anonymous_11)
FNDA:0,(anonymous_12)
FNDA:0,(anonymous_13)
FNDA:0,(anonymous_14)
DA:31,0
DA:34,0
DA:37,0
DA:40,0
DA:43,0
DA:46,0
DA:49,0
DA:52,0
DA:55,0
DA:58,0
DA:60,0
DA:62,0
DA:68,0
DA:71,0
DA:73,0
DA:75,0
DA:83,0
DA:85,0
DA:89,0
DA:91,0
DA:96,0
DA:100,0
DA:108,0
DA:111,0
DA:115,0
DA:123,0
DA:126,0
DA:130,0
DA:136,0
DA:138,0
DA:146,0
DA:148,0
DA:156,0
DA:158,0
DA:163,0
DA:169,0
DA:171,0
DA:177,0
DA:179,0
DA:181,0
DA:187,0
DA:198,0
DA:202,0
DA:204,0
DA:208,0
DA:211,0
DA:245,0
DA:271,0
DA:280,0
DA:291,0
LF:50
LH:0
BRDA:85,0,0,0
BRDA:85,0,1,0
BRDA:156,1,0,0
BRDA:156,1,1,0
BRDA:251,2,0,0
BRDA:251,2,1,0
BRF:6
BRH:0
end_of_record
TN:
SF:src\pages\risk\Risk.jsx
FN:38,Risk
FN:66,(anonymous_1)
FN:70,loadData
FN:81,handleSearch
FN:95,handleSeverity
FN:104,handleStatus
FN:113,handleAdd
FN:118,handleEdit
FN:123,handleSave
FN:148,exportCSV
FN:162,(anonymous_10)
FN:178,(anonymous_11)
FN:179,(anonymous_12)
FN:207,(anonymous_13)
FN:212,(anonymous_14)
FN:217,(anonymous_15)
FN:337,(anonymous_16)
FN:347,(anonymous_17)
FNF:18
FNH:0
FNDA:0,Risk
FNDA:0,(anonymous_1)
FNDA:0,loadData
FNDA:0,handleSearch
FNDA:0,handleSeverity
FNDA:0,handleStatus
FNDA:0,handleAdd
FNDA:0,handleEdit
FNDA:0,handleSave
FNDA:0,exportCSV
FNDA:0,(anonymous_10)
FNDA:0,(anonymous_11)
FNDA:0,(anonymous_12)
FNDA:0,(anonymous_13)
FNDA:0,(anonymous_14)
FNDA:0,(anonymous_15)
FNDA:0,(anonymous_16)
FNDA:0,(anonymous_17)
DA:40,0
DA:43,0
DA:46,0
DA:49,0
DA:52,0
DA:55,0
DA:58,0
DA:61,0
DA:64,0
DA:66,0
DA:67,0
DA:71,0
DA:74,0
DA:76,0
DA:78,0
DA:82,0
DA:84,0
DA:85,0
DA:86,0
DA:90,0
DA:92,0
DA:96,0
DA:99,0
DA:101,0
DA:105,0
DA:108,0
DA:110,0
DA:114,0
DA:115,0
DA:119,0
DA:120,0
DA:124,0
DA:125,0
DA:130,0
DA:134,0
DA:136,0
DA:141,0
DA:143,0
DA:145,0
DA:149,0
DA:162,0
DA:176,0
DA:179,0
DA:183,0
DA:188,0
DA:191,0
DA:193,0
DA:195,0
DA:197,0
DA:199,0
DA:203,0
DA:206,0
DA:207,0
DA:211,0
DA:212,0
DA:216,0
DA:217,0
DA:220,0
DA:338,0
DA:348,0
LF:60
LH:0
BRDA:84,0,0,0
BRDA:84,0,1,0
BRDA:124,1,0,0
BRDA:124,1,1,0
BRDA:322,2,0,0
BRDA:322,2,1,0
BRF:6
BRH:0
end_of_record
TN:
SF:src\pages\settings\Settings.jsx
FN:9,Settings
FNF:1
FNH:0
FNDA:0,Settings
DA:10,0
LF:1
LH:0
BRF:0
BRH:0
end_of_record
TN:
SF:src\pages\vendors\Vendors.jsx
FN:32,Vendors
FN:60,(anonymous_1)
FN:64,loadData
FN:75,handleSearch
FN:89,handleStatus
FN:98,handleRisk
FN:107,handleAdd
FN:112,handleEdit
FN:117,handleSave
FN:142,exportCSV
FN:157,(anonymous_10)
FN:173,(anonymous_11)
FN:175,(anonymous_12)
FN:204,(anonymous_13)
FN:209,(anonymous_14)
FN:217,(anonymous_15)
FN:332,(anonymous_16)
FN:342,(anonymous_17)
FNF:18
FNH:0
FNDA:0,Vendors
FNDA:0,(anonymous_1)
FNDA:0,loadData
FNDA:0,handleSearch
FNDA:0,handleStatus
FNDA:0,handleRisk
FNDA:0,handleAdd
FNDA:0,handleEdit
FNDA:0,handleSave
FNDA:0,exportCSV
FNDA:0,(anonymous_10)
FNDA:0,(anonymous_11)
FNDA:0,(anonymous_12)
FNDA:0,(anonymous_13)
FNDA:0,(anonymous_14)
FNDA:0,(anonymous_15)
FNDA:0,(anonymous_16)
FNDA:0,(anonymous_17)
DA:34,0
DA:37,0
DA:40,0
DA:43,0
DA:46,0
DA:49,0
DA:52,0
DA:55,0
DA:58,0
DA:60,0
DA:61,0
DA:65,0
DA:68,0
DA:70,0
DA:72,0
DA:76,0
DA:78,0
DA:79,0
DA:80,0
DA:84,0
DA:86,0
DA:90,0
DA:93,0
DA:95,0
DA:99,0
DA:102,0
DA:104,0
DA:108,0
DA:109,0
DA:113,0
DA:114,0
DA:118,0
DA:119,0
DA:124,0
DA:128,0
DA:130,0
DA:135,0
DA:137,0
DA:139,0
DA:143,0
DA:157,0
DA:171,0
DA:174,0
DA:175,0
DA:180,0
DA:185,0
DA:188,0
DA:190,0
DA:192,0
DA:194,0
DA:196,0
DA:200,0
DA:203,0
DA:204,0
DA:208,0
DA:209,0
DA:213,0
DA:218,0
DA:223,0
DA:333,0
DA:343,0
LF:61
LH:0
BRDA:78,0,0,0
BRDA:78,0,1,0
BRDA:118,1,0,0
BRDA:118,1,1,0
BRDA:213,2,0,0
BRDA:213,2,1,0
BRDA:317,3,0,0
BRDA:317,3,1,0
BRF:8
BRH:0
end_of_record
TN:
SF:src\routes\AdminRoute.jsx
FN:3,AdminRoute
FNF:1
FNH:0
FNDA:0,AdminRoute
DA:7,0
LF:1
LH:0
BRF:0
BRH:0
end_of_record
TN:
SF:src\routes\AppRoutes.jsx
FN:30,AppRoutes
FNF:1
FNH:0
FNDA:0,AppRoutes
DA:32,0
LF:1
LH:0
BRF:0
BRH:0
end_of_record
TN:
SF:src\routes\ProtectedRoute.jsx
FN:4,ProtectedRoute
FN:6,(anonymous_1)
FNF:2
FNH:0
FNDA:0,ProtectedRoute
FNDA:0,(anonymous_1)
DA:5,0
DA:6,0
DA:9,0
DA:10,0
DA:13,0
LF:5
LH:0
BRDA:9,0,0,0
BRDA:9,0,1,0
BRF:2
BRH:0
end_of_record
TN:
SF:src\routes\PublicRoute.jsx
FNF:0
FNH:0
LF:0
LH:0
BRF:0
BRH:0
end_of_record
TN:
SF:src\routes\RoleRoute.jsx
FN:5,RoleRoute
FN:15,(anonymous_1)
FNF:2
FNH:0
FNDA:0,RoleRoute
FNDA:0,(anonymous_1)
DA:14,0
DA:15,0
DA:18,0
DA:20,0
DA:29,0
DA:35,0
DA:44,0
LF:7
LH:0
BRDA:18,0,0,0
BRDA:18,0,1,0
BRDA:29,1,0,0
BRDA:29,1,1,0
BRF:4
BRH:0
end_of_record
TN:
SF:src\routes\UserRoute.jsx
FN:3,UserRoute
FNF:1
FNH:0
FNDA:0,UserRoute
DA:7,0
LF:1
LH:0
BRF:0
BRH:0
end_of_record
TN:
SF:src\services\approvalService.js
FN:5,(anonymous_0)
FN:6,(anonymous_1)
FN:7,(anonymous_2)
FN:10,getApprovals
FN:14,searchApprovals
FN:19,(anonymous_5)
FN:33,filterApprovalStatus
FN:42,(anonymous_7)
FN:48,addApproval
FN:59,updateApproval
FN:63,(anonymous_10)
FN:72,deleteApproval
FN:74,(anonymous_12)
FN:80,approveRequest
FN:81,(anonymous_14)
FN:93,rejectRequest
FN:94,(anonymous_16)
FN:106,sendBackRequest
FN:109,(anonymous_18)
FN:121,delegateRequest
FN:125,(anonymous_20)
FNF:21
FNH:20
FNDA:10,(anonymous_0)
FNDA:10,(anonymous_1)
FNDA:10,(anonymous_2)
FNDA:1,getApprovals
FNDA:1,searchApprovals
FNDA:10,(anonymous_5)
FNDA:1,filterApprovalStatus
FNDA:0,(anonymous_7)
FNDA:1,addApproval
FNDA:1,updateApproval
FNDA:11,(anonymous_10)
FNDA:1,deleteApproval
FNDA:11,(anonymous_12)
FNDA:1,approveRequest
FNDA:10,(anonymous_14)
FNDA:1,rejectRequest
FNDA:10,(anonymous_16)
FNDA:1,sendBackRequest
FNDA:10,(anonymous_18)
FNDA:1,delegateRequest
FNDA:10,(anonymous_20)
DA:3,1
DA:5,1
DA:6,10
DA:7,10
DA:11,1
DA:15,1
DA:17,1
DA:20,10
DA:36,1
DA:37,1
DA:40,0
DA:43,0
DA:49,1
DA:54,1
DA:56,1
DA:63,1
DA:64,11
DA:69,1
DA:73,1
DA:74,11
DA:77,1
DA:81,1
DA:82,10
DA:90,1
DA:94,1
DA:95,10
DA:103,1
DA:109,1
DA:110,10
DA:118,1
DA:125,1
DA:126,10
DA:134,1
LF:33
LH:31
BRDA:20,0,0,10
BRDA:20,0,1,0
BRDA:20,0,2,0
BRDA:36,1,0,1
BRDA:36,1,1,0
BRDA:64,2,0,1
BRDA:64,2,1,10
BRDA:82,3,0,0
BRDA:82,3,1,10
BRDA:95,4,0,0
BRDA:95,4,1,10
BRDA:110,5,0,0
BRDA:110,5,1,10
BRDA:126,6,0,0
BRDA:126,6,1,10
BRF:15
BRH:8
end_of_record
TN:
SF:src\services\auditService.js
FN:6,(anonymous_0)
FN:7,(anonymous_1)
FN:8,(anonymous_2)
FN:15,(anonymous_3)
FN:16,(anonymous_4)
FN:17,(anonymous_5)
FN:20,(anonymous_6)
FN:28,(anonymous_7)
FN:29,(anonymous_8)
FN:30,(anonymous_9)
FN:44,(anonymous_10)
FN:48,(anonymous_11)
FN:49,(anonymous_12)
FN:50,(anonymous_13)
FN:65,(anonymous_14)
FN:66,(anonymous_15)
FN:67,(anonymous_16)
FN:69,(anonymous_17)
FN:78,(anonymous_18)
FN:79,(anonymous_19)
FN:80,(anonymous_20)
FN:86,(anonymous_21)
FN:103,(anonymous_22)
FN:106,(anonymous_23)
FN:107,(anonymous_24)
FN:113,(anonymous_25)
FN:123,(anonymous_26)
FN:126,(anonymous_27)
FN:127,(anonymous_28)
FN:133,(anonymous_29)
FN:143,(anonymous_30)
FNF:31
FNH:29
FNDA:4,(anonymous_0)
FNDA:4,(anonymous_1)
FNDA:4,(anonymous_2)
FNDA:1,(anonymous_3)
FNDA:1,(anonymous_4)
FNDA:1,(anonymous_5)
FNDA:1,(anonymous_6)
FNDA:1,(anonymous_7)
FNDA:1,(anonymous_8)
FNDA:1,(anonymous_9)
FNDA:1,(anonymous_10)
FNDA:1,(anonymous_11)
FNDA:1,(anonymous_12)
FNDA:11,(anonymous_13)
FNDA:1,(anonymous_14)
FNDA:1,(anonymous_15)
FNDA:1,(anonymous_16)
FNDA:11,(anonymous_17)
FNDA:1,(anonymous_18)
FNDA:1,(anonymous_19)
FNDA:1,(anonymous_20)
FNDA:10,(anonymous_21)
FNDA:1,(anonymous_22)
FNDA:1,(anonymous_23)
FNDA:1,(anonymous_24)
FNDA:0,(anonymous_25)
FNDA:1,(anonymous_26)
FNDA:1,(anonymous_27)
FNDA:1,(anonymous_28)
FNDA:0,(anonymous_29)
FNDA:1,(anonymous_30)
DA:3,1
DA:6,1
DA:7,4
DA:8,4
DA:9,4
DA:15,1
DA:16,1
DA:17,1
DA:18,1
DA:20,1
DA:28,1
DA:29,1
DA:30,1
DA:31,1
DA:36,1
DA:38,1
DA:44,1
DA:48,1
DA:49,1
DA:50,1
DA:51,11
DA:59,1
DA:65,1
DA:66,1
DA:67,1
DA:68,1
DA:69,11
DA:72,1
DA:78,1
DA:79,1
DA:80,1
DA:82,1
DA:84,1
DA:87,10
DA:103,1
DA:106,1
DA:107,1
DA:108,1
DA:109,1
DA:111,0
DA:114,0
DA:123,1
DA:126,1
DA:127,1
DA:128,1
DA:129,1
DA:131,0
DA:134,0
DA:143,1
DA:144,1
LF:50
LH:46
BRDA:51,0,0,1
BRDA:51,0,1,10
BRDA:87,1,0,10
BRDA:87,1,1,0
BRDA:87,1,2,0
BRDA:108,2,0,1
BRDA:108,2,1,0
BRDA:128,3,0,1
BRDA:128,3,1,0
BRF:9
BRH:5
end_of_record
TN:
SF:src\services\authService.js
FN:3,(anonymous_0)
FN:4,(anonymous_1)
FN:5,(anonymous_2)
FN:7,(anonymous_3)
FN:23,(anonymous_4)
FNF:5
FNH:5
FNDA:2,(anonymous_0)
FNDA:2,(anonymous_1)
FNDA:2,(anonymous_2)
FNDA:3,(anonymous_3)
FNDA:1,(anonymous_4)
DA:3,3
DA:4,2
DA:5,2
DA:6,2
DA:8,3
DA:12,2
DA:13,1
DA:15,1
DA:17,1
DA:23,3
DA:24,1
LF:11
LH:11
BRDA:8,0,0,3
BRDA:8,0,1,1
BRDA:12,1,0,1
BRDA:12,1,1,1
BRF:4
BRH:4
end_of_record
TN:
SF:src\services\complianceService.js
FN:6,(anonymous_0)
FN:7,(anonymous_1)
FN:8,(anonymous_2)
FN:15,(anonymous_3)
FN:16,(anonymous_4)
FN:17,(anonymous_5)
FN:20,(anonymous_6)
FN:28,(anonymous_7)
FN:29,(anonymous_8)
FN:30,(anonymous_9)
FN:44,(anonymous_10)
FN:48,(anonymous_11)
FN:49,(anonymous_12)
FN:51,(anonymous_13)
FN:66,(anonymous_14)
FN:69,(anonymous_15)
FN:70,(anonymous_16)
FN:73,(anonymous_17)
FN:82,(anonymous_18)
FN:85,(anonymous_19)
FN:86,(anonymous_20)
FN:92,(anonymous_21)
FN:113,(anonymous_22)
FN:114,(anonymous_23)
FN:115,(anonymous_24)
FN:123,(anonymous_25)
FN:133,(anonymous_26)
FN:136,(anonymous_27)
FN:137,(anonymous_28)
FN:145,(anonymous_29)
FN:157,(anonymous_30)
FNF:31
FNH:29
FNDA:4,(anonymous_0)
FNDA:4,(anonymous_1)
FNDA:4,(anonymous_2)
FNDA:1,(anonymous_3)
FNDA:1,(anonymous_4)
FNDA:1,(anonymous_5)
FNDA:1,(anonymous_6)
FNDA:1,(anonymous_7)
FNDA:1,(anonymous_8)
FNDA:1,(anonymous_9)
FNDA:1,(anonymous_10)
FNDA:1,(anonymous_11)
FNDA:1,(anonymous_12)
FNDA:11,(anonymous_13)
FNDA:1,(anonymous_14)
FNDA:1,(anonymous_15)
FNDA:1,(anonymous_16)
FNDA:11,(anonymous_17)
FNDA:1,(anonymous_18)
FNDA:1,(anonymous_19)
FNDA:1,(anonymous_20)
FNDA:10,(anonymous_21)
FNDA:1,(anonymous_22)
FNDA:1,(anonymous_23)
FNDA:1,(anonymous_24)
FNDA:0,(anonymous_25)
FNDA:1,(anonymous_26)
FNDA:1,(anonymous_27)
FNDA:1,(anonymous_28)
FNDA:0,(anonymous_29)
FNDA:1,(anonymous_30)
DA:3,1
DA:6,1
DA:7,4
DA:8,4
DA:9,4
DA:15,1
DA:16,1
DA:17,1
DA:18,1
DA:20,1
DA:28,1
DA:29,1
DA:30,1
DA:31,1
DA:36,1
DA:38,1
DA:44,1
DA:48,1
DA:49,1
DA:50,1
DA:52,11
DA:60,1
DA:66,1
DA:69,1
DA:70,1
DA:71,1
DA:73,11
DA:76,1
DA:82,1
DA:85,1
DA:86,1
DA:88,1
DA:90,1
DA:93,10
DA:113,1
DA:114,1
DA:115,1
DA:116,1
DA:117,1
DA:121,0
DA:124,0
DA:133,1
DA:136,1
DA:137,1
DA:138,1
DA:139,1
DA:143,0
DA:146,0
DA:157,1
DA:158,1
LF:50
LH:46
BRDA:52,0,0,1
BRDA:52,0,1,10
BRDA:93,1,0,10
BRDA:93,1,1,0
BRDA:93,1,2,0
BRDA:93,1,3,0
BRDA:116,2,0,1
BRDA:116,2,1,0
BRDA:138,3,0,1
BRDA:138,3,1,0
BRF:10
BRH:5
end_of_record
TN:
SF:src\services\dashboardService.js
FN:3,(anonymous_0)
FN:4,(anonymous_1)
FN:5,(anonymous_2)
FNF:3
FNH:3
FNDA:1,(anonymous_0)
FNDA:1,(anonymous_1)
FNDA:1,(anonymous_2)
DA:3,1
DA:4,1
DA:5,1
DA:6,1
LF:4
LH:4
BRF:0
BRH:0
end_of_record
TN:
SF:src\services\notificationService.js
FN:5,(anonymous_0)
FN:6,(anonymous_1)
FN:7,(anonymous_2)
FN:10,getNotifications
FN:14,searchNotifications
FN:22,(anonymous_5)
FN:33,filterPriority
FN:42,(anonymous_7)
FN:49,filterStatus
FN:58,(anonymous_9)
FN:65,markAsRead
FN:67,(anonymous_11)
FN:80,markAsUnread
FN:84,(anonymous_13)
FN:97,addNotification
FN:112,deleteNotification
FN:117,(anonymous_16)
FN:127,generateNotification
FNF:18
FNH:16
FNDA:8,(anonymous_0)
FNDA:8,(anonymous_1)
FNDA:8,(anonymous_2)
FNDA:1,getNotifications
FNDA:1,searchNotifications
FNDA:10,(anonymous_5)
FNDA:1,filterPriority
FNDA:0,(anonymous_7)
FNDA:1,filterStatus
FNDA:0,(anonymous_9)
FNDA:1,markAsRead
FNDA:10,(anonymous_11)
FNDA:1,markAsUnread
FNDA:10,(anonymous_13)
FNDA:1,addNotification
FNDA:1,deleteNotification
FNDA:11,(anonymous_16)
FNDA:1,generateNotification
DA:3,1
DA:5,1
DA:6,8
DA:7,8
DA:11,1
DA:18,1
DA:20,1
DA:23,10
DA:36,1
DA:37,1
DA:40,0
DA:43,0
DA:52,1
DA:53,1
DA:56,0
DA:59,0
DA:67,1
DA:68,10
DA:76,1
DA:84,1
DA:85,10
DA:93,1
DA:101,1
DA:106,1
DA:108,1
DA:116,1
DA:118,11
DA:121,1
DA:129,1
DA:154,1
DA:161,1
DA:168,1
DA:170,1
LF:33
LH:29
BRDA:23,0,0,10
BRDA:23,0,1,0
BRDA:36,1,0,1
BRDA:36,1,1,0
BRDA:52,2,0,1
BRDA:52,2,1,0
BRDA:68,3,0,1
BRDA:68,3,1,9
BRDA:85,4,0,1
BRDA:85,4,1,9
BRF:10
BRH:7
end_of_record
TN:
SF:src\services\procurementService.js
FN:6,(anonymous_0)
FN:7,(anonymous_1)
FN:8,(anonymous_2)
FN:15,(anonymous_3)
FN:16,(anonymous_4)
FN:17,(anonymous_5)
FN:20,(anonymous_6)
FN:28,(anonymous_7)
FN:29,(anonymous_8)
FN:30,(anonymous_9)
FN:44,(anonymous_10)
FN:45,(anonymous_11)
FN:46,(anonymous_12)
FN:47,(anonymous_13)
FN:62,(anonymous_14)
FN:63,(anonymous_15)
FN:64,(anonymous_16)
FN:67,(anonymous_17)
FN:76,(anonymous_18)
FN:77,(anonymous_19)
FN:78,(anonymous_20)
FN:80,(anonymous_21)
FN:104,(anonymous_22)
FN:105,(anonymous_23)
FN:106,(anonymous_24)
FN:112,(anonymous_25)
FNF:26
FNH:25
FNDA:4,(anonymous_0)
FNDA:4,(anonymous_1)
FNDA:4,(anonymous_2)
FNDA:1,(anonymous_3)
FNDA:1,(anonymous_4)
FNDA:1,(anonymous_5)
FNDA:1,(anonymous_6)
FNDA:1,(anonymous_7)
FNDA:1,(anonymous_8)
FNDA:1,(anonymous_9)
FNDA:1,(anonymous_10)
FNDA:1,(anonymous_11)
FNDA:1,(anonymous_12)
FNDA:6,(anonymous_13)
FNDA:1,(anonymous_14)
FNDA:1,(anonymous_15)
FNDA:1,(anonymous_16)
FNDA:6,(anonymous_17)
FNDA:1,(anonymous_18)
FNDA:1,(anonymous_19)
FNDA:1,(anonymous_20)
FNDA:5,(anonymous_21)
FNDA:1,(anonymous_22)
FNDA:1,(anonymous_23)
FNDA:1,(anonymous_24)
FNDA:0,(anonymous_25)
DA:3,1
DA:6,1
DA:7,4
DA:8,4
DA:9,4
DA:15,1
DA:16,1
DA:17,1
DA:18,1
DA:20,1
DA:28,1
DA:29,1
DA:30,1
DA:31,1
DA:36,1
DA:38,1
DA:44,1
DA:45,1
DA:46,1
DA:47,1
DA:48,6
DA:56,1
DA:62,1
DA:63,1
DA:64,1
DA:65,1
DA:67,6
DA:70,1
DA:76,1
DA:77,1
DA:78,1
DA:80,1
DA:81,5
DA:98,1
DA:104,1
DA:105,1
DA:106,1
DA:107,1
DA:108,1
DA:110,0
DA:113,0
LF:41
LH:39
BRDA:48,0,0,1
BRDA:48,0,1,5
BRDA:81,1,0,5
BRDA:81,1,1,0
BRDA:81,1,2,0
BRDA:107,2,0,1
BRDA:107,2,1,0
BRF:7
BRH:4
end_of_record
TN:
SF:src\services\reportService.js
FN:10,(anonymous_0)
FN:11,(anonymous_1)
FN:12,(anonymous_2)
FN:19,(anonymous_3)
FN:20,(anonymous_4)
FN:21,(anonymous_5)
FN:24,(anonymous_6)
FN:32,(anonymous_7)
FN:33,(anonymous_8)
FN:34,(anonymous_9)
FN:48,(anonymous_10)
FN:52,(anonymous_11)
FN:53,(anonymous_12)
FN:54,(anonymous_13)
FN:69,(anonymous_14)
FN:70,(anonymous_15)
FN:71,(anonymous_16)
FN:73,(anonymous_17)
FN:82,(anonymous_18)
FN:85,(anonymous_19)
FN:86,(anonymous_20)
FN:92,(anonymous_21)
FN:109,(anonymous_22)
FN:112,(anonymous_23)
FN:113,(anonymous_24)
FN:119,(anonymous_25)
FN:129,(anonymous_26)
FN:132,(anonymous_27)
FN:133,(anonymous_28)
FN:139,(anonymous_29)
FN:149,(anonymous_30)
FN:150,(anonymous_31)
FN:151,(anonymous_32)
FN:155,(anonymous_33)
FN:159,(anonymous_34)
FN:163,(anonymous_35)
FN:173,(anonymous_36)
FN:212,(anonymous_37)
FN:217,(anonymous_38)
FN:243,(anonymous_39)
FN:250,(anonymous_40)
FN:275,(anonymous_41)
FN:279,(anonymous_42)
FNF:43
FNH:41
FNDA:4,(anonymous_0)
FNDA:4,(anonymous_1)
FNDA:4,(anonymous_2)
FNDA:1,(anonymous_3)
FNDA:1,(anonymous_4)
FNDA:1,(anonymous_5)
FNDA:1,(anonymous_6)
FNDA:1,(anonymous_7)
FNDA:1,(anonymous_8)
FNDA:1,(anonymous_9)
FNDA:1,(anonymous_10)
FNDA:1,(anonymous_11)
FNDA:1,(anonymous_12)
FNDA:11,(anonymous_13)
FNDA:1,(anonymous_14)
FNDA:1,(anonymous_15)
FNDA:1,(anonymous_16)
FNDA:11,(anonymous_17)
FNDA:1,(anonymous_18)
FNDA:1,(anonymous_19)
FNDA:1,(anonymous_20)
FNDA:10,(anonymous_21)
FNDA:1,(anonymous_22)
FNDA:1,(anonymous_23)
FNDA:1,(anonymous_24)
FNDA:0,(anonymous_25)
FNDA:1,(anonymous_26)
FNDA:1,(anonymous_27)
FNDA:1,(anonymous_28)
FNDA:0,(anonymous_29)
FNDA:1,(anonymous_30)
FNDA:1,(anonymous_31)
FNDA:1,(anonymous_32)
FNDA:10,(anonymous_33)
FNDA:10,(anonymous_34)
FNDA:10,(anonymous_35)
FNDA:1,(anonymous_36)
FNDA:1,(anonymous_37)
FNDA:1,(anonymous_38)
FNDA:1,(anonymous_39)
FNDA:1,(anonymous_40)
FNDA:1,(anonymous_41)
FNDA:5,(anonymous_42)
DA:5,1
DA:7,1
DA:10,1
DA:11,4
DA:12,4
DA:13,4
DA:19,1
DA:20,1
DA:21,1
DA:22,1
DA:24,1
DA:32,1
DA:33,1
DA:34,1
DA:35,1
DA:40,1
DA:42,1
DA:48,1
DA:52,1
DA:53,1
DA:54,1
DA:55,11
DA:63,1
DA:69,1
DA:70,1
DA:71,1
DA:72,1
DA:73,11
DA:76,1
DA:82,1
DA:85,1
DA:86,1
DA:88,1
DA:90,1
DA:93,10
DA:109,1
DA:112,1
DA:113,1
DA:114,1
DA:115,1
DA:117,0
DA:120,0
DA:129,1
DA:132,1
DA:133,1
DA:134,1
DA:135,1
DA:137,0
DA:140,0
DA:149,1
DA:150,1
DA:151,1
DA:152,1
DA:156,10
DA:160,10
DA:164,10
DA:173,1
DA:174,1
DA:212,1
DA:213,1
DA:217,1
DA:223,1
DA:226,1
DA:228,1
DA:234,1
DA:243,1
DA:244,1
DA:250,1
DA:254,1
DA:263,1
DA:267,1
DA:275,1
DA:277,1
DA:280,5
DA:283,1
LF:75
LH:71
BRDA:55,0,0,1
BRDA:55,0,1,10
BRDA:93,1,0,10
BRDA:93,1,1,0
BRDA:93,1,2,0
BRDA:114,2,0,1
BRDA:114,2,1,0
BRDA:134,3,0,1
BRDA:134,3,1,0
BRDA:219,4,0,0
BRF:10
BRH:5
end_of_record
TN:
SF:src\services\riskService.js
FN:6,(anonymous_0)
FN:7,(anonymous_1)
FN:8,(anonymous_2)
FN:15,(anonymous_3)
FN:16,(anonymous_4)
FN:17,(anonymous_5)
FN:19,(anonymous_6)
FN:26,(anonymous_7)
FN:27,(anonymous_8)
FN:28,(anonymous_9)
FN:45,(anonymous_10)
FN:49,(anonymous_11)
FN:50,(anonymous_12)
FN:51,(anonymous_13)
FN:71,(anonymous_14)
FN:72,(anonymous_15)
FN:73,(anonymous_16)
FN:75,(anonymous_17)
FN:84,(anonymous_18)
FN:85,(anonymous_19)
FN:86,(anonymous_20)
FN:92,(anonymous_21)
FN:109,(anonymous_22)
FN:112,(anonymous_23)
FN:113,(anonymous_24)
FN:119,(anonymous_25)
FN:129,(anonymous_26)
FN:132,(anonymous_27)
FN:133,(anonymous_28)
FN:139,(anonymous_29)
FN:149,(anonymous_30)
FNF:31
FNH:29
FNDA:4,(anonymous_0)
FNDA:4,(anonymous_1)
FNDA:4,(anonymous_2)
FNDA:1,(anonymous_3)
FNDA:1,(anonymous_4)
FNDA:1,(anonymous_5)
FNDA:1,(anonymous_6)
FNDA:1,(anonymous_7)
FNDA:1,(anonymous_8)
FNDA:1,(anonymous_9)
FNDA:1,(anonymous_10)
FNDA:1,(anonymous_11)
FNDA:1,(anonymous_12)
FNDA:6,(anonymous_13)
FNDA:1,(anonymous_14)
FNDA:1,(anonymous_15)
FNDA:1,(anonymous_16)
FNDA:6,(anonymous_17)
FNDA:1,(anonymous_18)
FNDA:1,(anonymous_19)
FNDA:1,(anonymous_20)
FNDA:5,(anonymous_21)
FNDA:1,(anonymous_22)
FNDA:1,(anonymous_23)
FNDA:1,(anonymous_24)
FNDA:0,(anonymous_25)
FNDA:1,(anonymous_26)
FNDA:1,(anonymous_27)
FNDA:1,(anonymous_28)
FNDA:0,(anonymous_29)
FNDA:1,(anonymous_30)
DA:3,1
DA:6,1
DA:7,4
DA:8,4
DA:9,4
DA:15,1
DA:16,1
DA:17,1
DA:18,1
DA:19,1
DA:26,1
DA:27,1
DA:28,1
DA:29,1
DA:37,1
DA:39,1
DA:45,1
DA:49,1
DA:50,1
DA:51,1
DA:52,6
DA:65,1
DA:71,1
DA:72,1
DA:73,1
DA:74,1
DA:75,6
DA:78,1
DA:84,1
DA:85,1
DA:86,1
DA:88,1
DA:90,1
DA:93,5
DA:109,1
DA:112,1
DA:113,1
DA:114,1
DA:115,1
DA:117,0
DA:120,0
DA:129,1
DA:132,1
DA:133,1
DA:134,1
DA:135,1
DA:137,0
DA:140,0
DA:149,1
DA:150,1
LF:50
LH:46
BRDA:52,0,0,1
BRDA:52,0,1,5
BRDA:93,1,0,5
BRDA:93,1,1,0
BRDA:93,1,2,0
BRDA:114,2,0,1
BRDA:114,2,1,0
BRDA:134,3,0,1
BRDA:134,3,1,0
BRF:9
BRH:5
end_of_record
TN:
SF:src\services\settingService.js
FN:8,(anonymous_0)
FN:9,(anonymous_1)
FN:10,(anonymous_2)
FN:19,(anonymous_3)
FN:20,(anonymous_4)
FN:21,(anonymous_5)
FN:33,(anonymous_6)
FN:37,(anonymous_7)
FN:38,(anonymous_8)
FN:49,(anonymous_9)
FN:50,(anonymous_10)
FN:51,(anonymous_11)
FNF:12
FNH:12
FNDA:1,(anonymous_0)
FNDA:1,(anonymous_1)
FNDA:1,(anonymous_2)
FNDA:1,(anonymous_3)
FNDA:1,(anonymous_4)
FNDA:1,(anonymous_5)
FNDA:1,(anonymous_6)
FNDA:1,(anonymous_7)
FNDA:1,(anonymous_8)
FNDA:1,(anonymous_9)
FNDA:1,(anonymous_10)
FNDA:1,(anonymous_11)
DA:1,1
DA:8,1
DA:9,1
DA:10,1
DA:11,1
DA:19,1
DA:20,1
DA:21,1
DA:22,1
DA:27,1
DA:33,1
DA:37,1
DA:38,1
DA:39,1
DA:49,1
DA:50,1
DA:51,1
DA:52,1
DA:54,1
LF:19
LH:19
BRF:0
BRH:0
end_of_record
TN:
SF:src\services\vendorService.js
FN:6,(anonymous_0)
FN:7,(anonymous_1)
FN:8,(anonymous_2)
FN:15,(anonymous_3)
FN:16,(anonymous_4)
FN:17,(anonymous_5)
FN:20,(anonymous_6)
FN:28,(anonymous_7)
FN:29,(anonymous_8)
FN:30,(anonymous_9)
FN:44,(anonymous_10)
FN:48,(anonymous_11)
FN:49,(anonymous_12)
FN:50,(anonymous_13)
FN:65,(anonymous_14)
FN:66,(anonymous_15)
FN:67,(anonymous_16)
FN:69,(anonymous_17)
FN:78,(anonymous_18)
FN:79,(anonymous_19)
FN:80,(anonymous_20)
FN:86,(anonymous_21)
FN:106,(anonymous_22)
FN:109,(anonymous_23)
FN:110,(anonymous_24)
FN:116,(anonymous_25)
FN:126,(anonymous_26)
FN:127,(anonymous_27)
FN:128,(anonymous_28)
FN:134,(anonymous_29)
FN:144,(anonymous_30)
FNF:31
FNH:29
FNDA:4,(anonymous_0)
FNDA:4,(anonymous_1)
FNDA:4,(anonymous_2)
FNDA:1,(anonymous_3)
FNDA:1,(anonymous_4)
FNDA:1,(anonymous_5)
FNDA:1,(anonymous_6)
FNDA:1,(anonymous_7)
FNDA:1,(anonymous_8)
FNDA:1,(anonymous_9)
FNDA:1,(anonymous_10)
FNDA:1,(anonymous_11)
FNDA:1,(anonymous_12)
FNDA:6,(anonymous_13)
FNDA:1,(anonymous_14)
FNDA:1,(anonymous_15)
FNDA:1,(anonymous_16)
FNDA:6,(anonymous_17)
FNDA:1,(anonymous_18)
FNDA:1,(anonymous_19)
FNDA:1,(anonymous_20)
FNDA:5,(anonymous_21)
FNDA:1,(anonymous_22)
FNDA:1,(anonymous_23)
FNDA:1,(anonymous_24)
FNDA:0,(anonymous_25)
FNDA:1,(anonymous_26)
FNDA:1,(anonymous_27)
FNDA:1,(anonymous_28)
FNDA:0,(anonymous_29)
FNDA:1,(anonymous_30)
DA:3,1
DA:6,1
DA:7,4
DA:8,4
DA:9,4
DA:15,1
DA:16,1
DA:17,1
DA:18,1
DA:20,1
DA:28,1
DA:29,1
DA:30,1
DA:31,1
DA:36,1
DA:38,1
DA:44,1
DA:48,1
DA:49,1
DA:50,1
DA:51,6
DA:59,1
DA:65,1
DA:66,1
DA:67,1
DA:68,1
DA:69,6
DA:72,1
DA:78,1
DA:79,1
DA:80,1
DA:82,1
DA:84,1
DA:87,5
DA:106,1
DA:109,1
DA:110,1
DA:111,1
DA:112,1
DA:114,0
DA:117,0
DA:126,1
DA:127,1
DA:128,1
DA:129,1
DA:130,1
DA:132,0
DA:135,0
DA:144,1
DA:145,1
LF:50
LH:46
BRDA:51,0,0,1
BRDA:51,0,1,5
BRDA:87,1,0,5
BRDA:87,1,1,0
BRDA:87,1,2,0
BRDA:87,1,3,0
BRDA:111,2,0,1
BRDA:111,2,1,0
BRDA:129,3,0,1
BRDA:129,3,1,0
BRF:10
BRH:5
end_of_record
TN:
SF:src\services\api\apiClient.js
FN:24,(anonymous_0)
FN:42,(anonymous_1)
FN:54,(anonymous_2)
FN:60,(anonymous_3)
FNF:4
FNH:0
FNDA:0,(anonymous_0)
FNDA:0,(anonymous_1)
FNDA:0,(anonymous_2)
FNDA:0,(anonymous_3)
DA:3,0
DA:22,0
DA:27,0
DA:31,0
DA:33,0
DA:38,0
DA:44,0
DA:52,0
DA:56,0
DA:62,0
DA:66,0
DA:72,0
DA:76,0
DA:80,0
DA:84,0
DA:88,0
DA:92,0
DA:96,0
DA:100,0
DA:104,0
DA:110,0
DA:114,0
DA:120,0
DA:126,0
LF:24
LH:0
BRDA:31,0,0,0
BRDA:31,0,1,0
BRDA:62,1,0,0
BRDA:62,1,1,0
BRDA:66,2,0,0
BRDA:66,2,1,0
BRDA:66,2,2,0
BRDA:66,2,3,0
BRDA:66,2,4,0
BRDA:110,3,0,0
BRDA:110,3,1,0
BRF:11
BRH:0
end_of_record
TN:
SF:src\store\store.js
FN:11,(anonymous_0)
FN:13,(anonymous_1)
FN:16,(anonymous_2)
FN:19,(anonymous_3)
FN:47,(anonymous_4)
FNF:5
FNH:0
FNDA:0,(anonymous_0)
FNDA:0,(anonymous_1)
FNDA:0,(anonymous_2)
FNDA:0,(anonymous_3)
FNDA:0,(anonymous_4)
DA:11,0
DA:12,0
DA:14,0
DA:17,0
DA:20,0
DA:26,0
DA:30,0
DA:34,0
DA:40,0
DA:45,0
DA:48,0
DA:53,0
LF:12
LH:0
BRDA:26,0,0,0
BRDA:26,0,1,0
BRF:2
BRH:0
end_of_record
TN:
SF:src\store\slices\auditSlice.js
FN:18,(anonymous_0)
FN:28,(anonymous_1)
FN:39,(anonymous_2)
FN:46,(anonymous_3)
FN:55,(anonymous_4)
FN:62,(anonymous_5)
FNF:6
FNH:6
FNDA:1,(anonymous_0)
FNDA:1,(anonymous_1)
FNDA:1,(anonymous_2)
FNDA:1,(anonymous_3)
FNDA:1,(anonymous_4)
FNDA:1,(anonymous_5)
DA:5,1
DA:10,1
DA:23,1
DA:33,1
DA:44,1
DA:47,1
DA:60,1
DA:63,1
DA:84,1
LF:9
LH:9
BRDA:47,0,0,1
BRDA:47,0,1,0
BRF:2
BRH:1
end_of_record
TN:
SF:src\store\slices\authSlice.js
FN:14,(anonymous_0)
FN:19,(anonymous_1)
FNF:2
FNH:2
FNDA:1,(anonymous_0)
FNDA:1,(anonymous_1)
DA:3,3
DA:8,3
DA:15,1
DA:16,1
DA:20,1
DA:21,1
DA:29,3
LF:7
LH:7
BRF:0
BRH:0
end_of_record
TN:
SF:src\store\slices\complianceSlice.js
FN:18,(anonymous_0)
FN:28,(anonymous_1)
FN:39,(anonymous_2)
FN:46,(anonymous_3)
FN:55,(anonymous_4)
FN:62,(anonymous_5)
FNF:6
FNH:6
FNDA:1,(anonymous_0)
FNDA:1,(anonymous_1)
FNDA:1,(anonymous_2)
FNDA:1,(anonymous_3)
FNDA:1,(anonymous_4)
FNDA:1,(anonymous_5)
DA:5,1
DA:10,1
DA:23,1
DA:33,1
DA:44,1
DA:47,1
DA:60,1
DA:63,1
DA:84,1
LF:9
LH:9
BRDA:47,0,0,1
BRDA:47,0,1,0
BRF:2
BRH:1
end_of_record
TN:
SF:src\store\slices\dashboardSlice.js
FN:19,(anonymous_0)
FN:27,(anonymous_1)
FN:35,(anonymous_2)
FN:43,(anonymous_3)
FNF:4
FNH:4
FNDA:1,(anonymous_0)
FNDA:1,(anonymous_1)
FNDA:1,(anonymous_2)
FNDA:1,(anonymous_3)
DA:5,1
DA:12,1
DA:23,1
DA:31,1
DA:39,1
DA:46,1
DA:59,1
LF:7
LH:7
BRF:0
BRH:0
end_of_record
TN:
SF:src\store\slices\notificationSlice.js
FN:18,(anonymous_0)
FN:28,(anonymous_1)
FN:35,(anonymous_2)
FN:48,(anonymous_3)
FN:55,(anonymous_4)
FN:75,(anonymous_5)
FN:82,(anonymous_6)
FN:89,(anonymous_7)
FNF:8
FNH:8
FNDA:1,(anonymous_0)
FNDA:3,(anonymous_1)
FNDA:1,(anonymous_2)
FNDA:1,(anonymous_3)
FNDA:1,(anonymous_4)
FNDA:1,(anonymous_5)
FNDA:2,(anonymous_6)
FNDA:1,(anonymous_7)
DA:5,1
DA:11,1
DA:23,1
DA:26,1
DA:29,3
DA:40,1
DA:44,1
DA:54,1
DA:56,1
DA:60,1
DA:66,1
DA:69,1
DA:80,1
DA:83,2
DA:87,1
DA:90,1
DA:111,1
LF:17
LH:17
BRDA:60,0,0,1
BRDA:60,0,1,0
BRDA:61,1,0,1
BRDA:61,1,1,1
BRF:4
BRH:3
end_of_record
TN:
SF:src\store\slices\procurementSlice.js
FN:18,(anonymous_0)
FN:28,(anonymous_1)
FN:39,(anonymous_2)
FN:46,(anonymous_3)
FN:55,(anonymous_4)
FN:62,(anonymous_5)
FNF:6
FNH:6
FNDA:1,(anonymous_0)
FNDA:1,(anonymous_1)
FNDA:1,(anonymous_2)
FNDA:1,(anonymous_3)
FNDA:1,(anonymous_4)
FNDA:1,(anonymous_5)
DA:5,1
DA:10,1
DA:23,1
DA:33,1
DA:44,1
DA:47,1
DA:60,1
DA:63,1
DA:84,1
LF:9
LH:9
BRDA:47,0,0,1
BRDA:47,0,1,0
BRF:2
BRH:1
end_of_record
TN:
SF:src\store\slices\reportSlice.js
FN:18,(anonymous_0)
FN:28,(anonymous_1)
FN:39,(anonymous_2)
FN:46,(anonymous_3)
FN:55,(anonymous_4)
FN:62,(anonymous_5)
FNF:6
FNH:6
FNDA:1,(anonymous_0)
FNDA:1,(anonymous_1)
FNDA:1,(anonymous_2)
FNDA:1,(anonymous_3)
FNDA:1,(anonymous_4)
FNDA:2,(anonymous_5)
DA:5,1
DA:10,1
DA:23,1
DA:33,1
DA:44,1
DA:47,1
DA:60,1
DA:63,2
DA:84,1
LF:9
LH:9
BRDA:47,0,0,1
BRDA:47,0,1,0
BRF:2
BRH:1
end_of_record
TN:
SF:src\store\slices\riskSlice.js
FN:18,(anonymous_0)
FN:28,(anonymous_1)
FN:39,(anonymous_2)
FN:46,(anonymous_3)
FN:55,(anonymous_4)
FN:62,(anonymous_5)
FNF:6
FNH:6
FNDA:1,(anonymous_0)
FNDA:1,(anonymous_1)
FNDA:1,(anonymous_2)
FNDA:1,(anonymous_3)
FNDA:1,(anonymous_4)
FNDA:1,(anonymous_5)
DA:5,1
DA:10,1
DA:23,1
DA:33,1
DA:44,1
DA:47,1
DA:60,1
DA:63,1
DA:84,1
LF:9
LH:9
BRDA:47,0,0,1
BRDA:47,0,1,0
BRF:2
BRH:1
end_of_record
TN:
SF:src\store\slices\uiSlice.js
FN:20,(anonymous_0)
FN:32,(anonymous_1)
FN:41,(anonymous_2)
FNF:3
FNH:0
FNDA:0,(anonymous_0)
FNDA:0,(anonymous_1)
FNDA:0,(anonymous_2)
DA:5,0
DA:12,0
DA:24,0
DA:36,0
DA:46,0
DA:64,0
LF:6
LH:0
BRDA:25,0,0,0
BRDA:25,0,1,0
BRF:2
BRH:0
end_of_record
TN:
SF:src\store\slices\vendorsSlice.js
FN:18,(anonymous_0)
FN:28,(anonymous_1)
FN:39,(anonymous_2)
FN:46,(anonymous_3)
FN:55,(anonymous_4)
FN:62,(anonymous_5)
FNF:6
FNH:6
FNDA:1,(anonymous_0)
FNDA:1,(anonymous_1)
FNDA:1,(anonymous_2)
FNDA:1,(anonymous_3)
FNDA:1,(anonymous_4)
FNDA:1,(anonymous_5)
DA:5,1
DA:10,1
DA:23,1
DA:33,1
DA:44,1
DA:47,1
DA:60,1
DA:63,1
DA:84,1
LF:9
LH:9
BRDA:47,0,0,1
BRDA:47,0,1,0
BRF:2
BRH:1
end_of_record
TN:
SF:src\store\thunks\dashboardThunk.js
FN:14,(anonymous_0)
FNF:1
FNH:0
FNDA:0,(anonymous_0)
DA:10,0
DA:16,0
DA:19,0
DA:21,0
DA:25,0
LF:5
LH:0
BRF:0
BRH:0
end_of_record
TN:
SF:src\theme\theme.js
FN:3,(anonymous_0)
FNF:1
FNH:0
FNDA:0,(anonymous_0)
DA:3,0
DA:4,0
LF:2
LH:0
BRDA:34,0,0,0
BRDA:34,0,1,0
BRDA:39,1,0,0
BRDA:39,1,1,0
BRDA:46,2,0,0
BRDA:46,2,1,0
BRDA:51,3,0,0
BRDA:51,3,1,0
BRDA:237,4,0,0
BRDA:237,4,1,0
BRDA:242,5,0,0
BRDA:242,5,1,0
BRF:12
BRH:0
end_of_record
TN:
SF:src\utils\exportProcurement.js
FN:1,exportProcurementCSV
FN:13,(anonymous_1)
FNF:2
FNH:0
FNDA:0,exportProcurementCSV
FNDA:0,(anonymous_1)
DA:2,0
DA:11,0
DA:14,0
DA:25,0
DA:30,0
DA:33,0
DA:35,0
DA:37,0
DA:40,0
DA:42,0
LF:10
LH:0
BRF:0
BRH:0
end_of_record
TN:
SF:src\utils\helpers\validationSchema.js
FNF:0
FNH:0
DA:3,1
LF:1
LH:1
BRF:0
BRH:0
end_of_record
